{"D:\\chat-invitation\\src\\components\\Email.tsx": {"path":"D:\\chat-invitation\\src\\components\\Email.tsx","statementMap":{"0":{"start":{"line":17,"column":24},"end":{"line":184,"column":1}},"1":{"start":{"line":18,"column":21},"end":{"line":18,"column":41}},"2":{"start":{"line":19,"column":34},"end":{"line":22,"column":4}},"3":{"start":{"line":23,"column":30},"end":{"line":23,"column":67}},"4":{"start":{"line":24,"column":42},"end":{"line":24,"column":71}},"5":{"start":{"line":25,"column":32},"end":{"line":27,"column":3}},"6":{"start":{"line":29,"column":21},"end":{"line":29,"column":68}},"7":{"start":{"line":29,"column":35},"end":{"line":29,"column":63}},"8":{"start":{"line":30,"column":24},"end":{"line":38,"column":3}},"9":{"start":{"line":32,"column":6},"end":{"line":36,"column":12}},"10":{"start":{"line":39,"column":27},"end":{"line":47,"column":3}},"11":{"start":{"line":41,"column":6},"end":{"line":45,"column":12}},"12":{"start":{"line":49,"column":28},"end":{"line":56,"column":3}},"13":{"start":{"line":50,"column":4},"end":{"line":50,"column":57}},"14":{"start":{"line":50,"column":27},"end":{"line":50,"column":54}},"15":{"start":{"line":51,"column":4},"end":{"line":55,"column":5}},"16":{"start":{"line":53,"column":8},"end":{"line":53,"column":74}},"17":{"start":{"line":54,"column":6},"end":{"line":54,"column":57}},"18":{"start":{"line":54,"column":27},"end":{"line":54,"column":54}},"19":{"start":{"line":58,"column":22},"end":{"line":58,"column":71}},"20":{"start":{"line":58,"column":49},"end":{"line":58,"column":71}},"21":{"start":{"line":59,"column":21},"end":{"line":66,"column":3}},"22":{"start":{"line":60,"column":4},"end":{"line":60,"column":26}},"23":{"start":{"line":61,"column":4},"end":{"line":61,"column":55}},"24":{"start":{"line":61,"column":26},"end":{"line":61,"column":52}},"25":{"start":{"line":62,"column":18},"end":{"line":62,"column":33}},"26":{"start":{"line":64,"column":6},"end":{"line":64,"column":72}},"27":{"start":{"line":65,"column":4},"end":{"line":65,"column":55}},"28":{"start":{"line":65,"column":25},"end":{"line":65,"column":52}},"29":{"start":{"line":68,"column":23},"end":{"line":74,"column":3}},"30":{"start":{"line":69,"column":23},"end":{"line":69,"column":52}},"31":{"start":{"line":70,"column":26},"end":{"line":70,"column":61}},"32":{"start":{"line":71,"column":4},"end":{"line":71,"column":62}},"33":{"start":{"line":72,"column":4},"end":{"line":72,"column":48}},"34":{"start":{"line":73,"column":4},"end":{"line":73,"column":41}},"35":{"start":{"line":76,"column":22},"end":{"line":81,"column":3}},"36":{"start":{"line":77,"column":4},"end":{"line":80,"column":5}},"37":{"start":{"line":78,"column":6},"end":{"line":78,"column":46}},"38":{"start":{"line":79,"column":6},"end":{"line":79,"column":41}},"39":{"start":{"line":83,"column":29},"end":{"line":94,"column":3}},"40":{"start":{"line":84,"column":23},"end":{"line":84,"column":52}},"41":{"start":{"line":85,"column":4},"end":{"line":89,"column":5}},"42":{"start":{"line":86,"column":6},"end":{"line":86,"column":53}},"43":{"start":{"line":87,"column":6},"end":{"line":87,"column":51}},"44":{"start":{"line":88,"column":6},"end":{"line":88,"column":13}},"45":{"start":{"line":91,"column":4},"end":{"line":93,"column":7}},"46":{"start":{"line":96,"column":23},"end":{"line":98,"column":3}},"47":{"start":{"line":97,"column":4},"end":{"line":97,"column":54}},"48":{"start":{"line":100,"column":24},"end":{"line":104,"column":3}},"49":{"start":{"line":100,"column":51},"end":{"line":104,"column":3}},"50":{"start":{"line":107,"column":4},"end":{"line":107,"column":76}},"51":{"start":{"line":109,"column":23},"end":{"line":109,"column":54}},"52":{"start":{"line":111,"column":2},"end":{"line":183,"column":4}},"53":{"start":{"line":122,"column":29},"end":{"line":122,"column":58}},"54":{"start":{"line":123,"column":23},"end":{"line":123,"column":43}},"55":{"start":{"line":124,"column":22},"end":{"line":124,"column":41}},"56":{"start":{"line":139,"column":29},"end":{"line":139,"column":61}},"57":{"start":{"line":140,"column":23},"end":{"line":140,"column":46}},"58":{"start":{"line":141,"column":22},"end":{"line":141,"column":44}},"59":{"start":{"line":188,"column":15},"end":{"line":290,"column":2}}},"fnMap":{"0":{"name":"(anonymous_0)","decl":{"start":{"line":17,"column":24},"end":{"line":17,"column":25}},"loc":{"start":{"line":17,"column":30},"end":{"line":184,"column":1}},"line":17},"1":{"name":"(anonymous_1)","decl":{"start":{"line":29,"column":29},"end":{"line":29,"column":30}},"loc":{"start":{"line":29,"column":35},"end":{"line":29,"column":63}},"line":29},"2":{"name":"(anonymous_2)","decl":{"start":{"line":31,"column":4},"end":{"line":31,"column":5}},"loc":{"start":{"line":32,"column":6},"end":{"line":36,"column":12}},"line":32},"3":{"name":"(anonymous_3)","decl":{"start":{"line":40,"column":4},"end":{"line":40,"column":5}},"loc":{"start":{"line":41,"column":6},"end":{"line":45,"column":12}},"line":41},"4":{"name":"(anonymous_4)","decl":{"start":{"line":49,"column":28},"end":{"line":49,"column":29}},"loc":{"start":{"line":49,"column":70},"end":{"line":56,"column":3}},"line":49},"5":{"name":"(anonymous_5)","decl":{"start":{"line":50,"column":16},"end":{"line":50,"column":17}},"loc":{"start":{"line":50,"column":27},"end":{"line":50,"column":54}},"line":50},"6":{"name":"(anonymous_6)","decl":{"start":{"line":54,"column":16},"end":{"line":54,"column":17}},"loc":{"start":{"line":54,"column":27},"end":{"line":54,"column":54}},"line":54},"7":{"name":"(anonymous_7)","decl":{"start":{"line":58,"column":22},"end":{"line":58,"column":23}},"loc":{"start":{"line":58,"column":49},"end":{"line":58,"column":71}},"line":58},"8":{"name":"(anonymous_8)","decl":{"start":{"line":59,"column":21},"end":{"line":59,"column":22}},"loc":{"start":{"line":59,"column":48},"end":{"line":66,"column":3}},"line":59},"9":{"name":"(anonymous_9)","decl":{"start":{"line":61,"column":15},"end":{"line":61,"column":16}},"loc":{"start":{"line":61,"column":26},"end":{"line":61,"column":52}},"line":61},"10":{"name":"(anonymous_10)","decl":{"start":{"line":65,"column":14},"end":{"line":65,"column":15}},"loc":{"start":{"line":65,"column":25},"end":{"line":65,"column":52}},"line":65},"11":{"name":"(anonymous_11)","decl":{"start":{"line":68,"column":23},"end":{"line":68,"column":24}},"loc":{"start":{"line":68,"column":29},"end":{"line":74,"column":3}},"line":68},"12":{"name":"(anonymous_12)","decl":{"start":{"line":76,"column":22},"end":{"line":76,"column":23}},"loc":{"start":{"line":76,"column":28},"end":{"line":81,"column":3}},"line":76},"13":{"name":"(anonymous_13)","decl":{"start":{"line":83,"column":29},"end":{"line":83,"column":30}},"loc":{"start":{"line":83,"column":35},"end":{"line":94,"column":3}},"line":83},"14":{"name":"(anonymous_14)","decl":{"start":{"line":96,"column":23},"end":{"line":96,"column":24}},"loc":{"start":{"line":96,"column":29},"end":{"line":98,"column":3}},"line":96},"15":{"name":"(anonymous_15)","decl":{"start":{"line":100,"column":24},"end":{"line":100,"column":25}},"loc":{"start":{"line":100,"column":51},"end":{"line":104,"column":3}},"line":100},"16":{"name":"(anonymous_16)","decl":{"start":{"line":122,"column":22},"end":{"line":122,"column":23}},"loc":{"start":{"line":122,"column":29},"end":{"line":122,"column":58}},"line":122},"17":{"name":"(anonymous_17)","decl":{"start":{"line":123,"column":17},"end":{"line":123,"column":18}},"loc":{"start":{"line":123,"column":23},"end":{"line":123,"column":43}},"line":123},"18":{"name":"(anonymous_18)","decl":{"start":{"line":124,"column":16},"end":{"line":124,"column":17}},"loc":{"start":{"line":124,"column":22},"end":{"line":124,"column":41}},"line":124},"19":{"name":"(anonymous_19)","decl":{"start":{"line":139,"column":22},"end":{"line":139,"column":23}},"loc":{"start":{"line":139,"column":29},"end":{"line":139,"column":61}},"line":139},"20":{"name":"(anonymous_20)","decl":{"start":{"line":140,"column":17},"end":{"line":140,"column":18}},"loc":{"start":{"line":140,"column":23},"end":{"line":140,"column":46}},"line":140},"21":{"name":"(anonymous_21)","decl":{"start":{"line":141,"column":16},"end":{"line":141,"column":17}},"loc":{"start":{"line":141,"column":22},"end":{"line":141,"column":44}},"line":141}},"branchMap":{"0":{"loc":{"start":{"line":32,"column":6},"end":{"line":36,"column":12}},"type":"cond-expr","locations":[{"start":{"line":33,"column":10},"end":{"line":33,"column":29}},{"start":{"line":34,"column":10},"end":{"line":36,"column":12}}],"line":32},"1":{"loc":{"start":{"line":34,"column":10},"end":{"line":36,"column":12}},"type":"cond-expr","locations":[{"start":{"line":35,"column":10},"end":{"line":35,"column":46}},{"start":{"line":36,"column":10},"end":{"line":36,"column":12}}],"line":34},"2":{"loc":{"start":{"line":41,"column":6},"end":{"line":45,"column":12}},"type":"cond-expr","locations":[{"start":{"line":42,"column":10},"end":{"line":42,"column":32}},{"start":{"line":43,"column":10},"end":{"line":45,"column":12}}],"line":41},"3":{"loc":{"start":{"line":43,"column":10},"end":{"line":45,"column":12}},"type":"cond-expr","locations":[{"start":{"line":44,"column":10},"end":{"line":44,"column":50}},{"start":{"line":45,"column":10},"end":{"line":45,"column":12}}],"line":43},"4":{"loc":{"start":{"line":51,"column":4},"end":{"line":55,"column":5}},"type":"if","locations":[{"start":{"line":51,"column":4},"end":{"line":55,"column":5}},{"start":{},"end":{}}],"line":51},"5":{"loc":{"start":{"line":53,"column":8},"end":{"line":53,"column":74}},"type":"cond-expr","locations":[{"start":{"line":53,"column":28},"end":{"line":53,"column":48}},{"start":{"line":53,"column":51},"end":{"line":53,"column":74}}],"line":53},"6":{"loc":{"start":{"line":64,"column":6},"end":{"line":64,"column":72}},"type":"cond-expr","locations":[{"start":{"line":64,"column":26},"end":{"line":64,"column":46}},{"start":{"line":64,"column":49},"end":{"line":64,"column":72}}],"line":64},"7":{"loc":{"start":{"line":73,"column":11},"end":{"line":73,"column":40}},"type":"binary-expr","locations":[{"start":{"line":73,"column":11},"end":{"line":73,"column":22}},{"start":{"line":73,"column":26},"end":{"line":73,"column":40}}],"line":73},"8":{"loc":{"start":{"line":77,"column":4},"end":{"line":80,"column":5}},"type":"if","locations":[{"start":{"line":77,"column":4},"end":{"line":80,"column":5}},{"start":{},"end":{}}],"line":77},"9":{"loc":{"start":{"line":85,"column":4},"end":{"line":89,"column":5}},"type":"if","locations":[{"start":{"line":85,"column":4},"end":{"line":89,"column":5}},{"start":{},"end":{}}],"line":85},"10":{"loc":{"start":{"line":102,"column":4},"end":{"line":102,"column":49}},"type":"binary-expr","locations":[{"start":{"line":102,"column":4},"end":{"line":102,"column":26}},{"start":{"line":102,"column":30},"end":{"line":102,"column":49}}],"line":102},"11":{"loc":{"start":{"line":103,"column":4},"end":{"line":103,"column":56}},"type":"binary-expr","locations":[{"start":{"line":103,"column":4},"end":{"line":103,"column":17}},{"start":{"line":103,"column":21},"end":{"line":103,"column":35}},{"start":{"line":103,"column":39},"end":{"line":103,"column":56}}],"line":103},"12":{"loc":{"start":{"line":107,"column":4},"end":{"line":107,"column":76}},"type":"binary-expr","locations":[{"start":{"line":107,"column":4},"end":{"line":107,"column":17}},{"start":{"line":107,"column":21},"end":{"line":107,"column":37}},{"start":{"line":107,"column":41},"end":{"line":107,"column":55}},{"start":{"line":107,"column":59},"end":{"line":107,"column":76}}],"line":107},"13":{"loc":{"start":{"line":109,"column":23},"end":{"line":109,"column":54}},"type":"binary-expr","locations":[{"start":{"line":109,"column":23},"end":{"line":109,"column":36}},{"start":{"line":109,"column":40},"end":{"line":109,"column":54}}],"line":109},"14":{"loc":{"start":{"line":131,"column":7},"end":{"line":133,"column":7}},"type":"binary-expr","locations":[{"start":{"line":131,"column":7},"end":{"line":131,"column":19}},{"start":{"line":131,"column":23},"end":{"line":131,"column":36}},{"start":{"line":132,"column":8},"end":{"line":132,"column":60}}],"line":131},"15":{"loc":{"start":{"line":148,"column":7},"end":{"line":150,"column":7}},"type":"binary-expr","locations":[{"start":{"line":148,"column":7},"end":{"line":148,"column":22}},{"start":{"line":148,"column":26},"end":{"line":148,"column":42}},{"start":{"line":149,"column":8},"end":{"line":149,"column":63}}],"line":148},"16":{"loc":{"start":{"line":160,"column":36},"end":{"line":160,"column":73}},"type":"binary-expr","locations":[{"start":{"line":160,"column":36},"end":{"line":160,"column":48}},{"start":{"line":160,"column":52},"end":{"line":160,"column":73}}],"line":160},"17":{"loc":{"start":{"line":169,"column":34},"end":{"line":169,"column":72}},"type":"binary-expr","locations":[{"start":{"line":169,"column":34},"end":{"line":169,"column":47}},{"start":{"line":169,"column":51},"end":{"line":169,"column":72}}],"line":169}},"s":{"0":1,"1":19,"2":19,"3":19,"4":19,"5":19,"6":19,"7":8,"8":19,"9":5,"10":19,"11":3,"12":19,"13":6,"14":6,"15":6,"16":0,"17":0,"18":0,"19":19,"20":0,"21":19,"22":2,"23":2,"24":2,"25":2,"26":2,"27":2,"28":2,"29":19,"30":2,"31":2,"32":2,"33":2,"34":2,"35":19,"36":2,"37":1,"38":1,"39":19,"40":2,"41":2,"42":1,"43":1,"44":1,"45":1,"46":19,"47":1,"48":19,"49":38,"50":19,"51":19,"52":19,"53":4,"54":0,"55":1,"56":2,"57":0,"58":1,"59":1},"f":{"0":19,"1":8,"2":5,"3":3,"4":6,"5":6,"6":0,"7":0,"8":2,"9":2,"10":2,"11":2,"12":2,"13":2,"14":1,"15":38,"16":4,"17":0,"18":1,"19":2,"20":0,"21":1},"b":{"0":[1,4],"1":[2,2],"2":[1,2],"3":[0,2],"4":[0,6],"5":[0,0],"6":[1,1],"7":[2,1],"8":[1,1],"9":[1,1],"10":[38,0],"11":[38,5,5],"12":[19,15,15,7],"13":[19,15],"14":[19,4,4],"15":[19,1,1],"16":[19,16],"17":[19,12]},"_coverageSchema":"1a1c01bbd47fc00a2c39e90264f33305004495a9","hash":"f0a315d89f9147f07fb2eef284761941f8184f88"}
,"D:\\chat-invitation\\src\\components\\Mobile.tsx": {"path":"D:\\chat-invitation\\src\\components\\Mobile.tsx","statementMap":{"0":{"start":{"line":16,"column":25},"end":{"line":100,"column":1}},"1":{"start":{"line":17,"column":30},"end":{"line":17,"column":42}},"2":{"start":{"line":18,"column":42},"end":{"line":18,"column":54}},"3":{"start":{"line":19,"column":38},"end":{"line":19,"column":50}},"4":{"start":{"line":20,"column":40},"end":{"line":20,"column":52}},"5":{"start":{"line":21,"column":34},"end":{"line":21,"column":46}},"6":{"start":{"line":22,"column":38},"end":{"line":22,"column":53}},"7":{"start":{"line":23,"column":21},"end":{"line":23,"column":74}},"8":{"start":{"line":25,"column":24},"end":{"line":36,"column":3}},"9":{"start":{"line":26,"column":4},"end":{"line":29,"column":5}},"10":{"start":{"line":27,"column":6},"end":{"line":27,"column":61}},"11":{"start":{"line":28,"column":6},"end":{"line":28,"column":13}},"12":{"start":{"line":30,"column":16},"end":{"line":30,"column":31}},"13":{"start":{"line":31,"column":4},"end":{"line":31,"column":25}},"14":{"start":{"line":32,"column":4},"end":{"line":32,"column":23}},"15":{"start":{"line":33,"column":4},"end":{"line":33,"column":20}},"16":{"start":{"line":34,"column":4},"end":{"line":34,"column":24}},"17":{"start":{"line":35,"column":4},"end":{"line":35,"column":50}},"18":{"start":{"line":38,"column":23},"end":{"line":49,"column":3}},"19":{"start":{"line":39,"column":4},"end":{"line":42,"column":5}},"20":{"start":{"line":40,"column":6},"end":{"line":40,"column":48}},"21":{"start":{"line":41,"column":6},"end":{"line":41,"column":13}},"22":{"start":{"line":43,"column":4},"end":{"line":48,"column":5}},"23":{"start":{"line":44,"column":6},"end":{"line":44,"column":22}},"24":{"start":{"line":45,"column":6},"end":{"line":45,"column":41}},"25":{"start":{"line":47,"column":6},"end":{"line":47,"column":52}},"26":{"start":{"line":51,"column":2},"end":{"line":99,"column":4}},"27":{"start":{"line":63,"column":12},"end":{"line":63,"column":28}},"28":{"start":{"line":64,"column":12},"end":{"line":64,"column":31}},"29":{"start":{"line":83,"column":16},"end":{"line":83,"column":36}},"30":{"start":{"line":84,"column":16},"end":{"line":84,"column":32}},"31":{"start":{"line":104,"column":15},"end":{"line":170,"column":2}}},"fnMap":{"0":{"name":"(anonymous_0)","decl":{"start":{"line":16,"column":25},"end":{"line":16,"column":26}},"loc":{"start":{"line":16,"column":31},"end":{"line":100,"column":1}},"line":16},"1":{"name":"(anonymous_1)","decl":{"start":{"line":25,"column":24},"end":{"line":25,"column":25}},"loc":{"start":{"line":25,"column":30},"end":{"line":36,"column":3}},"line":25},"2":{"name":"(anonymous_2)","decl":{"start":{"line":38,"column":23},"end":{"line":38,"column":24}},"loc":{"start":{"line":38,"column":29},"end":{"line":49,"column":3}},"line":38},"3":{"name":"(anonymous_3)","decl":{"start":{"line":62,"column":24},"end":{"line":62,"column":25}},"loc":{"start":{"line":62,"column":34},"end":{"line":65,"column":11}},"line":62},"4":{"name":"(anonymous_4)","decl":{"start":{"line":82,"column":28},"end":{"line":82,"column":29}},"loc":{"start":{"line":82,"column":38},"end":{"line":85,"column":15}},"line":82}},"branchMap":{"0":{"loc":{"start":{"line":26,"column":4},"end":{"line":29,"column":5}},"type":"if","locations":[{"start":{"line":26,"column":4},"end":{"line":29,"column":5}},{"start":{},"end":{}}],"line":26},"1":{"loc":{"start":{"line":39,"column":4},"end":{"line":42,"column":5}},"type":"if","locations":[{"start":{"line":39,"column":4},"end":{"line":42,"column":5}},{"start":{},"end":{}}],"line":39},"2":{"loc":{"start":{"line":43,"column":4},"end":{"line":48,"column":5}},"type":"if","locations":[{"start":{"line":43,"column":4},"end":{"line":48,"column":5}},{"start":{"line":46,"column":11},"end":{"line":48,"column":5}}],"line":43},"3":{"loc":{"start":{"line":68,"column":9},"end":{"line":68,"column":77}},"type":"cond-expr","locations":[{"start":{"line":68,"column":23},"end":{"line":68,"column":70}},{"start":{"line":68,"column":73},"end":{"line":68,"column":77}}],"line":68},"4":{"loc":{"start":{"line":74,"column":9},"end":{"line":96,"column":9}},"type":"binary-expr","locations":[{"start":{"line":74,"column":9},"end":{"line":74,"column":19}},{"start":{"line":75,"column":10},"end":{"line":95,"column":13}}],"line":74},"5":{"loc":{"start":{"line":87,"column":13},"end":{"line":87,"column":75}},"type":"cond-expr","locations":[{"start":{"line":87,"column":24},"end":{"line":87,"column":68}},{"start":{"line":87,"column":71},"end":{"line":87,"column":75}}],"line":87}},"s":{"0":1,"1":17,"2":17,"3":17,"4":17,"5":17,"6":17,"7":17,"8":17,"9":4,"10":1,"11":1,"12":3,"13":3,"14":3,"15":3,"16":3,"17":3,"18":17,"19":2,"20":0,"21":0,"22":2,"23":1,"24":1,"25":1,"26":17,"27":4,"28":4,"29":2,"30":2,"31":1},"f":{"0":17,"1":4,"2":2,"3":4,"4":2},"b":{"0":[1,3],"1":[0,2],"2":[1,1],"3":[1,16],"4":[17,7],"5":[1,6]},"_coverageSchema":"1a1c01bbd47fc00a2c39e90264f33305004495a9","hash":"4b50ba084eb3fef54b8cf93c8881524c6a0e55fd"}
,"D:\\chat-invitation\\src\\components\\OtpGeneration.tsx": {"path":"D:\\chat-invitation\\src\\components\\OtpGeneration.tsx","statementMap":{"0":{"start":{"line":2,"column":29},"end":{"line":4,"column":1}},"1":{"start":{"line":3,"column":4},"end":{"line":3,"column":62}}},"fnMap":{"0":{"name":"(anonymous_0)","decl":{"start":{"line":2,"column":29},"end":{"line":2,"column":30}},"loc":{"start":{"line":2,"column":42},"end":{"line":4,"column":1}},"line":2}},"branchMap":{},"s":{"0":1,"1":4},"f":{"0":4},"b":{},"_coverageSchema":"1a1c01bbd47fc00a2c39e90264f33305004495a9","hash":"4b9985a8698ad414f57a3f588adf9fff6385b6bc"}
,"D:\\chat-invitation\\src\\components\\contacts\\ContactCard.tsx": {"path":"D:\\chat-invitation\\src\\components\\contacts\\ContactCard.tsx","statementMap":{"0":{"start":{"line":16,"column":37},"end":{"line":54,"column":1}},"1":{"start":{"line":25,"column":2},"end":{"line":53,"column":4}},"2":{"start":{"line":58,"column":15},"end":{"line":104,"column":2}}},"fnMap":{"0":{"name":"(anonymous_0)","decl":{"start":{"line":16,"column":37},"end":{"line":16,"column":38}},"loc":{"start":{"line":24,"column":6},"end":{"line":54,"column":1}},"line":24}},"branchMap":{"0":{"loc":{"start":{"line":20,"column":2},"end":{"line":20,"column":20}},"type":"default-arg","locations":[{"start":{"line":20,"column":15},"end":{"line":20,"column":20}}],"line":20},"1":{"loc":{"start":{"line":27,"column":27},"end":{"line":27,"column":56}},"type":"binary-expr","locations":[{"start":{"line":27,"column":27},"end":{"line":27,"column":37}},{"start":{"line":27,"column":41},"end":{"line":27,"column":56}}],"line":27},"2":{"loc":{"start":{"line":32,"column":7},"end":{"line":36,"column":7}},"type":"binary-expr","locations":[{"start":{"line":32,"column":7},"end":{"line":32,"column":22}},{"start":{"line":33,"column":8},"end":{"line":35,"column":15}}],"line":32},"3":{"loc":{"start":{"line":33,"column":39},"end":{"line":33,"column":76}},"type":"binary-expr","locations":[{"start":{"line":33,"column":39},"end":{"line":33,"column":49}},{"start":{"line":33,"column":53},"end":{"line":33,"column":76}}],"line":33},"4":{"loc":{"start":{"line":34,"column":11},"end":{"line":34,"column":64}},"type":"binary-expr","locations":[{"start":{"line":34,"column":11},"end":{"line":34,"column":21}},{"start":{"line":34,"column":25},"end":{"line":34,"column":64}}],"line":34},"5":{"loc":{"start":{"line":38,"column":7},"end":{"line":46,"column":7}},"type":"cond-expr","locations":[{"start":{"line":39,"column":8},"end":{"line":39,"column":66}},{"start":{"line":41,"column":8},"end":{"line":45,"column":15}}],"line":38},"6":{"loc":{"start":{"line":43,"column":14},"end":{"line":43,"column":28}},"type":"binary-expr","locations":[{"start":{"line":43,"column":14},"end":{"line":43,"column":21}},{"start":{"line":43,"column":25},"end":{"line":43,"column":28}}],"line":43},"7":{"loc":{"start":{"line":49,"column":35},"end":{"line":49,"column":52}},"type":"binary-expr","locations":[{"start":{"line":49,"column":35},"end":{"line":49,"column":39}},{"start":{"line":49,"column":43},"end":{"line":49,"column":52}}],"line":49},"8":{"loc":{"start":{"line":50,"column":9},"end":{"line":50,"column":59}},"type":"binary-expr","locations":[{"start":{"line":50,"column":9},"end":{"line":50,"column":14}},{"start":{"line":50,"column":18},"end":{"line":50,"column":59}}],"line":50}},"s":{"0":2,"1":12,"2":2},"f":{"0":12},"b":{"0":[3],"1":[12,2],"2":[12,3],"3":[3,2],"4":[3,2],"5":[0,12],"6":[12,0],"7":[12,0],"8":[12,12]},"_coverageSchema":"1a1c01bbd47fc00a2c39e90264f33305004495a9","hash":"65d86909b8fa3e28bd318a325572a88d6d288928"}
,"D:\\chat-invitation\\src\\components\\contacts\\ContactList.tsx": {"path":"D:\\chat-invitation\\src\\components\\contacts\\ContactList.tsx","statementMap":{"0":{"start":{"line":22,"column":37},"end":{"line":51,"column":1}},"1":{"start":{"line":29,"column":2},"end":{"line":50,"column":4}},"2":{"start":{"line":32,"column":30},"end":{"line":32,"column":37}},"3":{"start":{"line":34,"column":8},"end":{"line":43,"column":10}},"4":{"start":{"line":41,"column":25},"end":{"line":41,"column":45}},"5":{"start":{"line":42,"column":29},"end":{"line":42,"column":53}},"6":{"start":{"line":55,"column":15},"end":{"line":63,"column":2}}},"fnMap":{"0":{"name":"(anonymous_0)","decl":{"start":{"line":22,"column":37},"end":{"line":22,"column":38}},"loc":{"start":{"line":28,"column":6},"end":{"line":51,"column":1}},"line":28},"1":{"name":"(anonymous_1)","decl":{"start":{"line":32,"column":20},"end":{"line":32,"column":21}},"loc":{"start":{"line":32,"column":30},"end":{"line":32,"column":37}},"line":32},"2":{"name":"(anonymous_2)","decl":{"start":{"line":33,"column":18},"end":{"line":33,"column":19}},"loc":{"start":{"line":34,"column":8},"end":{"line":43,"column":10}},"line":34},"3":{"name":"(anonymous_3)","decl":{"start":{"line":41,"column":19},"end":{"line":41,"column":20}},"loc":{"start":{"line":41,"column":25},"end":{"line":41,"column":45}},"line":41},"4":{"name":"(anonymous_4)","decl":{"start":{"line":42,"column":23},"end":{"line":42,"column":24}},"loc":{"start":{"line":42,"column":29},"end":{"line":42,"column":53}},"line":42}},"branchMap":{"0":{"loc":{"start":{"line":36,"column":16},"end":{"line":36,"column":38}},"type":"binary-expr","locations":[{"start":{"line":36,"column":16},"end":{"line":36,"column":25}},{"start":{"line":36,"column":29},"end":{"line":36,"column":38}}],"line":36},"1":{"loc":{"start":{"line":38,"column":20},"end":{"line":38,"column":69}},"type":"cond-expr","locations":[{"start":{"line":38,"column":42},"end":{"line":38,"column":57}},{"start":{"line":38,"column":60},"end":{"line":38,"column":69}}],"line":38}},"s":{"0":1,"1":5,"2":12,"3":8,"4":1,"5":1,"6":1},"f":{"0":5,"1":12,"2":8,"3":1,"4":1},"b":{"0":[8,0],"1":[0,8]},"_coverageSchema":"1a1c01bbd47fc00a2c39e90264f33305004495a9","hash":"961ffb501fd38b01cb68f0b5d96141e60e360e25"}
,"D:\\chat-invitation\\src\\components\\contacts\\ContactPermission.tsx": {"path":"D:\\chat-invitation\\src\\components\\contacts\\ContactPermission.tsx","statementMap":{"0":{"start":{"line":10,"column":43},"end":{"line":19,"column":1}},"1":{"start":{"line":11,"column":2},"end":{"line":18,"column":4}},"2":{"start":{"line":23,"column":15},"end":{"line":49,"column":2}}},"fnMap":{"0":{"name":"(anonymous_0)","decl":{"start":{"line":10,"column":43},"end":{"line":10,"column":44}},"loc":{"start":{"line":10,"column":67},"end":{"line":19,"column":1}},"line":10}},"branchMap":{"0":{"loc":{"start":{"line":13,"column":38},"end":{"line":13,"column":68}},"type":"binary-expr","locations":[{"start":{"line":13,"column":38},"end":{"line":13,"column":43}},{"start":{"line":13,"column":47},"end":{"line":13,"column":68}}],"line":13}},"s":{"0":1,"1":3,"2":1},"f":{"0":3},"b":{"0":[3,2]},"_coverageSchema":"1a1c01bbd47fc00a2c39e90264f33305004495a9","hash":"953b46759923bd295f90b99a6dbf754e02de7fab"}
,"D:\\chat-invitation\\src\\components\\contacts\\ContactSearch.tsx": {"path":"D:\\chat-invitation\\src\\components\\contacts\\ContactSearch.tsx","statementMap":{"0":{"start":{"line":10,"column":39},"end":{"line":20,"column":1}},"1":{"start":{"line":11,"column":2},"end":{"line":19,"column":4}},"2":{"start":{"line":24,"column":15},"end":{"line":32,"column":2}}},"fnMap":{"0":{"name":"(anonymous_0)","decl":{"start":{"line":10,"column":39},"end":{"line":10,"column":40}},"loc":{"start":{"line":10,"column":64},"end":{"line":20,"column":1}},"line":10}},"branchMap":{},"s":{"0":1,"1":2,"2":1},"f":{"0":2},"b":{},"_coverageSchema":"1a1c01bbd47fc00a2c39e90264f33305004495a9","hash":"e491e74b7a9010bd053ae37ad10a84d0bd2eb9ad"}
}
