{"D:\\chat-invitation\\src\\images.d.ts": {"path":"D:\\chat-invitation\\src\\images.d.ts","statementMap":{},"fnMap":{},"branchMap":{},"s":{},"f":{},"b":{}}
,"D:\\chat-invitation\\src\\components\\Email.tsx": {"path":"D:\\chat-invitation\\src\\components\\Email.tsx","statementMap":{"0":{"start":{"line":17,"column":24},"end":{"line":184,"column":1}},"1":{"start":{"line":18,"column":21},"end":{"line":18,"column":41}},"2":{"start":{"line":19,"column":34},"end":{"line":22,"column":4}},"3":{"start":{"line":23,"column":30},"end":{"line":23,"column":67}},"4":{"start":{"line":24,"column":42},"end":{"line":24,"column":71}},"5":{"start":{"line":25,"column":32},"end":{"line":27,"column":3}},"6":{"start":{"line":29,"column":21},"end":{"line":29,"column":68}},"7":{"start":{"line":29,"column":35},"end":{"line":29,"column":63}},"8":{"start":{"line":30,"column":24},"end":{"line":38,"column":3}},"9":{"start":{"line":32,"column":6},"end":{"line":36,"column":12}},"10":{"start":{"line":39,"column":27},"end":{"line":47,"column":3}},"11":{"start":{"line":41,"column":6},"end":{"line":45,"column":12}},"12":{"start":{"line":49,"column":28},"end":{"line":56,"column":3}},"13":{"start":{"line":50,"column":4},"end":{"line":50,"column":57}},"14":{"start":{"line":50,"column":27},"end":{"line":50,"column":54}},"15":{"start":{"line":51,"column":4},"end":{"line":55,"column":5}},"16":{"start":{"line":53,"column":8},"end":{"line":53,"column":74}},"17":{"start":{"line":54,"column":6},"end":{"line":54,"column":57}},"18":{"start":{"line":54,"column":27},"end":{"line":54,"column":54}},"19":{"start":{"line":58,"column":22},"end":{"line":58,"column":71}},"20":{"start":{"line":58,"column":49},"end":{"line":58,"column":71}},"21":{"start":{"line":59,"column":21},"end":{"line":66,"column":3}},"22":{"start":{"line":60,"column":4},"end":{"line":60,"column":26}},"23":{"start":{"line":61,"column":4},"end":{"line":61,"column":55}},"24":{"start":{"line":61,"column":26},"end":{"line":61,"column":52}},"25":{"start":{"line":62,"column":18},"end":{"line":62,"column":33}},"26":{"start":{"line":64,"column":6},"end":{"line":64,"column":72}},"27":{"start":{"line":65,"column":4},"end":{"line":65,"column":55}},"28":{"start":{"line":65,"column":25},"end":{"line":65,"column":52}},"29":{"start":{"line":68,"column":23},"end":{"line":74,"column":3}},"30":{"start":{"line":69,"column":23},"end":{"line":69,"column":52}},"31":{"start":{"line":70,"column":26},"end":{"line":70,"column":61}},"32":{"start":{"line":71,"column":4},"end":{"line":71,"column":62}},"33":{"start":{"line":72,"column":4},"end":{"line":72,"column":48}},"34":{"start":{"line":73,"column":4},"end":{"line":73,"column":41}},"35":{"start":{"line":76,"column":22},"end":{"line":81,"column":3}},"36":{"start":{"line":77,"column":4},"end":{"line":80,"column":5}},"37":{"start":{"line":78,"column":6},"end":{"line":78,"column":46}},"38":{"start":{"line":79,"column":6},"end":{"line":79,"column":41}},"39":{"start":{"line":83,"column":29},"end":{"line":94,"column":3}},"40":{"start":{"line":84,"column":23},"end":{"line":84,"column":52}},"41":{"start":{"line":85,"column":4},"end":{"line":89,"column":5}},"42":{"start":{"line":86,"column":6},"end":{"line":86,"column":53}},"43":{"start":{"line":87,"column":6},"end":{"line":87,"column":51}},"44":{"start":{"line":88,"column":6},"end":{"line":88,"column":13}},"45":{"start":{"line":91,"column":4},"end":{"line":93,"column":7}},"46":{"start":{"line":96,"column":23},"end":{"line":98,"column":3}},"47":{"start":{"line":97,"column":4},"end":{"line":97,"column":54}},"48":{"start":{"line":100,"column":24},"end":{"line":104,"column":3}},"49":{"start":{"line":100,"column":51},"end":{"line":104,"column":3}},"50":{"start":{"line":107,"column":4},"end":{"line":107,"column":76}},"51":{"start":{"line":109,"column":23},"end":{"line":109,"column":54}},"52":{"start":{"line":111,"column":2},"end":{"line":183,"column":4}},"53":{"start":{"line":122,"column":29},"end":{"line":122,"column":58}},"54":{"start":{"line":123,"column":23},"end":{"line":123,"column":43}},"55":{"start":{"line":124,"column":22},"end":{"line":124,"column":41}},"56":{"start":{"line":139,"column":29},"end":{"line":139,"column":61}},"57":{"start":{"line":140,"column":23},"end":{"line":140,"column":46}},"58":{"start":{"line":141,"column":22},"end":{"line":141,"column":44}},"59":{"start":{"line":188,"column":15},"end":{"line":290,"column":2}}},"fnMap":{"0":{"name":"(anonymous_0)","decl":{"start":{"line":17,"column":24},"end":{"line":17,"column":25}},"loc":{"start":{"line":17,"column":30},"end":{"line":184,"column":1}},"line":17},"1":{"name":"(anonymous_1)","decl":{"start":{"line":29,"column":29},"end":{"line":29,"column":30}},"loc":{"start":{"line":29,"column":35},"end":{"line":29,"column":63}},"line":29},"2":{"name":"(anonymous_2)","decl":{"start":{"line":31,"column":4},"end":{"line":31,"column":5}},"loc":{"start":{"line":32,"column":6},"end":{"line":36,"column":12}},"line":32},"3":{"name":"(anonymous_3)","decl":{"start":{"line":40,"column":4},"end":{"line":40,"column":5}},"loc":{"start":{"line":41,"column":6},"end":{"line":45,"column":12}},"line":41},"4":{"name":"(anonymous_4)","decl":{"start":{"line":49,"column":28},"end":{"line":49,"column":29}},"loc":{"start":{"line":49,"column":70},"end":{"line":56,"column":3}},"line":49},"5":{"name":"(anonymous_5)","decl":{"start":{"line":50,"column":16},"end":{"line":50,"column":17}},"loc":{"start":{"line":50,"column":27},"end":{"line":50,"column":54}},"line":50},"6":{"name":"(anonymous_6)","decl":{"start":{"line":54,"column":16},"end":{"line":54,"column":17}},"loc":{"start":{"line":54,"column":27},"end":{"line":54,"column":54}},"line":54},"7":{"name":"(anonymous_7)","decl":{"start":{"line":58,"column":22},"end":{"line":58,"column":23}},"loc":{"start":{"line":58,"column":49},"end":{"line":58,"column":71}},"line":58},"8":{"name":"(anonymous_8)","decl":{"start":{"line":59,"column":21},"end":{"line":59,"column":22}},"loc":{"start":{"line":59,"column":48},"end":{"line":66,"column":3}},"line":59},"9":{"name":"(anonymous_9)","decl":{"start":{"line":61,"column":15},"end":{"line":61,"column":16}},"loc":{"start":{"line":61,"column":26},"end":{"line":61,"column":52}},"line":61},"10":{"name":"(anonymous_10)","decl":{"start":{"line":65,"column":14},"end":{"line":65,"column":15}},"loc":{"start":{"line":65,"column":25},"end":{"line":65,"column":52}},"line":65},"11":{"name":"(anonymous_11)","decl":{"start":{"line":68,"column":23},"end":{"line":68,"column":24}},"loc":{"start":{"line":68,"column":29},"end":{"line":74,"column":3}},"line":68},"12":{"name":"(anonymous_12)","decl":{"start":{"line":76,"column":22},"end":{"line":76,"column":23}},"loc":{"start":{"line":76,"column":28},"end":{"line":81,"column":3}},"line":76},"13":{"name":"(anonymous_13)","decl":{"start":{"line":83,"column":29},"end":{"line":83,"column":30}},"loc":{"start":{"line":83,"column":35},"end":{"line":94,"column":3}},"line":83},"14":{"name":"(anonymous_14)","decl":{"start":{"line":96,"column":23},"end":{"line":96,"column":24}},"loc":{"start":{"line":96,"column":29},"end":{"line":98,"column":3}},"line":96},"15":{"name":"(anonymous_15)","decl":{"start":{"line":100,"column":24},"end":{"line":100,"column":25}},"loc":{"start":{"line":100,"column":51},"end":{"line":104,"column":3}},"line":100},"16":{"name":"(anonymous_16)","decl":{"start":{"line":122,"column":22},"end":{"line":122,"column":23}},"loc":{"start":{"line":122,"column":29},"end":{"line":122,"column":58}},"line":122},"17":{"name":"(anonymous_17)","decl":{"start":{"line":123,"column":17},"end":{"line":123,"column":18}},"loc":{"start":{"line":123,"column":23},"end":{"line":123,"column":43}},"line":123},"18":{"name":"(anonymous_18)","decl":{"start":{"line":124,"column":16},"end":{"line":124,"column":17}},"loc":{"start":{"line":124,"column":22},"end":{"line":124,"column":41}},"line":124},"19":{"name":"(anonymous_19)","decl":{"start":{"line":139,"column":22},"end":{"line":139,"column":23}},"loc":{"start":{"line":139,"column":29},"end":{"line":139,"column":61}},"line":139},"20":{"name":"(anonymous_20)","decl":{"start":{"line":140,"column":17},"end":{"line":140,"column":18}},"loc":{"start":{"line":140,"column":23},"end":{"line":140,"column":46}},"line":140},"21":{"name":"(anonymous_21)","decl":{"start":{"line":141,"column":16},"end":{"line":141,"column":17}},"loc":{"start":{"line":141,"column":22},"end":{"line":141,"column":44}},"line":141}},"branchMap":{"0":{"loc":{"start":{"line":32,"column":6},"end":{"line":36,"column":12}},"type":"cond-expr","locations":[{"start":{"line":33,"column":10},"end":{"line":33,"column":29}},{"start":{"line":34,"column":10},"end":{"line":36,"column":12}}],"line":32},"1":{"loc":{"start":{"line":34,"column":10},"end":{"line":36,"column":12}},"type":"cond-expr","locations":[{"start":{"line":35,"column":10},"end":{"line":35,"column":46}},{"start":{"line":36,"column":10},"end":{"line":36,"column":12}}],"line":34},"2":{"loc":{"start":{"line":41,"column":6},"end":{"line":45,"column":12}},"type":"cond-expr","locations":[{"start":{"line":42,"column":10},"end":{"line":42,"column":32}},{"start":{"line":43,"column":10},"end":{"line":45,"column":12}}],"line":41},"3":{"loc":{"start":{"line":43,"column":10},"end":{"line":45,"column":12}},"type":"cond-expr","locations":[{"start":{"line":44,"column":10},"end":{"line":44,"column":50}},{"start":{"line":45,"column":10},"end":{"line":45,"column":12}}],"line":43},"4":{"loc":{"start":{"line":51,"column":4},"end":{"line":55,"column":5}},"type":"if","locations":[{"start":{"line":51,"column":4},"end":{"line":55,"column":5}},{"start":{},"end":{}}],"line":51},"5":{"loc":{"start":{"line":53,"column":8},"end":{"line":53,"column":74}},"type":"cond-expr","locations":[{"start":{"line":53,"column":28},"end":{"line":53,"column":48}},{"start":{"line":53,"column":51},"end":{"line":53,"column":74}}],"line":53},"6":{"loc":{"start":{"line":64,"column":6},"end":{"line":64,"column":72}},"type":"cond-expr","locations":[{"start":{"line":64,"column":26},"end":{"line":64,"column":46}},{"start":{"line":64,"column":49},"end":{"line":64,"column":72}}],"line":64},"7":{"loc":{"start":{"line":73,"column":11},"end":{"line":73,"column":40}},"type":"binary-expr","locations":[{"start":{"line":73,"column":11},"end":{"line":73,"column":22}},{"start":{"line":73,"column":26},"end":{"line":73,"column":40}}],"line":73},"8":{"loc":{"start":{"line":77,"column":4},"end":{"line":80,"column":5}},"type":"if","locations":[{"start":{"line":77,"column":4},"end":{"line":80,"column":5}},{"start":{},"end":{}}],"line":77},"9":{"loc":{"start":{"line":85,"column":4},"end":{"line":89,"column":5}},"type":"if","locations":[{"start":{"line":85,"column":4},"end":{"line":89,"column":5}},{"start":{},"end":{}}],"line":85},"10":{"loc":{"start":{"line":102,"column":4},"end":{"line":102,"column":49}},"type":"binary-expr","locations":[{"start":{"line":102,"column":4},"end":{"line":102,"column":26}},{"start":{"line":102,"column":30},"end":{"line":102,"column":49}}],"line":102},"11":{"loc":{"start":{"line":103,"column":4},"end":{"line":103,"column":56}},"type":"binary-expr","locations":[{"start":{"line":103,"column":4},"end":{"line":103,"column":17}},{"start":{"line":103,"column":21},"end":{"line":103,"column":35}},{"start":{"line":103,"column":39},"end":{"line":103,"column":56}}],"line":103},"12":{"loc":{"start":{"line":107,"column":4},"end":{"line":107,"column":76}},"type":"binary-expr","locations":[{"start":{"line":107,"column":4},"end":{"line":107,"column":17}},{"start":{"line":107,"column":21},"end":{"line":107,"column":37}},{"start":{"line":107,"column":41},"end":{"line":107,"column":55}},{"start":{"line":107,"column":59},"end":{"line":107,"column":76}}],"line":107},"13":{"loc":{"start":{"line":109,"column":23},"end":{"line":109,"column":54}},"type":"binary-expr","locations":[{"start":{"line":109,"column":23},"end":{"line":109,"column":36}},{"start":{"line":109,"column":40},"end":{"line":109,"column":54}}],"line":109},"14":{"loc":{"start":{"line":131,"column":7},"end":{"line":133,"column":7}},"type":"binary-expr","locations":[{"start":{"line":131,"column":7},"end":{"line":131,"column":19}},{"start":{"line":131,"column":23},"end":{"line":131,"column":36}},{"start":{"line":132,"column":8},"end":{"line":132,"column":60}}],"line":131},"15":{"loc":{"start":{"line":148,"column":7},"end":{"line":150,"column":7}},"type":"binary-expr","locations":[{"start":{"line":148,"column":7},"end":{"line":148,"column":22}},{"start":{"line":148,"column":26},"end":{"line":148,"column":42}},{"start":{"line":149,"column":8},"end":{"line":149,"column":63}}],"line":148},"16":{"loc":{"start":{"line":160,"column":36},"end":{"line":160,"column":73}},"type":"binary-expr","locations":[{"start":{"line":160,"column":36},"end":{"line":160,"column":48}},{"start":{"line":160,"column":52},"end":{"line":160,"column":73}}],"line":160},"17":{"loc":{"start":{"line":169,"column":34},"end":{"line":169,"column":72}},"type":"binary-expr","locations":[{"start":{"line":169,"column":34},"end":{"line":169,"column":47}},{"start":{"line":169,"column":51},"end":{"line":169,"column":72}}],"line":169}},"s":{"0":1,"1":19,"2":19,"3":19,"4":19,"5":19,"6":19,"7":8,"8":19,"9":5,"10":19,"11":3,"12":19,"13":6,"14":6,"15":6,"16":0,"17":0,"18":0,"19":19,"20":0,"21":19,"22":2,"23":2,"24":2,"25":2,"26":2,"27":2,"28":2,"29":19,"30":2,"31":2,"32":2,"33":2,"34":2,"35":19,"36":2,"37":1,"38":1,"39":19,"40":2,"41":2,"42":1,"43":1,"44":1,"45":1,"46":19,"47":1,"48":19,"49":38,"50":19,"51":19,"52":19,"53":4,"54":0,"55":1,"56":2,"57":0,"58":1,"59":1},"f":{"0":19,"1":8,"2":5,"3":3,"4":6,"5":6,"6":0,"7":0,"8":2,"9":2,"10":2,"11":2,"12":2,"13":2,"14":1,"15":38,"16":4,"17":0,"18":1,"19":2,"20":0,"21":1},"b":{"0":[1,4],"1":[2,2],"2":[1,2],"3":[0,2],"4":[0,6],"5":[0,0],"6":[1,1],"7":[2,1],"8":[1,1],"9":[1,1],"10":[38,0],"11":[38,5,5],"12":[19,15,15,7],"13":[19,15],"14":[19,4,4],"15":[19,1,1],"16":[19,16],"17":[19,12]},"_coverageSchema":"1a1c01bbd47fc00a2c39e90264f33305004495a9","hash":"f0a315d89f9147f07fb2eef284761941f8184f88"}
,"D:\\chat-invitation\\src\\components\\Mobile.tsx": {"path":"D:\\chat-invitation\\src\\components\\Mobile.tsx","statementMap":{"0":{"start":{"line":16,"column":25},"end":{"line":100,"column":1}},"1":{"start":{"line":17,"column":30},"end":{"line":17,"column":42}},"2":{"start":{"line":18,"column":42},"end":{"line":18,"column":54}},"3":{"start":{"line":19,"column":38},"end":{"line":19,"column":50}},"4":{"start":{"line":20,"column":40},"end":{"line":20,"column":52}},"5":{"start":{"line":21,"column":34},"end":{"line":21,"column":46}},"6":{"start":{"line":22,"column":38},"end":{"line":22,"column":53}},"7":{"start":{"line":23,"column":21},"end":{"line":23,"column":74}},"8":{"start":{"line":25,"column":24},"end":{"line":36,"column":3}},"9":{"start":{"line":26,"column":4},"end":{"line":29,"column":5}},"10":{"start":{"line":27,"column":6},"end":{"line":27,"column":61}},"11":{"start":{"line":28,"column":6},"end":{"line":28,"column":13}},"12":{"start":{"line":30,"column":16},"end":{"line":30,"column":31}},"13":{"start":{"line":31,"column":4},"end":{"line":31,"column":25}},"14":{"start":{"line":32,"column":4},"end":{"line":32,"column":23}},"15":{"start":{"line":33,"column":4},"end":{"line":33,"column":20}},"16":{"start":{"line":34,"column":4},"end":{"line":34,"column":24}},"17":{"start":{"line":35,"column":4},"end":{"line":35,"column":50}},"18":{"start":{"line":38,"column":23},"end":{"line":49,"column":3}},"19":{"start":{"line":39,"column":4},"end":{"line":42,"column":5}},"20":{"start":{"line":40,"column":6},"end":{"line":40,"column":48}},"21":{"start":{"line":41,"column":6},"end":{"line":41,"column":13}},"22":{"start":{"line":43,"column":4},"end":{"line":48,"column":5}},"23":{"start":{"line":44,"column":6},"end":{"line":44,"column":22}},"24":{"start":{"line":45,"column":6},"end":{"line":45,"column":41}},"25":{"start":{"line":47,"column":6},"end":{"line":47,"column":52}},"26":{"start":{"line":51,"column":2},"end":{"line":99,"column":4}},"27":{"start":{"line":63,"column":12},"end":{"line":63,"column":28}},"28":{"start":{"line":64,"column":12},"end":{"line":64,"column":31}},"29":{"start":{"line":83,"column":16},"end":{"line":83,"column":36}},"30":{"start":{"line":84,"column":16},"end":{"line":84,"column":32}},"31":{"start":{"line":104,"column":15},"end":{"line":170,"column":2}}},"fnMap":{"0":{"name":"(anonymous_0)","decl":{"start":{"line":16,"column":25},"end":{"line":16,"column":26}},"loc":{"start":{"line":16,"column":31},"end":{"line":100,"column":1}},"line":16},"1":{"name":"(anonymous_1)","decl":{"start":{"line":25,"column":24},"end":{"line":25,"column":25}},"loc":{"start":{"line":25,"column":30},"end":{"line":36,"column":3}},"line":25},"2":{"name":"(anonymous_2)","decl":{"start":{"line":38,"column":23},"end":{"line":38,"column":24}},"loc":{"start":{"line":38,"column":29},"end":{"line":49,"column":3}},"line":38},"3":{"name":"(anonymous_3)","decl":{"start":{"line":62,"column":24},"end":{"line":62,"column":25}},"loc":{"start":{"line":62,"column":34},"end":{"line":65,"column":11}},"line":62},"4":{"name":"(anonymous_4)","decl":{"start":{"line":82,"column":28},"end":{"line":82,"column":29}},"loc":{"start":{"line":82,"column":38},"end":{"line":85,"column":15}},"line":82}},"branchMap":{"0":{"loc":{"start":{"line":26,"column":4},"end":{"line":29,"column":5}},"type":"if","locations":[{"start":{"line":26,"column":4},"end":{"line":29,"column":5}},{"start":{},"end":{}}],"line":26},"1":{"loc":{"start":{"line":39,"column":4},"end":{"line":42,"column":5}},"type":"if","locations":[{"start":{"line":39,"column":4},"end":{"line":42,"column":5}},{"start":{},"end":{}}],"line":39},"2":{"loc":{"start":{"line":43,"column":4},"end":{"line":48,"column":5}},"type":"if","locations":[{"start":{"line":43,"column":4},"end":{"line":48,"column":5}},{"start":{"line":46,"column":11},"end":{"line":48,"column":5}}],"line":43},"3":{"loc":{"start":{"line":68,"column":9},"end":{"line":68,"column":77}},"type":"cond-expr","locations":[{"start":{"line":68,"column":23},"end":{"line":68,"column":70}},{"start":{"line":68,"column":73},"end":{"line":68,"column":77}}],"line":68},"4":{"loc":{"start":{"line":74,"column":9},"end":{"line":96,"column":9}},"type":"binary-expr","locations":[{"start":{"line":74,"column":9},"end":{"line":74,"column":19}},{"start":{"line":75,"column":10},"end":{"line":95,"column":13}}],"line":74},"5":{"loc":{"start":{"line":87,"column":13},"end":{"line":87,"column":75}},"type":"cond-expr","locations":[{"start":{"line":87,"column":24},"end":{"line":87,"column":68}},{"start":{"line":87,"column":71},"end":{"line":87,"column":75}}],"line":87}},"s":{"0":1,"1":17,"2":17,"3":17,"4":17,"5":17,"6":17,"7":17,"8":17,"9":4,"10":1,"11":1,"12":3,"13":3,"14":3,"15":3,"16":3,"17":3,"18":17,"19":2,"20":0,"21":0,"22":2,"23":1,"24":1,"25":1,"26":17,"27":4,"28":4,"29":2,"30":2,"31":1},"f":{"0":17,"1":4,"2":2,"3":4,"4":2},"b":{"0":[1,3],"1":[0,2],"2":[1,1],"3":[1,16],"4":[17,7],"5":[1,6]},"_coverageSchema":"1a1c01bbd47fc00a2c39e90264f33305004495a9","hash":"4b50ba084eb3fef54b8cf93c8881524c6a0e55fd"}
,"D:\\chat-invitation\\src\\components\\OtpGeneration.tsx": {"path":"D:\\chat-invitation\\src\\components\\OtpGeneration.tsx","statementMap":{"0":{"start":{"line":2,"column":29},"end":{"line":4,"column":1}},"1":{"start":{"line":3,"column":4},"end":{"line":3,"column":62}}},"fnMap":{"0":{"name":"(anonymous_0)","decl":{"start":{"line":2,"column":29},"end":{"line":2,"column":30}},"loc":{"start":{"line":2,"column":42},"end":{"line":4,"column":1}},"line":2}},"branchMap":{},"s":{"0":1,"1":4},"f":{"0":4},"b":{},"_coverageSchema":"1a1c01bbd47fc00a2c39e90264f33305004495a9","hash":"4b9985a8698ad414f57a3f588adf9fff6385b6bc"}
,"D:\\chat-invitation\\src\\components\\contacts\\ContactCard.tsx": {"path":"D:\\chat-invitation\\src\\components\\contacts\\ContactCard.tsx","statementMap":{"0":{"start":{"line":16,"column":37},"end":{"line":54,"column":1}},"1":{"start":{"line":25,"column":2},"end":{"line":53,"column":4}},"2":{"start":{"line":58,"column":15},"end":{"line":104,"column":2}}},"fnMap":{"0":{"name":"(anonymous_0)","decl":{"start":{"line":16,"column":37},"end":{"line":16,"column":38}},"loc":{"start":{"line":24,"column":6},"end":{"line":54,"column":1}},"line":24}},"branchMap":{"0":{"loc":{"start":{"line":20,"column":2},"end":{"line":20,"column":20}},"type":"default-arg","locations":[{"start":{"line":20,"column":15},"end":{"line":20,"column":20}}],"line":20},"1":{"loc":{"start":{"line":27,"column":27},"end":{"line":27,"column":56}},"type":"binary-expr","locations":[{"start":{"line":27,"column":27},"end":{"line":27,"column":37}},{"start":{"line":27,"column":41},"end":{"line":27,"column":56}}],"line":27},"2":{"loc":{"start":{"line":32,"column":7},"end":{"line":36,"column":7}},"type":"binary-expr","locations":[{"start":{"line":32,"column":7},"end":{"line":32,"column":22}},{"start":{"line":33,"column":8},"end":{"line":35,"column":15}}],"line":32},"3":{"loc":{"start":{"line":33,"column":39},"end":{"line":33,"column":76}},"type":"binary-expr","locations":[{"start":{"line":33,"column":39},"end":{"line":33,"column":49}},{"start":{"line":33,"column":53},"end":{"line":33,"column":76}}],"line":33},"4":{"loc":{"start":{"line":34,"column":11},"end":{"line":34,"column":64}},"type":"binary-expr","locations":[{"start":{"line":34,"column":11},"end":{"line":34,"column":21}},{"start":{"line":34,"column":25},"end":{"line":34,"column":64}}],"line":34},"5":{"loc":{"start":{"line":38,"column":7},"end":{"line":46,"column":7}},"type":"cond-expr","locations":[{"start":{"line":39,"column":8},"end":{"line":39,"column":66}},{"start":{"line":41,"column":8},"end":{"line":45,"column":15}}],"line":38},"6":{"loc":{"start":{"line":43,"column":14},"end":{"line":43,"column":28}},"type":"binary-expr","locations":[{"start":{"line":43,"column":14},"end":{"line":43,"column":21}},{"start":{"line":43,"column":25},"end":{"line":43,"column":28}}],"line":43},"7":{"loc":{"start":{"line":49,"column":35},"end":{"line":49,"column":52}},"type":"binary-expr","locations":[{"start":{"line":49,"column":35},"end":{"line":49,"column":39}},{"start":{"line":49,"column":43},"end":{"line":49,"column":52}}],"line":49},"8":{"loc":{"start":{"line":50,"column":9},"end":{"line":50,"column":59}},"type":"binary-expr","locations":[{"start":{"line":50,"column":9},"end":{"line":50,"column":14}},{"start":{"line":50,"column":18},"end":{"line":50,"column":59}}],"line":50}},"s":{"0":3,"1":29,"2":3},"f":{"0":29},"b":{"0":[3],"1":[29,7],"2":[29,9],"3":[9,7],"4":[9,7],"5":[0,29],"6":[29,0],"7":[29,0],"8":[29,29]},"_coverageSchema":"1a1c01bbd47fc00a2c39e90264f33305004495a9","hash":"65d86909b8fa3e28bd318a325572a88d6d288928"}
,"D:\\chat-invitation\\src\\components\\contacts\\ContactList.tsx": {"path":"D:\\chat-invitation\\src\\components\\contacts\\ContactList.tsx","statementMap":{"0":{"start":{"line":22,"column":37},"end":{"line":51,"column":1}},"1":{"start":{"line":29,"column":2},"end":{"line":50,"column":4}},"2":{"start":{"line":32,"column":30},"end":{"line":32,"column":37}},"3":{"start":{"line":34,"column":8},"end":{"line":43,"column":10}},"4":{"start":{"line":41,"column":25},"end":{"line":41,"column":45}},"5":{"start":{"line":42,"column":29},"end":{"line":42,"column":53}},"6":{"start":{"line":55,"column":15},"end":{"line":63,"column":2}}},"fnMap":{"0":{"name":"(anonymous_0)","decl":{"start":{"line":22,"column":37},"end":{"line":22,"column":38}},"loc":{"start":{"line":28,"column":6},"end":{"line":51,"column":1}},"line":28},"1":{"name":"(anonymous_1)","decl":{"start":{"line":32,"column":20},"end":{"line":32,"column":21}},"loc":{"start":{"line":32,"column":30},"end":{"line":32,"column":37}},"line":32},"2":{"name":"(anonymous_2)","decl":{"start":{"line":33,"column":18},"end":{"line":33,"column":19}},"loc":{"start":{"line":34,"column":8},"end":{"line":43,"column":10}},"line":34},"3":{"name":"(anonymous_3)","decl":{"start":{"line":41,"column":19},"end":{"line":41,"column":20}},"loc":{"start":{"line":41,"column":25},"end":{"line":41,"column":45}},"line":41},"4":{"name":"(anonymous_4)","decl":{"start":{"line":42,"column":23},"end":{"line":42,"column":24}},"loc":{"start":{"line":42,"column":29},"end":{"line":42,"column":53}},"line":42}},"branchMap":{"0":{"loc":{"start":{"line":36,"column":16},"end":{"line":36,"column":38}},"type":"binary-expr","locations":[{"start":{"line":36,"column":16},"end":{"line":36,"column":25}},{"start":{"line":36,"column":29},"end":{"line":36,"column":38}}],"line":36},"1":{"loc":{"start":{"line":38,"column":20},"end":{"line":38,"column":69}},"type":"cond-expr","locations":[{"start":{"line":38,"column":42},"end":{"line":38,"column":57}},{"start":{"line":38,"column":60},"end":{"line":38,"column":69}}],"line":38}},"s":{"0":2,"1":27,"2":35,"3":25,"4":2,"5":4,"6":2},"f":{"0":27,"1":35,"2":25,"3":2,"4":4},"b":{"0":[25,0],"1":[0,25]},"_coverageSchema":"1a1c01bbd47fc00a2c39e90264f33305004495a9","hash":"961ffb501fd38b01cb68f0b5d96141e60e360e25"}
,"D:\\chat-invitation\\src\\components\\contacts\\ContactPermission.tsx": {"path":"D:\\chat-invitation\\src\\components\\contacts\\ContactPermission.tsx","statementMap":{"0":{"start":{"line":10,"column":43},"end":{"line":19,"column":1}},"1":{"start":{"line":11,"column":2},"end":{"line":18,"column":4}},"2":{"start":{"line":23,"column":15},"end":{"line":49,"column":2}}},"fnMap":{"0":{"name":"(anonymous_0)","decl":{"start":{"line":10,"column":43},"end":{"line":10,"column":44}},"loc":{"start":{"line":10,"column":67},"end":{"line":19,"column":1}},"line":10}},"branchMap":{"0":{"loc":{"start":{"line":13,"column":38},"end":{"line":13,"column":68}},"type":"binary-expr","locations":[{"start":{"line":13,"column":38},"end":{"line":13,"column":43}},{"start":{"line":13,"column":47},"end":{"line":13,"column":68}}],"line":13}},"s":{"0":2,"1":4,"2":2},"f":{"0":4},"b":{"0":[4,2]},"_coverageSchema":"1a1c01bbd47fc00a2c39e90264f33305004495a9","hash":"953b46759923bd295f90b99a6dbf754e02de7fab"}
,"D:\\chat-invitation\\src\\components\\contacts\\ContactSearch.tsx": {"path":"D:\\chat-invitation\\src\\components\\contacts\\ContactSearch.tsx","statementMap":{"0":{"start":{"line":10,"column":39},"end":{"line":20,"column":1}},"1":{"start":{"line":11,"column":2},"end":{"line":19,"column":4}},"2":{"start":{"line":24,"column":15},"end":{"line":32,"column":2}}},"fnMap":{"0":{"name":"(anonymous_0)","decl":{"start":{"line":10,"column":39},"end":{"line":10,"column":40}},"loc":{"start":{"line":10,"column":64},"end":{"line":20,"column":1}},"line":10}},"branchMap":{},"s":{"0":2,"1":24,"2":2},"f":{"0":24},"b":{},"_coverageSchema":"1a1c01bbd47fc00a2c39e90264f33305004495a9","hash":"e491e74b7a9010bd053ae37ad10a84d0bd2eb9ad"}
,"D:\\chat-invitation\\src\\navigation\\RootStackNavigation.tsx": {"path":"D:\\chat-invitation\\src\\navigation\\RootStackNavigation.tsx","statementMap":{"0":{"start":{"line":46,"column":14},"end":{"line":46,"column":53}},"1":{"start":{"line":48,"column":38},"end":{"line":86,"column":1}},"2":{"start":{"line":49,"column":2},"end":{"line":85,"column":4}},"3":{"start":{"line":88,"column":15},"end":{"line":93,"column":2}}},"fnMap":{"0":{"name":"(anonymous_0)","decl":{"start":{"line":48,"column":38},"end":{"line":48,"column":39}},"loc":{"start":{"line":48,"column":44},"end":{"line":86,"column":1}},"line":48}},"branchMap":{},"s":{"0":1,"1":1,"2":12,"3":1},"f":{"0":12},"b":{},"_coverageSchema":"1a1c01bbd47fc00a2c39e90264f33305004495a9","hash":"bc615d35e4382df753d00aa5cb50f7abcfc5c079"}
,"D:\\chat-invitation\\src\\screens\\ContactHome.tsx": {"path":"D:\\chat-invitation\\src\\screens\\ContactHome.tsx","statementMap":{"0":{"start":{"line":36,"column":30},"end":{"line":217,"column":1}},"1":{"start":{"line":37,"column":21},"end":{"line":37,"column":74}},"2":{"start":{"line":38,"column":34},"end":{"line":38,"column":57}},"3":{"start":{"line":39,"column":32},"end":{"line":39,"column":47}},"4":{"start":{"line":40,"column":50},"end":{"line":42,"column":15}},"5":{"start":{"line":43,"column":28},"end":{"line":43,"column":57}},"6":{"start":{"line":45,"column":40},"end":{"line":45,"column":52}},"7":{"start":{"line":46,"column":50},"end":{"line":48,"column":3}},"8":{"start":{"line":49,"column":48},"end":{"line":49,"column":63}},"9":{"start":{"line":51,"column":23},"end":{"line":75,"column":8}},"10":{"start":{"line":52,"column":4},"end":{"line":52,"column":38}},"11":{"start":{"line":53,"column":4},"end":{"line":74,"column":5}},"12":{"start":{"line":54,"column":25},"end":{"line":54,"column":69}},"13":{"start":{"line":55,"column":6},"end":{"line":59,"column":7}},"14":{"start":{"line":56,"column":8},"end":{"line":56,"column":38}},"15":{"start":{"line":57,"column":8},"end":{"line":57,"column":53}},"16":{"start":{"line":58,"column":8},"end":{"line":58,"column":15}},"17":{"start":{"line":60,"column":6},"end":{"line":60,"column":23}},"18":{"start":{"line":61,"column":23},"end":{"line":63,"column":8}},"19":{"start":{"line":64,"column":21},"end":{"line":66,"column":67}},"20":{"start":{"line":65,"column":23},"end":{"line":65,"column":27}},"21":{"start":{"line":66,"column":24},"end":{"line":66,"column":66}},"22":{"start":{"line":67,"column":6},"end":{"line":67,"column":39}},"23":{"start":{"line":68,"column":6},"end":{"line":68,"column":37}},"24":{"start":{"line":69,"column":6},"end":{"line":69,"column":24}},"25":{"start":{"line":71,"column":6},"end":{"line":71,"column":36}},"26":{"start":{"line":72,"column":6},"end":{"line":72,"column":42}},"27":{"start":{"line":73,"column":6},"end":{"line":73,"column":24}},"28":{"start":{"line":77,"column":2},"end":{"line":79,"column":21}},"29":{"start":{"line":78,"column":4},"end":{"line":78,"column":19}},"30":{"start":{"line":81,"column":27},"end":{"line":99,"column":29}},"31":{"start":{"line":82,"column":16},"end":{"line":82,"column":34}},"32":{"start":{"line":83,"column":4},"end":{"line":83,"column":30}},"33":{"start":{"line":83,"column":14},"end":{"line":83,"column":30}},"34":{"start":{"line":85,"column":14},"end":{"line":85,"column":31}},"35":{"start":{"line":86,"column":20},"end":{"line":86,"column":42}},"36":{"start":{"line":87,"column":22},"end":{"line":87,"column":40}},"37":{"start":{"line":89,"column":4},"end":{"line":98,"column":7}},"38":{"start":{"line":90,"column":24},"end":{"line":90,"column":64}},"39":{"start":{"line":91,"column":23},"end":{"line":91,"column":28}},"40":{"start":{"line":92,"column":6},"end":{"line":96,"column":7}},"41":{"start":{"line":93,"column":8},"end":{"line":95,"column":10}},"42":{"start":{"line":94,"column":10},"end":{"line":94,"column":63}},"43":{"start":{"line":97,"column":6},"end":{"line":97,"column":37}},"44":{"start":{"line":101,"column":33},"end":{"line":107,"column":8}},"45":{"start":{"line":102,"column":4},"end":{"line":106,"column":7}},"46":{"start":{"line":103,"column":19},"end":{"line":103,"column":32}},"47":{"start":{"line":104,"column":6},"end":{"line":104,"column":52}},"48":{"start":{"line":105,"column":6},"end":{"line":105,"column":18}},"49":{"start":{"line":109,"column":29},"end":{"line":121,"column":3}},"50":{"start":{"line":111,"column":6},"end":{"line":111,"column":69}},"51":{"start":{"line":111,"column":27},"end":{"line":111,"column":69}},"52":{"start":{"line":112,"column":6},"end":{"line":118,"column":8}},"53":{"start":{"line":123,"column":33},"end":{"line":129,"column":3}},"54":{"start":{"line":125,"column":6},"end":{"line":125,"column":53}},"55":{"start":{"line":125,"column":28},"end":{"line":125,"column":53}},"56":{"start":{"line":126,"column":6},"end":{"line":126,"column":41}},"57":{"start":{"line":131,"column":23},"end":{"line":158,"column":46}},"58":{"start":{"line":132,"column":40},"end":{"line":143,"column":43}},"59":{"start":{"line":134,"column":18},"end":{"line":134,"column":51}},"60":{"start":{"line":134,"column":39},"end":{"line":134,"column":50}},"61":{"start":{"line":135,"column":8},"end":{"line":141,"column":17}},"62":{"start":{"line":145,"column":4},"end":{"line":146,"column":79}},"63":{"start":{"line":146,"column":6},"end":{"line":146,"column":79}},"64":{"start":{"line":148,"column":4},"end":{"line":153,"column":5}},"65":{"start":{"line":149,"column":6},"end":{"line":149,"column":79}},"66":{"start":{"line":150,"column":6},"end":{"line":150,"column":47}},"67":{"start":{"line":152,"column":6},"end":{"line":152,"column":50}},"68":{"start":{"line":155,"column":4},"end":{"line":155,"column":49}},"69":{"start":{"line":156,"column":4},"end":{"line":156,"column":35}},"70":{"start":{"line":157,"column":4},"end":{"line":157,"column":30}},"71":{"start":{"line":160,"column":2},"end":{"line":167,"column":3}},"72":{"start":{"line":161,"column":4},"end":{"line":166,"column":6}},"73":{"start":{"line":169,"column":2},"end":{"line":171,"column":3}},"74":{"start":{"line":170,"column":4},"end":{"line":170,"column":70}},"75":{"start":{"line":173,"column":2},"end":{"line":216,"column":4}},"76":{"start":{"line":181,"column":14},"end":{"line":181,"column":40}},"77":{"start":{"line":182,"column":14},"end":{"line":182,"column":45}},"78":{"start":{"line":221,"column":15},"end":{"line":278,"column":2}}},"fnMap":{"0":{"name":"(anonymous_0)","decl":{"start":{"line":36,"column":30},"end":{"line":36,"column":31}},"loc":{"start":{"line":36,"column":36},"end":{"line":217,"column":1}},"line":36},"1":{"name":"(anonymous_1)","decl":{"start":{"line":51,"column":35},"end":{"line":51,"column":36}},"loc":{"start":{"line":51,"column":47},"end":{"line":75,"column":3}},"line":51},"2":{"name":"(anonymous_2)","decl":{"start":{"line":65,"column":16},"end":{"line":65,"column":17}},"loc":{"start":{"line":65,"column":23},"end":{"line":65,"column":27}},"line":65},"3":{"name":"(anonymous_3)","decl":{"start":{"line":66,"column":14},"end":{"line":66,"column":15}},"loc":{"start":{"line":66,"column":24},"end":{"line":66,"column":66}},"line":66},"4":{"name":"(anonymous_4)","decl":{"start":{"line":77,"column":12},"end":{"line":77,"column":13}},"loc":{"start":{"line":77,"column":18},"end":{"line":79,"column":3}},"line":77},"5":{"name":"(anonymous_5)","decl":{"start":{"line":81,"column":35},"end":{"line":81,"column":36}},"loc":{"start":{"line":81,"column":41},"end":{"line":99,"column":3}},"line":81},"6":{"name":"(anonymous_6)","decl":{"start":{"line":89,"column":27},"end":{"line":89,"column":28}},"loc":{"start":{"line":89,"column":34},"end":{"line":98,"column":5}},"line":89},"7":{"name":"(anonymous_7)","decl":{"start":{"line":93,"column":41},"end":{"line":93,"column":42}},"loc":{"start":{"line":94,"column":10},"end":{"line":94,"column":63}},"line":94},"8":{"name":"(anonymous_8)","decl":{"start":{"line":101,"column":45},"end":{"line":101,"column":46}},"loc":{"start":{"line":101,"column":61},"end":{"line":107,"column":3}},"line":101},"9":{"name":"(anonymous_9)","decl":{"start":{"line":102,"column":24},"end":{"line":102,"column":25}},"loc":{"start":{"line":102,"column":34},"end":{"line":106,"column":5}},"line":102},"10":{"name":"(anonymous_10)","decl":{"start":{"line":110,"column":4},"end":{"line":110,"column":5}},"loc":{"start":{"line":110,"column":26},"end":{"line":119,"column":5}},"line":110},"11":{"name":"(anonymous_11)","decl":{"start":{"line":124,"column":4},"end":{"line":124,"column":5}},"loc":{"start":{"line":124,"column":26},"end":{"line":127,"column":5}},"line":124},"12":{"name":"(anonymous_12)","decl":{"start":{"line":131,"column":35},"end":{"line":131,"column":36}},"loc":{"start":{"line":131,"column":47},"end":{"line":158,"column":3}},"line":131},"13":{"name":"(anonymous_13)","decl":{"start":{"line":133,"column":11},"end":{"line":133,"column":12}},"loc":{"start":{"line":133,"column":19},"end":{"line":142,"column":7}},"line":133},"14":{"name":"(anonymous_14)","decl":{"start":{"line":134,"column":32},"end":{"line":134,"column":33}},"loc":{"start":{"line":134,"column":39},"end":{"line":134,"column":50}},"line":134},"15":{"name":"(anonymous_15)","decl":{"start":{"line":180,"column":21},"end":{"line":180,"column":22}},"loc":{"start":{"line":180,"column":27},"end":{"line":183,"column":13}},"line":180}},"branchMap":{"0":{"loc":{"start":{"line":55,"column":6},"end":{"line":59,"column":7}},"type":"if","locations":[{"start":{"line":55,"column":6},"end":{"line":59,"column":7}},{"start":{},"end":{}}],"line":55},"1":{"loc":{"start":{"line":66,"column":25},"end":{"line":66,"column":37}},"type":"binary-expr","locations":[{"start":{"line":66,"column":25},"end":{"line":66,"column":31}},{"start":{"line":66,"column":35},"end":{"line":66,"column":37}}],"line":66},"2":{"loc":{"start":{"line":66,"column":53},"end":{"line":66,"column":65}},"type":"binary-expr","locations":[{"start":{"line":66,"column":53},"end":{"line":66,"column":59}},{"start":{"line":66,"column":63},"end":{"line":66,"column":65}}],"line":66},"3":{"loc":{"start":{"line":83,"column":4},"end":{"line":83,"column":30}},"type":"if","locations":[{"start":{"line":83,"column":4},"end":{"line":83,"column":30}},{"start":{},"end":{}}],"line":83},"4":{"loc":{"start":{"line":90,"column":25},"end":{"line":90,"column":37}},"type":"binary-expr","locations":[{"start":{"line":90,"column":25},"end":{"line":90,"column":31}},{"start":{"line":90,"column":35},"end":{"line":90,"column":37}}],"line":90},"5":{"loc":{"start":{"line":92,"column":6},"end":{"line":96,"column":7}},"type":"if","locations":[{"start":{"line":92,"column":6},"end":{"line":96,"column":7}},{"start":{},"end":{}}],"line":92},"6":{"loc":{"start":{"line":92,"column":10},"end":{"line":92,"column":45}},"type":"binary-expr","locations":[{"start":{"line":92,"column":10},"end":{"line":92,"column":19}},{"start":{"line":92,"column":23},"end":{"line":92,"column":45}}],"line":92},"7":{"loc":{"start":{"line":94,"column":11},"end":{"line":94,"column":25}},"type":"binary-expr","locations":[{"start":{"line":94,"column":11},"end":{"line":94,"column":19}},{"start":{"line":94,"column":23},"end":{"line":94,"column":25}}],"line":94},"8":{"loc":{"start":{"line":97,"column":13},"end":{"line":97,"column":36}},"type":"binary-expr","locations":[{"start":{"line":97,"column":13},"end":{"line":97,"column":22}},{"start":{"line":97,"column":26},"end":{"line":97,"column":36}}],"line":97},"9":{"loc":{"start":{"line":104,"column":6},"end":{"line":104,"column":51}},"type":"cond-expr","locations":[{"start":{"line":104,"column":21},"end":{"line":104,"column":36}},{"start":{"line":104,"column":39},"end":{"line":104,"column":51}}],"line":104},"10":{"loc":{"start":{"line":111,"column":6},"end":{"line":111,"column":69}},"type":"if","locations":[{"start":{"line":111,"column":6},"end":{"line":111,"column":69}},{"start":{},"end":{}}],"line":111},"11":{"loc":{"start":{"line":113,"column":8},"end":{"line":113,"column":33}},"type":"binary-expr","locations":[{"start":{"line":113,"column":8},"end":{"line":113,"column":20}},{"start":{"line":113,"column":24},"end":{"line":113,"column":33}}],"line":113},"12":{"loc":{"start":{"line":114,"column":18},"end":{"line":114,"column":65}},"type":"binary-expr","locations":[{"start":{"line":114,"column":18},"end":{"line":114,"column":51}},{"start":{"line":114,"column":55},"end":{"line":114,"column":65}}],"line":114},"13":{"loc":{"start":{"line":115,"column":10},"end":{"line":115,"column":50}},"type":"binary-expr","locations":[{"start":{"line":115,"column":10},"end":{"line":115,"column":36}},{"start":{"line":115,"column":40},"end":{"line":115,"column":50}}],"line":115},"14":{"loc":{"start":{"line":125,"column":6},"end":{"line":125,"column":53}},"type":"if","locations":[{"start":{"line":125,"column":6},"end":{"line":125,"column":53}},{"start":{},"end":{}}],"line":125},"15":{"loc":{"start":{"line":135,"column":15},"end":{"line":141,"column":16}},"type":"cond-expr","locations":[{"start":{"line":136,"column":12},"end":{"line":140,"column":13}},{"start":{"line":141,"column":12},"end":{"line":141,"column":16}}],"line":135},"16":{"loc":{"start":{"line":138,"column":20},"end":{"line":138,"column":39}},"type":"binary-expr","locations":[{"start":{"line":138,"column":20},"end":{"line":138,"column":26}},{"start":{"line":138,"column":30},"end":{"line":138,"column":39}}],"line":138},"17":{"loc":{"start":{"line":145,"column":4},"end":{"line":146,"column":79}},"type":"if","locations":[{"start":{"line":145,"column":4},"end":{"line":146,"column":79}},{"start":{},"end":{}}],"line":145},"18":{"loc":{"start":{"line":160,"column":2},"end":{"line":167,"column":3}},"type":"if","locations":[{"start":{"line":160,"column":2},"end":{"line":167,"column":3}},{"start":{},"end":{}}],"line":160},"19":{"loc":{"start":{"line":160,"column":6},"end":{"line":160,"column":50}},"type":"binary-expr","locations":[{"start":{"line":160,"column":6},"end":{"line":160,"column":13}},{"start":{"line":160,"column":17},"end":{"line":160,"column":50}}],"line":160},"20":{"loc":{"start":{"line":169,"column":2},"end":{"line":171,"column":3}},"type":"if","locations":[{"start":{"line":169,"column":2},"end":{"line":171,"column":3}},{"start":{},"end":{}}],"line":169},"21":{"loc":{"start":{"line":177,"column":9},"end":{"line":187,"column":9}},"type":"binary-expr","locations":[{"start":{"line":177,"column":9},"end":{"line":177,"column":24}},{"start":{"line":178,"column":10},"end":{"line":186,"column":29}}],"line":177},"22":{"loc":{"start":{"line":192,"column":7},"end":{"line":196,"column":7}},"type":"binary-expr","locations":[{"start":{"line":192,"column":7},"end":{"line":192,"column":22}},{"start":{"line":192,"column":26},"end":{"line":192,"column":51}},{"start":{"line":193,"column":8},"end":{"line":195,"column":15}}],"line":192},"23":{"loc":{"start":{"line":206,"column":7},"end":{"line":214,"column":7}},"type":"binary-expr","locations":[{"start":{"line":206,"column":7},"end":{"line":206,"column":22}},{"start":{"line":206,"column":26},"end":{"line":206,"column":51}},{"start":{"line":207,"column":8},"end":{"line":213,"column":15}}],"line":206}},"s":{"0":1,"1":31,"2":31,"3":31,"4":31,"5":31,"6":31,"7":31,"8":31,"9":31,"10":8,"11":8,"12":8,"13":8,"14":1,"15":1,"16":1,"17":7,"18":7,"19":7,"20":8,"21":3,"22":7,"23":7,"24":7,"25":0,"26":0,"27":0,"28":31,"29":8,"30":31,"31":16,"32":16,"33":15,"34":1,"35":1,"36":1,"37":1,"38":2,"39":2,"40":2,"41":0,"42":0,"43":2,"44":31,"45":4,"46":4,"47":4,"48":4,"49":31,"50":1,"51":1,"52":0,"53":31,"54":3,"55":3,"56":3,"57":31,"58":1,"59":1,"60":1,"61":1,"62":1,"63":0,"64":1,"65":1,"66":1,"67":0,"68":1,"69":1,"70":1,"71":31,"72":8,"73":23,"74":1,"75":22,"76":1,"77":1,"78":1},"f":{"0":31,"1":8,"2":8,"3":3,"4":8,"5":16,"6":2,"7":0,"8":4,"9":4,"10":1,"11":3,"12":1,"13":1,"14":1,"15":1},"b":{"0":[1,7],"1":[3,0],"2":[3,0],"3":[15,1],"4":[2,0],"5":[0,2],"6":[2,0],"7":[0,0],"8":[2,1],"9":[0,4],"10":[1,0],"11":[0,0],"12":[0,0],"13":[0,0],"14":[3,0],"15":[1,0],"16":[1,0],"17":[0,1],"18":[8,23],"19":[31,31],"20":[1,22],"21":[22,4],"22":[22,4,4],"23":[22,4,4]},"_coverageSchema":"1a1c01bbd47fc00a2c39e90264f33305004495a9","hash":"ace134a89640a4c4d2ddf0a27d67d17d29d639db"}
,"D:\\chat-invitation\\src\\screens\\ForgotPasswordConfirmation.tsx": {"path":"D:\\chat-invitation\\src\\screens\\ForgotPasswordConfirmation.tsx","statementMap":{"0":{"start":{"line":17,"column":22},"end":{"line":17,"column":23}},"1":{"start":{"line":18,"column":28},"end":{"line":18,"column":30}},"2":{"start":{"line":19,"column":18},"end":{"line":19,"column":20}},"3":{"start":{"line":21,"column":45},"end":{"line":191,"column":1}},"4":{"start":{"line":22,"column":28},"end":{"line":22,"column":40}},"5":{"start":{"line":23,"column":42},"end":{"line":23,"column":54}},"6":{"start":{"line":24,"column":38},"end":{"line":24,"column":50}},"7":{"start":{"line":25,"column":38},"end":{"line":25,"column":50}},"8":{"start":{"line":26,"column":34},"end":{"line":26,"column":46}},"9":{"start":{"line":27,"column":34},"end":{"line":27,"column":45}},"10":{"start":{"line":28,"column":36},"end":{"line":28,"column":47}},"11":{"start":{"line":29,"column":32},"end":{"line":29,"column":47}},"12":{"start":{"line":30,"column":38},"end":{"line":30,"column":67}},"13":{"start":{"line":31,"column":21},"end":{"line":31,"column":74}},"14":{"start":{"line":32,"column":2},"end":{"line":38,"column":17}},"15":{"start":{"line":34,"column":4},"end":{"line":36,"column":5}},"16":{"start":{"line":35,"column":6},"end":{"line":35,"column":71}},"17":{"start":{"line":35,"column":32},"end":{"line":35,"column":63}},"18":{"start":{"line":35,"column":54},"end":{"line":35,"column":62}},"19":{"start":{"line":37,"column":4},"end":{"line":37,"column":38}},"20":{"start":{"line":37,"column":17},"end":{"line":37,"column":37}},"21":{"start":{"line":40,"column":2},"end":{"line":52,"column":28}},"22":{"start":{"line":42,"column":4},"end":{"line":50,"column":5}},"23":{"start":{"line":43,"column":20},"end":{"line":43,"column":56}},"24":{"start":{"line":44,"column":6},"end":{"line":44,"column":40}},"25":{"start":{"line":45,"column":6},"end":{"line":49,"column":16}},"26":{"start":{"line":46,"column":8},"end":{"line":46,"column":24}},"27":{"start":{"line":47,"column":8},"end":{"line":47,"column":26}},"28":{"start":{"line":48,"column":8},"end":{"line":48,"column":28}},"29":{"start":{"line":51,"column":4},"end":{"line":51,"column":46}},"30":{"start":{"line":51,"column":17},"end":{"line":51,"column":45}},"31":{"start":{"line":54,"column":24},"end":{"line":71,"column":3}},"32":{"start":{"line":55,"column":4},"end":{"line":58,"column":5}},"33":{"start":{"line":56,"column":6},"end":{"line":56,"column":51}},"34":{"start":{"line":57,"column":6},"end":{"line":57,"column":13}},"35":{"start":{"line":59,"column":4},"end":{"line":62,"column":5}},"36":{"start":{"line":60,"column":6},"end":{"line":60,"column":23}},"37":{"start":{"line":61,"column":6},"end":{"line":61,"column":13}},"38":{"start":{"line":63,"column":16},"end":{"line":63,"column":31}},"39":{"start":{"line":64,"column":4},"end":{"line":64,"column":25}},"40":{"start":{"line":65,"column":4},"end":{"line":65,"column":27}},"41":{"start":{"line":66,"column":4},"end":{"line":66,"column":39}},"42":{"start":{"line":66,"column":28},"end":{"line":66,"column":37}},"43":{"start":{"line":67,"column":4},"end":{"line":67,"column":22}},"44":{"start":{"line":68,"column":4},"end":{"line":68,"column":20}},"45":{"start":{"line":69,"column":4},"end":{"line":69,"column":22}},"46":{"start":{"line":70,"column":4},"end":{"line":70,"column":50}},"47":{"start":{"line":73,"column":26},"end":{"line":85,"column":3}},"48":{"start":{"line":74,"column":4},"end":{"line":77,"column":5}},"49":{"start":{"line":75,"column":6},"end":{"line":75,"column":59}},"50":{"start":{"line":76,"column":6},"end":{"line":76,"column":13}},"51":{"start":{"line":78,"column":4},"end":{"line":84,"column":5}},"52":{"start":{"line":79,"column":6},"end":{"line":79,"column":22}},"53":{"start":{"line":80,"column":6},"end":{"line":80,"column":80}},"54":{"start":{"line":81,"column":6},"end":{"line":81,"column":50}},"55":{"start":{"line":83,"column":6},"end":{"line":83,"column":52}},"56":{"start":{"line":87,"column":21},"end":{"line":87,"column":23}},"57":{"start":{"line":88,"column":2},"end":{"line":95,"column":3}},"58":{"start":{"line":89,"column":19},"end":{"line":89,"column":42}},"59":{"start":{"line":90,"column":4},"end":{"line":94,"column":5}},"60":{"start":{"line":91,"column":20},"end":{"line":91,"column":57}},"61":{"start":{"line":92,"column":19},"end":{"line":92,"column":72}},"62":{"start":{"line":93,"column":6},"end":{"line":93,"column":87}},"63":{"start":{"line":97,"column":2},"end":{"line":190,"column":4}},"64":{"start":{"line":115,"column":12},"end":{"line":115,"column":27}},"65":{"start":{"line":116,"column":12},"end":{"line":116,"column":30}},"66":{"start":{"line":142,"column":16},"end":{"line":142,"column":36}},"67":{"start":{"line":143,"column":16},"end":{"line":143,"column":32}},"68":{"start":{"line":195,"column":15},"end":{"line":249,"column":2}}},"fnMap":{"0":{"name":"(anonymous_0)","decl":{"start":{"line":21,"column":45},"end":{"line":21,"column":46}},"loc":{"start":{"line":21,"column":51},"end":{"line":191,"column":1}},"line":21},"1":{"name":"(anonymous_1)","decl":{"start":{"line":32,"column":12},"end":{"line":32,"column":13}},"loc":{"start":{"line":32,"column":18},"end":{"line":38,"column":3}},"line":32},"2":{"name":"(anonymous_2)","decl":{"start":{"line":35,"column":26},"end":{"line":35,"column":27}},"loc":{"start":{"line":35,"column":32},"end":{"line":35,"column":63}},"line":35},"3":{"name":"(anonymous_3)","decl":{"start":{"line":35,"column":44},"end":{"line":35,"column":45}},"loc":{"start":{"line":35,"column":54},"end":{"line":35,"column":62}},"line":35},"4":{"name":"(anonymous_4)","decl":{"start":{"line":37,"column":11},"end":{"line":37,"column":12}},"loc":{"start":{"line":37,"column":17},"end":{"line":37,"column":37}},"line":37},"5":{"name":"(anonymous_5)","decl":{"start":{"line":40,"column":12},"end":{"line":40,"column":13}},"loc":{"start":{"line":40,"column":18},"end":{"line":52,"column":3}},"line":40},"6":{"name":"(anonymous_6)","decl":{"start":{"line":45,"column":25},"end":{"line":45,"column":26}},"loc":{"start":{"line":45,"column":31},"end":{"line":49,"column":7}},"line":45},"7":{"name":"(anonymous_7)","decl":{"start":{"line":51,"column":11},"end":{"line":51,"column":12}},"loc":{"start":{"line":51,"column":17},"end":{"line":51,"column":45}},"line":51},"8":{"name":"(anonymous_8)","decl":{"start":{"line":54,"column":24},"end":{"line":54,"column":25}},"loc":{"start":{"line":54,"column":30},"end":{"line":71,"column":3}},"line":54},"9":{"name":"(anonymous_9)","decl":{"start":{"line":66,"column":17},"end":{"line":66,"column":18}},"loc":{"start":{"line":66,"column":28},"end":{"line":66,"column":37}},"line":66},"10":{"name":"(anonymous_10)","decl":{"start":{"line":73,"column":26},"end":{"line":73,"column":27}},"loc":{"start":{"line":73,"column":32},"end":{"line":85,"column":3}},"line":73},"11":{"name":"(anonymous_11)","decl":{"start":{"line":114,"column":24},"end":{"line":114,"column":25}},"loc":{"start":{"line":114,"column":34},"end":{"line":117,"column":11}},"line":114},"12":{"name":"(anonymous_12)","decl":{"start":{"line":141,"column":28},"end":{"line":141,"column":29}},"loc":{"start":{"line":141,"column":38},"end":{"line":144,"column":15}},"line":141}},"branchMap":{"0":{"loc":{"start":{"line":34,"column":4},"end":{"line":36,"column":5}},"type":"if","locations":[{"start":{"line":34,"column":4},"end":{"line":36,"column":5}},{"start":{},"end":{}}],"line":34},"1":{"loc":{"start":{"line":42,"column":4},"end":{"line":50,"column":5}},"type":"if","locations":[{"start":{"line":42,"column":4},"end":{"line":50,"column":5}},{"start":{},"end":{}}],"line":42},"2":{"loc":{"start":{"line":42,"column":8},"end":{"line":42,"column":38}},"type":"binary-expr","locations":[{"start":{"line":42,"column":8},"end":{"line":42,"column":15}},{"start":{"line":42,"column":19},"end":{"line":42,"column":38}}],"line":42},"3":{"loc":{"start":{"line":51,"column":17},"end":{"line":51,"column":45}},"type":"binary-expr","locations":[{"start":{"line":51,"column":17},"end":{"line":51,"column":22}},{"start":{"line":51,"column":26},"end":{"line":51,"column":45}}],"line":51},"4":{"loc":{"start":{"line":55,"column":4},"end":{"line":58,"column":5}},"type":"if","locations":[{"start":{"line":55,"column":4},"end":{"line":58,"column":5}},{"start":{},"end":{}}],"line":55},"5":{"loc":{"start":{"line":59,"column":4},"end":{"line":62,"column":5}},"type":"if","locations":[{"start":{"line":59,"column":4},"end":{"line":62,"column":5}},{"start":{},"end":{}}],"line":59},"6":{"loc":{"start":{"line":74,"column":4},"end":{"line":77,"column":5}},"type":"if","locations":[{"start":{"line":74,"column":4},"end":{"line":77,"column":5}},{"start":{},"end":{}}],"line":74},"7":{"loc":{"start":{"line":78,"column":4},"end":{"line":84,"column":5}},"type":"if","locations":[{"start":{"line":78,"column":4},"end":{"line":84,"column":5}},{"start":{"line":82,"column":11},"end":{"line":84,"column":5}}],"line":78},"8":{"loc":{"start":{"line":88,"column":2},"end":{"line":95,"column":3}},"type":"if","locations":[{"start":{"line":88,"column":2},"end":{"line":95,"column":3}},{"start":{},"end":{}}],"line":88},"9":{"loc":{"start":{"line":88,"column":6},"end":{"line":88,"column":27}},"type":"binary-expr","locations":[{"start":{"line":88,"column":6},"end":{"line":88,"column":13}},{"start":{"line":88,"column":17},"end":{"line":88,"column":27}}],"line":88},"10":{"loc":{"start":{"line":90,"column":4},"end":{"line":94,"column":5}},"type":"if","locations":[{"start":{"line":90,"column":4},"end":{"line":94,"column":5}},{"start":{},"end":{}}],"line":90},"11":{"loc":{"start":{"line":122,"column":9},"end":{"line":122,"column":79}},"type":"cond-expr","locations":[{"start":{"line":122,"column":22},"end":{"line":122,"column":72}},{"start":{"line":122,"column":75},"end":{"line":122,"column":79}}],"line":122},"12":{"loc":{"start":{"line":124,"column":9},"end":{"line":132,"column":9}},"type":"binary-expr","locations":[{"start":{"line":124,"column":9},"end":{"line":124,"column":17}},{"start":{"line":124,"column":21},"end":{"line":124,"column":35}},{"start":{"line":124,"column":39},"end":{"line":124,"column":64}},{"start":{"line":125,"column":10},"end":{"line":131,"column":29}}],"line":124},"13":{"loc":{"start":{"line":134,"column":9},"end":{"line":149,"column":9}},"type":"binary-expr","locations":[{"start":{"line":134,"column":9},"end":{"line":134,"column":21}},{"start":{"line":135,"column":10},"end":{"line":148,"column":13}}],"line":134},"14":{"loc":{"start":{"line":147,"column":13},"end":{"line":147,"column":79}},"type":"cond-expr","locations":[{"start":{"line":147,"column":24},"end":{"line":147,"column":72}},{"start":{"line":147,"column":75},"end":{"line":147,"column":79}}],"line":147},"15":{"loc":{"start":{"line":151,"column":9},"end":{"line":153,"column":9}},"type":"binary-expr","locations":[{"start":{"line":151,"column":9},"end":{"line":151,"column":21}},{"start":{"line":152,"column":10},"end":{"line":152,"column":74}}],"line":151},"16":{"loc":{"start":{"line":155,"column":9},"end":{"line":170,"column":11}},"type":"binary-expr","locations":[{"start":{"line":155,"column":9},"end":{"line":155,"column":17}},{"start":{"line":156,"column":10},"end":{"line":156,"column":22}},{"start":{"line":157,"column":10},"end":{"line":157,"column":24}},{"start":{"line":158,"column":10},"end":{"line":158,"column":35}},{"start":{"line":159,"column":12},"end":{"line":169,"column":31}}],"line":155},"17":{"loc":{"start":{"line":165,"column":17},"end":{"line":167,"column":47}},"type":"cond-expr","locations":[{"start":{"line":166,"column":20},"end":{"line":166,"column":32}},{"start":{"line":167,"column":20},"end":{"line":167,"column":47}}],"line":165},"18":{"loc":{"start":{"line":172,"column":9},"end":{"line":180,"column":9}},"type":"binary-expr","locations":[{"start":{"line":172,"column":9},"end":{"line":172,"column":21}},{"start":{"line":173,"column":10},"end":{"line":179,"column":29}}],"line":172},"19":{"loc":{"start":{"line":182,"column":9},"end":{"line":187,"column":9}},"type":"binary-expr","locations":[{"start":{"line":182,"column":9},"end":{"line":182,"column":16}},{"start":{"line":183,"column":10},"end":{"line":186,"column":17}}],"line":182},"20":{"loc":{"start":{"line":184,"column":13},"end":{"line":185,"column":67}},"type":"binary-expr","locations":[{"start":{"line":184,"column":13},"end":{"line":184,"column":25}},{"start":{"line":185,"column":14},"end":{"line":185,"column":67}}],"line":184}},"s":{"0":1,"1":1,"2":1,"3":1,"4":73,"5":73,"6":73,"7":73,"8":73,"9":73,"10":73,"11":73,"12":73,"13":73,"14":73,"15":44,"16":17,"17":240,"18":240,"19":44,"20":44,"21":73,"22":19,"23":0,"24":0,"25":0,"26":0,"27":0,"28":0,"29":19,"30":19,"31":73,"32":18,"33":3,"34":3,"35":15,"36":0,"37":0,"38":15,"39":15,"40":15,"41":15,"42":15,"43":15,"44":15,"45":15,"46":15,"47":73,"48":4,"49":1,"50":1,"51":3,"52":1,"53":1,"54":1,"55":2,"56":73,"57":73,"58":0,"59":0,"60":0,"61":0,"62":0,"63":73,"64":17,"65":17,"66":5,"67":5,"68":1},"f":{"0":73,"1":44,"2":240,"3":240,"4":44,"5":19,"6":0,"7":19,"8":18,"9":15,"10":4,"11":17,"12":5},"b":{"0":[17,27],"1":[0,19],"2":[19,0],"3":[19,0],"4":[3,15],"5":[0,15],"6":[1,3],"7":[1,2],"8":[0,73],"9":[73,0],"10":[0,0],"11":[3,70],"12":[73,73,49,49],"13":[73,34],"14":[3,31],"15":[73,24],"16":[73,73,34,10,10],"17":[8,2],"18":[73,34],"19":[73,0],"20":[0,0]},"_coverageSchema":"1a1c01bbd47fc00a2c39e90264f33305004495a9","hash":"f0784d87b5d69b28b94303bd7ef166f37981495b"}
,"D:\\chat-invitation\\src\\screens\\ForgotPasswordScreen.tsx": {"path":"D:\\chat-invitation\\src\\screens\\ForgotPasswordScreen.tsx","statementMap":{"0":{"start":{"line":28,"column":39},"end":{"line":216,"column":1}},"1":{"start":{"line":29,"column":21},"end":{"line":29,"column":74}},"2":{"start":{"line":31,"column":34},"end":{"line":34,"column":4}},"3":{"start":{"line":35,"column":30},"end":{"line":38,"column":4}},"4":{"start":{"line":39,"column":32},"end":{"line":42,"column":4}},"5":{"start":{"line":43,"column":42},"end":{"line":46,"column":4}},"6":{"start":{"line":48,"column":24},"end":{"line":55,"column":3}},"7":{"start":{"line":49,"column":11},"end":{"line":53,"column":5}},"8":{"start":{"line":57,"column":27},"end":{"line":68,"column":3}},"9":{"start":{"line":59,"column":6},"end":{"line":59,"column":44}},"10":{"start":{"line":59,"column":14},"end":{"line":59,"column":44}},"11":{"start":{"line":60,"column":6},"end":{"line":61,"column":48}},"12":{"start":{"line":61,"column":8},"end":{"line":61,"column":48}},"13":{"start":{"line":62,"column":6},"end":{"line":63,"column":49}},"14":{"start":{"line":63,"column":8},"end":{"line":63,"column":49}},"15":{"start":{"line":64,"column":6},"end":{"line":64,"column":75}},"16":{"start":{"line":64,"column":44},"end":{"line":64,"column":75}},"17":{"start":{"line":65,"column":6},"end":{"line":65,"column":16}},"18":{"start":{"line":70,"column":34},"end":{"line":74,"column":8}},"19":{"start":{"line":71,"column":4},"end":{"line":71,"column":45}},"20":{"start":{"line":71,"column":12},"end":{"line":71,"column":45}},"21":{"start":{"line":72,"column":4},"end":{"line":72,"column":49}},"22":{"start":{"line":72,"column":17},"end":{"line":72,"column":49}},"23":{"start":{"line":73,"column":4},"end":{"line":73,"column":14}},"24":{"start":{"line":76,"column":28},"end":{"line":85,"column":3}},"25":{"start":{"line":77,"column":4},"end":{"line":77,"column":43}},"26":{"start":{"line":77,"column":24},"end":{"line":77,"column":40}},"27":{"start":{"line":78,"column":4},"end":{"line":84,"column":5}},"28":{"start":{"line":80,"column":8},"end":{"line":82,"column":60}},"29":{"start":{"line":83,"column":6},"end":{"line":83,"column":43}},"30":{"start":{"line":83,"column":24},"end":{"line":83,"column":40}},"31":{"start":{"line":87,"column":21},"end":{"line":95,"column":3}},"32":{"start":{"line":88,"column":4},"end":{"line":88,"column":45}},"33":{"start":{"line":88,"column":23},"end":{"line":88,"column":42}},"34":{"start":{"line":89,"column":14},"end":{"line":89,"column":25}},"35":{"start":{"line":91,"column":6},"end":{"line":93,"column":58}},"36":{"start":{"line":94,"column":4},"end":{"line":94,"column":41}},"37":{"start":{"line":94,"column":22},"end":{"line":94,"column":38}},"38":{"start":{"line":97,"column":23},"end":{"line":106,"column":3}},"39":{"start":{"line":98,"column":15},"end":{"line":98,"column":53}},"40":{"start":{"line":99,"column":15},"end":{"line":102,"column":5}},"41":{"start":{"line":103,"column":4},"end":{"line":103,"column":56}},"42":{"start":{"line":104,"column":4},"end":{"line":104,"column":61}},"43":{"start":{"line":105,"column":4},"end":{"line":105,"column":22}},"44":{"start":{"line":108,"column":23},"end":{"line":113,"column":3}},"45":{"start":{"line":109,"column":4},"end":{"line":112,"column":5}},"46":{"start":{"line":110,"column":6},"end":{"line":110,"column":70}},"47":{"start":{"line":111,"column":6},"end":{"line":111,"column":41}},"48":{"start":{"line":115,"column":26},"end":{"line":115,"column":50}},"49":{"start":{"line":115,"column":32},"end":{"line":115,"column":50}},"50":{"start":{"line":118,"column":4},"end":{"line":121,"column":28}},"51":{"start":{"line":123,"column":30},"end":{"line":133,"column":43}},"52":{"start":{"line":124,"column":14},"end":{"line":124,"column":34}},"53":{"start":{"line":125,"column":4},"end":{"line":125,"column":46}},"54":{"start":{"line":125,"column":12},"end":{"line":125,"column":46}},"55":{"start":{"line":126,"column":12},"end":{"line":126,"column":13}},"56":{"start":{"line":127,"column":4},"end":{"line":127,"column":45}},"57":{"start":{"line":127,"column":41},"end":{"line":127,"column":45}},"58":{"start":{"line":128,"column":4},"end":{"line":128,"column":48}},"59":{"start":{"line":128,"column":44},"end":{"line":128,"column":48}},"60":{"start":{"line":129,"column":4},"end":{"line":129,"column":45}},"61":{"start":{"line":129,"column":41},"end":{"line":129,"column":45}},"62":{"start":{"line":130,"column":4},"end":{"line":130,"column":27}},"63":{"start":{"line":130,"column":23},"end":{"line":130,"column":27}},"64":{"start":{"line":131,"column":19},"end":{"line":131,"column":57}},"65":{"start":{"line":132,"column":4},"end":{"line":132,"column":45}},"66":{"start":{"line":135,"column":2},"end":{"line":215,"column":4}},"67":{"start":{"line":156,"column":35},"end":{"line":156,"column":70}},"68":{"start":{"line":157,"column":28},"end":{"line":157,"column":53}},"69":{"start":{"line":167,"column":20},"end":{"line":182,"column":22}},"70":{"start":{"line":197,"column":35},"end":{"line":197,"column":74}},"71":{"start":{"line":198,"column":28},"end":{"line":198,"column":57}},"72":{"start":{"line":220,"column":15},"end":{"line":305,"column":2}}},"fnMap":{"0":{"name":"(anonymous_0)","decl":{"start":{"line":28,"column":39},"end":{"line":28,"column":40}},"loc":{"start":{"line":28,"column":45},"end":{"line":216,"column":1}},"line":28},"1":{"name":"(anonymous_1)","decl":{"start":{"line":49,"column":4},"end":{"line":49,"column":5}},"loc":{"start":{"line":49,"column":11},"end":{"line":53,"column":5}},"line":49},"2":{"name":"(anonymous_2)","decl":{"start":{"line":58,"column":4},"end":{"line":58,"column":5}},"loc":{"start":{"line":58,"column":19},"end":{"line":66,"column":5}},"line":58},"3":{"name":"(anonymous_3)","decl":{"start":{"line":70,"column":46},"end":{"line":70,"column":47}},"loc":{"start":{"line":70,"column":72},"end":{"line":74,"column":3}},"line":70},"4":{"name":"(anonymous_4)","decl":{"start":{"line":76,"column":28},"end":{"line":76,"column":29}},"loc":{"start":{"line":76,"column":62},"end":{"line":85,"column":3}},"line":76},"5":{"name":"(anonymous_5)","decl":{"start":{"line":77,"column":16},"end":{"line":77,"column":17}},"loc":{"start":{"line":77,"column":24},"end":{"line":77,"column":40}},"line":77},"6":{"name":"(anonymous_6)","decl":{"start":{"line":83,"column":16},"end":{"line":83,"column":17}},"loc":{"start":{"line":83,"column":24},"end":{"line":83,"column":40}},"line":83},"7":{"name":"(anonymous_7)","decl":{"start":{"line":87,"column":21},"end":{"line":87,"column":22}},"loc":{"start":{"line":87,"column":44},"end":{"line":95,"column":3}},"line":87},"8":{"name":"(anonymous_8)","decl":{"start":{"line":88,"column":15},"end":{"line":88,"column":16}},"loc":{"start":{"line":88,"column":23},"end":{"line":88,"column":42}},"line":88},"9":{"name":"(anonymous_9)","decl":{"start":{"line":94,"column":14},"end":{"line":94,"column":15}},"loc":{"start":{"line":94,"column":22},"end":{"line":94,"column":38}},"line":94},"10":{"name":"(anonymous_10)","decl":{"start":{"line":97,"column":23},"end":{"line":97,"column":24}},"loc":{"start":{"line":97,"column":29},"end":{"line":106,"column":3}},"line":97},"11":{"name":"(anonymous_11)","decl":{"start":{"line":108,"column":23},"end":{"line":108,"column":24}},"loc":{"start":{"line":108,"column":29},"end":{"line":113,"column":3}},"line":108},"12":{"name":"(anonymous_12)","decl":{"start":{"line":115,"column":26},"end":{"line":115,"column":27}},"loc":{"start":{"line":115,"column":32},"end":{"line":115,"column":50}},"line":115},"13":{"name":"(anonymous_13)","decl":{"start":{"line":123,"column":38},"end":{"line":123,"column":39}},"loc":{"start":{"line":123,"column":44},"end":{"line":133,"column":3}},"line":123},"14":{"name":"(anonymous_14)","decl":{"start":{"line":156,"column":28},"end":{"line":156,"column":29}},"loc":{"start":{"line":156,"column":35},"end":{"line":156,"column":70}},"line":156},"15":{"name":"(anonymous_15)","decl":{"start":{"line":157,"column":22},"end":{"line":157,"column":23}},"loc":{"start":{"line":157,"column":28},"end":{"line":157,"column":53}},"line":157},"16":{"name":"(anonymous_16)","decl":{"start":{"line":166,"column":36},"end":{"line":166,"column":37}},"loc":{"start":{"line":167,"column":20},"end":{"line":182,"column":22}},"line":167},"17":{"name":"(anonymous_17)","decl":{"start":{"line":197,"column":28},"end":{"line":197,"column":29}},"loc":{"start":{"line":197,"column":35},"end":{"line":197,"column":74}},"line":197},"18":{"name":"(anonymous_18)","decl":{"start":{"line":198,"column":22},"end":{"line":198,"column":23}},"loc":{"start":{"line":198,"column":28},"end":{"line":198,"column":57}},"line":198}},"branchMap":{"0":{"loc":{"start":{"line":59,"column":6},"end":{"line":59,"column":44}},"type":"if","locations":[{"start":{"line":59,"column":6},"end":{"line":59,"column":44}},{"start":{},"end":{}}],"line":59},"1":{"loc":{"start":{"line":60,"column":6},"end":{"line":61,"column":48}},"type":"if","locations":[{"start":{"line":60,"column":6},"end":{"line":61,"column":48}},{"start":{},"end":{}}],"line":60},"2":{"loc":{"start":{"line":62,"column":6},"end":{"line":63,"column":49}},"type":"if","locations":[{"start":{"line":62,"column":6},"end":{"line":63,"column":49}},{"start":{},"end":{}}],"line":62},"3":{"loc":{"start":{"line":64,"column":6},"end":{"line":64,"column":75}},"type":"if","locations":[{"start":{"line":64,"column":6},"end":{"line":64,"column":75}},{"start":{},"end":{}}],"line":64},"4":{"loc":{"start":{"line":71,"column":4},"end":{"line":71,"column":45}},"type":"if","locations":[{"start":{"line":71,"column":4},"end":{"line":71,"column":45}},{"start":{},"end":{}}],"line":71},"5":{"loc":{"start":{"line":72,"column":4},"end":{"line":72,"column":49}},"type":"if","locations":[{"start":{"line":72,"column":4},"end":{"line":72,"column":49}},{"start":{},"end":{}}],"line":72},"6":{"loc":{"start":{"line":78,"column":4},"end":{"line":84,"column":5}},"type":"if","locations":[{"start":{"line":78,"column":4},"end":{"line":84,"column":5}},{"start":{},"end":{}}],"line":78},"7":{"loc":{"start":{"line":80,"column":8},"end":{"line":82,"column":60}},"type":"cond-expr","locations":[{"start":{"line":81,"column":12},"end":{"line":81,"column":31}},{"start":{"line":82,"column":12},"end":{"line":82,"column":60}}],"line":80},"8":{"loc":{"start":{"line":91,"column":6},"end":{"line":93,"column":58}},"type":"cond-expr","locations":[{"start":{"line":92,"column":10},"end":{"line":92,"column":29}},{"start":{"line":93,"column":10},"end":{"line":93,"column":58}}],"line":91},"9":{"loc":{"start":{"line":105,"column":11},"end":{"line":105,"column":21}},"type":"binary-expr","locations":[{"start":{"line":105,"column":11},"end":{"line":105,"column":14}},{"start":{"line":105,"column":18},"end":{"line":105,"column":21}}],"line":105},"10":{"loc":{"start":{"line":109,"column":4},"end":{"line":112,"column":5}},"type":"if","locations":[{"start":{"line":109,"column":4},"end":{"line":112,"column":5}},{"start":{},"end":{}}],"line":109},"11":{"loc":{"start":{"line":118,"column":4},"end":{"line":121,"column":28}},"type":"binary-expr","locations":[{"start":{"line":118,"column":4},"end":{"line":118,"column":23}},{"start":{"line":119,"column":4},"end":{"line":119,"column":27}},{"start":{"line":120,"column":4},"end":{"line":120,"column":24}},{"start":{"line":121,"column":4},"end":{"line":121,"column":28}}],"line":118},"12":{"loc":{"start":{"line":125,"column":4},"end":{"line":125,"column":46}},"type":"if","locations":[{"start":{"line":125,"column":4},"end":{"line":125,"column":46}},{"start":{},"end":{}}],"line":125},"13":{"loc":{"start":{"line":127,"column":4},"end":{"line":127,"column":45}},"type":"if","locations":[{"start":{"line":127,"column":4},"end":{"line":127,"column":45}},{"start":{},"end":{}}],"line":127},"14":{"loc":{"start":{"line":128,"column":4},"end":{"line":128,"column":48}},"type":"if","locations":[{"start":{"line":128,"column":4},"end":{"line":128,"column":48}},{"start":{},"end":{}}],"line":128},"15":{"loc":{"start":{"line":129,"column":4},"end":{"line":129,"column":45}},"type":"if","locations":[{"start":{"line":129,"column":4},"end":{"line":129,"column":45}},{"start":{},"end":{}}],"line":129},"16":{"loc":{"start":{"line":130,"column":4},"end":{"line":130,"column":27}},"type":"if","locations":[{"start":{"line":130,"column":4},"end":{"line":130,"column":27}},{"start":{},"end":{}}],"line":130},"17":{"loc":{"start":{"line":138,"column":16},"end":{"line":138,"column":61}},"type":"cond-expr","locations":[{"start":{"line":138,"column":40},"end":{"line":138,"column":49}},{"start":{"line":138,"column":52},"end":{"line":138,"column":61}}],"line":138},"18":{"loc":{"start":{"line":159,"column":13},"end":{"line":161,"column":13}},"type":"binary-expr","locations":[{"start":{"line":159,"column":13},"end":{"line":159,"column":31}},{"start":{"line":159,"column":35},"end":{"line":159,"column":54}},{"start":{"line":160,"column":14},"end":{"line":160,"column":68}}],"line":159},"19":{"loc":{"start":{"line":163,"column":13},"end":{"line":189,"column":20}},"type":"cond-expr","locations":[{"start":{"line":164,"column":14},"end":{"line":188,"column":21}},{"start":{"line":189,"column":16},"end":{"line":189,"column":20}}],"line":163},"20":{"loc":{"start":{"line":171,"column":24},"end":{"line":180,"column":25}},"type":"binary-expr","locations":[{"start":{"line":171,"column":24},"end":{"line":171,"column":57}},{"start":{"line":171,"column":61},"end":{"line":180,"column":25}}],"line":171},"21":{"loc":{"start":{"line":173,"column":28},"end":{"line":179,"column":41}},"type":"cond-expr","locations":[{"start":{"line":174,"column":32},"end":{"line":174,"column":44}},{"start":{"line":175,"column":32},"end":{"line":179,"column":41}}],"line":173},"22":{"loc":{"start":{"line":175,"column":32},"end":{"line":179,"column":41}},"type":"cond-expr","locations":[{"start":{"line":176,"column":32},"end":{"line":176,"column":45}},{"start":{"line":177,"column":32},"end":{"line":179,"column":41}}],"line":175},"23":{"loc":{"start":{"line":177,"column":32},"end":{"line":179,"column":41}},"type":"cond-expr","locations":[{"start":{"line":178,"column":32},"end":{"line":178,"column":41}},{"start":{"line":179,"column":32},"end":{"line":179,"column":41}}],"line":177},"24":{"loc":{"start":{"line":200,"column":13},"end":{"line":202,"column":13}},"type":"binary-expr","locations":[{"start":{"line":200,"column":13},"end":{"line":200,"column":35}},{"start":{"line":200,"column":39},"end":{"line":200,"column":62}},{"start":{"line":201,"column":14},"end":{"line":201,"column":72}}],"line":200},"25":{"loc":{"start":{"line":205,"column":43},"end":{"line":205,"column":74}},"type":"binary-expr","locations":[{"start":{"line":205,"column":43},"end":{"line":205,"column":55}},{"start":{"line":205,"column":59},"end":{"line":205,"column":74}}],"line":205}},"s":{"0":1,"1":56,"2":56,"3":56,"4":56,"5":56,"6":56,"7":15,"8":56,"9":17,"10":2,"11":15,"12":5,"13":10,"14":3,"15":7,"16":2,"17":5,"18":56,"19":7,"20":1,"21":6,"22":2,"23":4,"24":56,"25":27,"26":27,"27":27,"28":9,"29":9,"30":9,"31":56,"32":13,"33":13,"34":13,"35":13,"36":13,"37":13,"38":56,"39":1,"40":1,"41":1,"42":1,"43":1,"44":56,"45":1,"46":1,"47":1,"48":56,"49":0,"50":56,"51":56,"52":33,"53":33,"54":15,"55":18,"56":18,"57":14,"58":18,"59":12,"60":18,"61":17,"62":18,"63":14,"64":18,"65":18,"66":56,"67":19,"68":8,"69":144,"70":8,"71":5,"72":1},"f":{"0":56,"1":15,"2":17,"3":7,"4":27,"5":27,"6":9,"7":13,"8":13,"9":13,"10":1,"11":1,"12":0,"13":33,"14":19,"15":8,"16":144,"17":8,"18":5},"b":{"0":[2,15],"1":[5,10],"2":[3,7],"3":[2,5],"4":[1,6],"5":[2,4],"6":[9,18],"7":[8,1],"8":[8,5],"9":[1,1],"10":[1,0],"11":[56,44,41,24],"12":[15,18],"13":[14,4],"14":[12,6],"15":[17,1],"16":[14,4],"17":[56,0],"18":[56,12,12],"19":[36,20],"20":[144,118],"21":[7,111],"22":[0,111],"23":[15,96],"24":[56,3,3],"25":[56,45]},"_coverageSchema":"1a1c01bbd47fc00a2c39e90264f33305004495a9","hash":"64a0bcd306c32c0f279465fa8cfe7cbc7195135f"}
,"D:\\chat-invitation\\src\\screens\\InviteContacts.tsx": {"path":"D:\\chat-invitation\\src\\screens\\InviteContacts.tsx","statementMap":{"0":{"start":{"line":305,"column":21},"end":{"line":305,"column":41}},"1":{"start":{"line":306,"column":50},"end":{"line":308,"column":3}},"2":{"start":{"line":311,"column":2},"end":{"line":327,"column":4}},"3":{"start":{"line":313,"column":27},"end":{"line":324,"column":7}},"4":{"start":{"line":314,"column":8},"end":{"line":323,"column":9}},"5":{"start":{"line":315,"column":23},"end":{"line":315,"column":69}},"6":{"start":{"line":316,"column":10},"end":{"line":320,"column":11}},"7":{"start":{"line":317,"column":12},"end":{"line":317,"column":50}},"8":{"start":{"line":319,"column":12},"end":{"line":319,"column":36}},"9":{"start":{"line":322,"column":10},"end":{"line":322,"column":53}},"10":{"start":{"line":325,"column":6},"end":{"line":325,"column":21}},"11":{"start":{"line":329,"column":37},"end":{"line":342,"column":3}},"12":{"start":{"line":330,"column":4},"end":{"line":341,"column":7}},"13":{"start":{"line":335,"column":10},"end":{"line":337,"column":12}},"14":{"start":{"line":338,"column":10},"end":{"line":338,"column":72}},"15":{"start":{"line":344,"column":31},"end":{"line":367,"column":3}},"16":{"start":{"line":345,"column":4},"end":{"line":366,"column":6}},"17":{"start":{"line":353,"column":12},"end":{"line":357,"column":15}},"18":{"start":{"line":354,"column":14},"end":{"line":356,"column":16}},"19":{"start":{"line":358,"column":12},"end":{"line":362,"column":14}},"20":{"start":{"line":361,"column":44},"end":{"line":361,"column":63}},"21":{"start":{"line":369,"column":28},"end":{"line":391,"column":3}},"22":{"start":{"line":370,"column":4},"end":{"line":390,"column":11}},"23":{"start":{"line":386,"column":23},"end":{"line":386,"column":55}},"24":{"start":{"line":393,"column":2},"end":{"line":437,"column":4}},"25":{"start":{"line":398,"column":25},"end":{"line":398,"column":44}},"26":{"start":{"line":415,"column":32},"end":{"line":415,"column":39}},"27":{"start":{"line":440,"column":15},"end":{"line":570,"column":2}}},"fnMap":{"0":{"name":"InviteContacts","decl":{"start":{"line":304,"column":24},"end":{"line":304,"column":38}},"loc":{"start":{"line":304,"column":41},"end":{"line":438,"column":1}},"line":304},"1":{"name":"(anonymous_1)","decl":{"start":{"line":312,"column":16},"end":{"line":312,"column":17}},"loc":{"start":{"line":312,"column":22},"end":{"line":326,"column":5}},"line":312},"2":{"name":"(anonymous_2)","decl":{"start":{"line":313,"column":27},"end":{"line":313,"column":28}},"loc":{"start":{"line":313,"column":39},"end":{"line":324,"column":7}},"line":313},"3":{"name":"(anonymous_3)","decl":{"start":{"line":329,"column":37},"end":{"line":329,"column":38}},"loc":{"start":{"line":329,"column":67},"end":{"line":342,"column":3}},"line":329},"4":{"name":"(anonymous_4)","decl":{"start":{"line":334,"column":17},"end":{"line":334,"column":18}},"loc":{"start":{"line":334,"column":23},"end":{"line":339,"column":9}},"line":334},"5":{"name":"(anonymous_5)","decl":{"start":{"line":344,"column":31},"end":{"line":344,"column":32}},"loc":{"start":{"line":344,"column":37},"end":{"line":367,"column":3}},"line":344},"6":{"name":"(anonymous_6)","decl":{"start":{"line":352,"column":19},"end":{"line":352,"column":20}},"loc":{"start":{"line":352,"column":25},"end":{"line":363,"column":11}},"line":352},"7":{"name":"(anonymous_7)","decl":{"start":{"line":353,"column":37},"end":{"line":353,"column":38}},"loc":{"start":{"line":353,"column":50},"end":{"line":357,"column":13}},"line":353},"8":{"name":"(anonymous_8)","decl":{"start":{"line":361,"column":38},"end":{"line":361,"column":39}},"loc":{"start":{"line":361,"column":44},"end":{"line":361,"column":63}},"line":361},"9":{"name":"(anonymous_9)","decl":{"start":{"line":369,"column":28},"end":{"line":369,"column":29}},"loc":{"start":{"line":370,"column":4},"end":{"line":390,"column":11}},"line":370},"10":{"name":"(anonymous_10)","decl":{"start":{"line":386,"column":17},"end":{"line":386,"column":18}},"loc":{"start":{"line":386,"column":23},"end":{"line":386,"column":55}},"line":386},"11":{"name":"(anonymous_11)","decl":{"start":{"line":398,"column":19},"end":{"line":398,"column":20}},"loc":{"start":{"line":398,"column":25},"end":{"line":398,"column":44}},"line":398},"12":{"name":"(anonymous_12)","decl":{"start":{"line":415,"column":22},"end":{"line":415,"column":23}},"loc":{"start":{"line":415,"column":32},"end":{"line":415,"column":39}},"line":415}},"branchMap":{"0":{"loc":{"start":{"line":316,"column":10},"end":{"line":320,"column":11}},"type":"if","locations":[{"start":{"line":316,"column":10},"end":{"line":320,"column":11}},{"start":{"line":318,"column":17},"end":{"line":320,"column":11}}],"line":316},"1":{"loc":{"start":{"line":374,"column":14},"end":{"line":374,"column":33}},"type":"binary-expr","locations":[{"start":{"line":374,"column":14},"end":{"line":374,"column":26}},{"start":{"line":374,"column":30},"end":{"line":374,"column":33}}],"line":374},"2":{"loc":{"start":{"line":409,"column":11},"end":{"line":409,"column":40}},"type":"binary-expr","locations":[{"start":{"line":409,"column":11},"end":{"line":409,"column":35}},{"start":{"line":409,"column":39},"end":{"line":409,"column":40}}],"line":409},"3":{"loc":{"start":{"line":425,"column":7},"end":{"line":435,"column":7}},"type":"binary-expr","locations":[{"start":{"line":425,"column":7},"end":{"line":425,"column":23}},{"start":{"line":425,"column":27},"end":{"line":425,"column":54}},{"start":{"line":426,"column":8},"end":{"line":434,"column":27}}],"line":425}},"s":{"0":24,"1":24,"2":24,"3":24,"4":24,"5":24,"6":24,"7":24,"8":0,"9":0,"10":24,"11":24,"12":1,"13":0,"14":0,"15":24,"16":1,"17":1,"18":2,"19":1,"20":1,"21":24,"22":44,"23":1,"24":24,"25":0,"26":46,"27":1},"f":{"0":24,"1":24,"2":24,"3":1,"4":0,"5":1,"6":1,"7":2,"8":1,"9":44,"10":1,"11":0,"12":46},"b":{"0":[24,0],"1":[44,0],"2":[24,2],"3":[24,24,22]},"_coverageSchema":"1a1c01bbd47fc00a2c39e90264f33305004495a9","hash":"560106f493e95876e937ecb0a53e2447d45855f9"}
[...]
,"D:\\chat-invitation\\src\\screens\\invite_screens\\MobileScreen.tsx": {"path":"D:\\chat-invitation\\src\\screens\\invite_screens\\MobileScreen.tsx","statementMap":{"0":{"start":{"line":17,"column":42},"end":{"line":17,"column":54}},"1":{"start":{"line":18,"column":40},"end":{"line":18,"column":55}},"2":{"start":{"line":19,"column":36},"end":{"line":19,"column":51}},"3":{"start":{"line":20,"column":28},"end":{"line":20,"column":40}},"4":{"start":{"line":21,"column":21},"end":{"line":21,"column":74}},"5":{"start":{"line":23,"column":26},"end":{"line":53,"column":3}},"6":{"start":{"line":24,"column":4},"end":{"line":24,"column":17}},"7":{"start":{"line":26,"column":26},"end":{"line":26,"column":57}},"8":{"start":{"line":28,"column":4},"end":{"line":31,"column":5}},"9":{"start":{"line":29,"column":6},"end":{"line":29,"column":50}},"10":{"start":{"line":30,"column":6},"end":{"line":30,"column":13}},"11":{"start":{"line":33,"column":4},"end":{"line":36,"column":5}},"12":{"start":{"line":34,"column":6},"end":{"line":34,"column":62}},"13":{"start":{"line":35,"column":6},"end":{"line":35,"column":13}},"14":{"start":{"line":38,"column":24},"end":{"line":38,"column":38}},"15":{"start":{"line":39,"column":4},"end":{"line":42,"column":5}},"16":{"start":{"line":40,"column":6},"end":{"line":40,"column":71}},"17":{"start":{"line":41,"column":6},"end":{"line":41,"column":13}},"18":{"start":{"line":44,"column":4},"end":{"line":44,"column":23}},"19":{"start":{"line":46,"column":4},"end":{"line":52,"column":13}},"20":{"start":{"line":47,"column":25},"end":{"line":47,"column":52}},"21":{"start":{"line":48,"column":6},"end":{"line":48,"column":64}},"22":{"start":{"line":50,"column":6},"end":{"line":50,"column":26}},"23":{"start":{"line":51,"column":6},"end":{"line":51,"column":69}},"24":{"start":{"line":55,"column":35},"end":{"line":62,"column":3}},"25":{"start":{"line":56,"column":24},"end":{"line":56,"column":47}},"26":{"start":{"line":57,"column":4},"end":{"line":57,"column":33}},"27":{"start":{"line":59,"column":4},"end":{"line":61,"column":5}},"28":{"start":{"line":60,"column":6},"end":{"line":60,"column":19}},"29":{"start":{"line":64,"column":27},"end":{"line":66,"column":3}},"30":{"start":{"line":65,"column":4},"end":{"line":65,"column":44}},"31":{"start":{"line":68,"column":29},"end":{"line":70,"column":3}},"32":{"start":{"line":69,"column":4},"end":{"line":69,"column":42}},"33":{"start":{"line":72,"column":34},"end":{"line":74,"column":3}},"34":{"start":{"line":73,"column":4},"end":{"line":73,"column":57}},"35":{"start":{"line":76,"column":2},"end":{"line":154,"column":4}},"36":{"start":{"line":157,"column":15},"end":{"line":285,"column":2}}},"fnMap":{"0":{"name":"MobileScreen","decl":{"start":{"line":16,"column":24},"end":{"line":16,"column":36}},"loc":{"start":{"line":16,"column":39},"end":{"line":155,"column":1}},"line":16},"1":{"name":"(anonymous_1)","decl":{"start":{"line":23,"column":26},"end":{"line":23,"column":27}},"loc":{"start":{"line":23,"column":32},"end":{"line":53,"column":3}},"line":23},"2":{"name":"(anonymous_2)","decl":{"start":{"line":46,"column":15},"end":{"line":46,"column":16}},"loc":{"start":{"line":46,"column":21},"end":{"line":52,"column":5}},"line":46},"3":{"name":"(anonymous_3)","decl":{"start":{"line":55,"column":35},"end":{"line":55,"column":36}},"loc":{"start":{"line":55,"column":53},"end":{"line":62,"column":3}},"line":55},"4":{"name":"(anonymous_4)","decl":{"start":{"line":64,"column":27},"end":{"line":64,"column":28}},"loc":{"start":{"line":64,"column":33},"end":{"line":66,"column":3}},"line":64},"5":{"name":"(anonymous_5)","decl":{"start":{"line":68,"column":29},"end":{"line":68,"column":30}},"loc":{"start":{"line":68,"column":35},"end":{"line":70,"column":3}},"line":68},"6":{"name":"(anonymous_6)","decl":{"start":{"line":72,"column":34},"end":{"line":72,"column":35}},"loc":{"start":{"line":72,"column":40},"end":{"line":74,"column":3}},"line":72}},"branchMap":{"0":{"loc":{"start":{"line":28,"column":4},"end":{"line":31,"column":5}},"type":"if","locations":[{"start":{"line":28,"column":4},"end":{"line":31,"column":5}},{"start":{},"end":{}}],"line":28},"1":{"loc":{"start":{"line":33,"column":4},"end":{"line":36,"column":5}},"type":"if","locations":[{"start":{"line":33,"column":4},"end":{"line":36,"column":5}},{"start":{},"end":{}}],"line":33},"2":{"loc":{"start":{"line":39,"column":4},"end":{"line":42,"column":5}},"type":"if","locations":[{"start":{"line":39,"column":4},"end":{"line":42,"column":5}},{"start":{},"end":{}}],"line":39},"3":{"loc":{"start":{"line":59,"column":4},"end":{"line":61,"column":5}},"type":"if","locations":[{"start":{"line":59,"column":4},"end":{"line":61,"column":5}},{"start":{},"end":{}}],"line":59},"4":{"loc":{"start":{"line":100,"column":16},"end":{"line":100,"column":54}},"type":"cond-expr","locations":[{"start":{"line":100,"column":24},"end":{"line":100,"column":47}},{"start":{"line":100,"column":50},"end":{"line":100,"column":54}}],"line":100},"5":{"loc":{"start":{"line":108,"column":41},"end":{"line":108,"column":73}},"type":"cond-expr","locations":[{"start":{"line":108,"column":49},"end":{"line":108,"column":66}},{"start":{"line":108,"column":69},"end":{"line":108,"column":73}}],"line":108},"6":{"loc":{"start":{"line":119,"column":11},"end":{"line":119,"column":71}},"type":"cond-expr","locations":[{"start":{"line":119,"column":19},"end":{"line":119,"column":64}},{"start":{"line":119,"column":67},"end":{"line":119,"column":71}}],"line":119},"7":{"loc":{"start":{"line":141,"column":12},"end":{"line":141,"column":71}},"type":"binary-expr","locations":[{"start":{"line":141,"column":13},"end":{"line":141,"column":22}},{"start":{"line":141,"column":26},"end":{"line":141,"column":39}},{"start":{"line":141,"column":44},"end":{"line":141,"column":71}}],"line":141},"8":{"loc":{"start":{"line":144,"column":20},"end":{"line":144,"column":46}},"type":"binary-expr","locations":[{"start":{"line":144,"column":20},"end":{"line":144,"column":29}},{"start":{"line":144,"column":33},"end":{"line":144,"column":46}}],"line":144},"9":{"loc":{"start":{"line":146,"column":11},"end":{"line":150,"column":11}},"type":"cond-expr","locations":[{"start":{"line":147,"column":12},"end":{"line":147,"column":71}},{"start":{"line":149,"column":12},"end":{"line":149,"column":67}}],"line":146}},"s":{"0":36,"1":36,"2":36,"3":36,"4":36,"5":36,"6":9,"7":9,"8":9,"9":0,"10":0,"11":9,"12":2,"13":2,"14":7,"15":7,"16":3,"17":3,"18":4,"19":4,"20":2,"21":2,"22":2,"23":2,"24":36,"25":11,"26":11,"27":11,"28":2,"29":36,"30":1,"31":36,"32":1,"33":36,"34":1,"35":36,"36":1},"f":{"0":36,"1":9,"2":2,"3":11,"4":1,"5":1,"6":1},"b":{"0":[0,9],"1":[2,7],"2":[3,4],"3":[2,9],"4":[5,31],"5":[5,31],"6":[5,31],"7":[36,32,18],"8":[36,32],"9":[4,32]},"_coverageSchema":"1a1c01bbd47fc00a2c39e90264f33305004495a9","hash":"eb6a754ec5ee59c2ad058a7a254bcab47419bf0e"}
,"D:\\chat-invitation\\src\\screens\\invite_screens\\PasswordScreen.tsx": {"path":"D:\\chat-invitation\\src\\screens\\invite_screens\\PasswordScreen.tsx","statementMap":{"0":{"start":{"line":22,"column":13},"end":{"line":22,"column":54}},"1":{"start":{"line":30,"column":54},"end":{"line":248,"column":1}},"2":{"start":{"line":31,"column":21},"end":{"line":31,"column":66}},"3":{"start":{"line":32,"column":34},"end":{"line":32,"column":46}},"4":{"start":{"line":33,"column":48},"end":{"line":33,"column":60}},"5":{"start":{"line":34,"column":42},"end":{"line":34,"column":57}},"6":{"start":{"line":35,"column":56},"end":{"line":35,"column":71}},"7":{"start":{"line":36,"column":44},"end":{"line":36,"column":56}},"8":{"start":{"line":37,"column":58},"end":{"line":37,"column":70}},"9":{"start":{"line":39,"column":16},"end":{"line":39,"column":58}},"10":{"start":{"line":41,"column":27},"end":{"line":64,"column":3}},"11":{"start":{"line":42,"column":4},"end":{"line":45,"column":5}},"12":{"start":{"line":43,"column":6},"end":{"line":43,"column":50}},"13":{"start":{"line":44,"column":6},"end":{"line":44,"column":19}},"14":{"start":{"line":47,"column":4},"end":{"line":50,"column":5}},"15":{"start":{"line":48,"column":6},"end":{"line":48,"column":70}},"16":{"start":{"line":49,"column":6},"end":{"line":49,"column":19}},"17":{"start":{"line":52,"column":4},"end":{"line":55,"column":5}},"18":{"start":{"line":53,"column":6},"end":{"line":53,"column":76}},"19":{"start":{"line":54,"column":6},"end":{"line":54,"column":19}},"20":{"start":{"line":57,"column":4},"end":{"line":60,"column":5}},"21":{"start":{"line":58,"column":6},"end":{"line":58,"column":68}},"22":{"start":{"line":59,"column":6},"end":{"line":59,"column":19}},"23":{"start":{"line":62,"column":4},"end":{"line":62,"column":25}},"24":{"start":{"line":63,"column":4},"end":{"line":63,"column":16}},"25":{"start":{"line":66,"column":34},"end":{"line":79,"column":3}},"26":{"start":{"line":67,"column":4},"end":{"line":70,"column":5}},"27":{"start":{"line":68,"column":6},"end":{"line":68,"column":62}},"28":{"start":{"line":69,"column":6},"end":{"line":69,"column":19}},"29":{"start":{"line":72,"column":4},"end":{"line":75,"column":5}},"30":{"start":{"line":73,"column":6},"end":{"line":73,"column":56}},"31":{"start":{"line":74,"column":6},"end":{"line":74,"column":19}},"32":{"start":{"line":77,"column":4},"end":{"line":77,"column":32}},"33":{"start":{"line":78,"column":4},"end":{"line":78,"column":16}},"34":{"start":{"line":81,"column":31},"end":{"line":96,"column":3}},"35":{"start":{"line":82,"column":4},"end":{"line":82,"column":23}},"36":{"start":{"line":83,"column":4},"end":{"line":87,"column":5}},"37":{"start":{"line":84,"column":6},"end":{"line":84,"column":30}},"38":{"start":{"line":86,"column":6},"end":{"line":86,"column":27}},"39":{"start":{"line":89,"column":4},"end":{"line":95,"column":5}},"40":{"start":{"line":90,"column":6},"end":{"line":94,"column":7}},"41":{"start":{"line":91,"column":8},"end":{"line":91,"column":58}},"42":{"start":{"line":93,"column":8},"end":{"line":93,"column":36}},"43":{"start":{"line":98,"column":38},"end":{"line":105,"column":3}},"44":{"start":{"line":99,"column":4},"end":{"line":99,"column":30}},"45":{"start":{"line":100,"column":4},"end":{"line":104,"column":5}},"46":{"start":{"line":101,"column":6},"end":{"line":101,"column":37}},"47":{"start":{"line":103,"column":6},"end":{"line":103,"column":34}},"48":{"start":{"line":107,"column":23},"end":{"line":114,"column":3}},"49":{"start":{"line":108,"column":28},"end":{"line":108,"column":54}},"50":{"start":{"line":109,"column":35},"end":{"line":109,"column":75}},"51":{"start":{"line":111,"column":4},"end":{"line":113,"column":5}},"52":{"start":{"line":112,"column":6},"end":{"line":112,"column":53}},"53":{"start":{"line":116,"column":23},"end":{"line":116,"column":48}},"54":{"start":{"line":116,"column":29},"end":{"line":116,"column":48}},"55":{"start":{"line":117,"column":27},"end":{"line":117,"column":72}},"56":{"start":{"line":117,"column":33},"end":{"line":117,"column":72}},"57":{"start":{"line":118,"column":29},"end":{"line":118,"column":72}},"58":{"start":{"line":118,"column":35},"end":{"line":118,"column":72}},"59":{"start":{"line":120,"column":2},"end":{"line":247,"column":4}},"60":{"start":{"line":175,"column":35},"end":{"line":175,"column":65}},"61":{"start":{"line":206,"column":35},"end":{"line":206,"column":79}},"62":{"start":{"line":250,"column":15},"end":{"line":373,"column":2}}},"fnMap":{"0":{"name":"(anonymous_0)","decl":{"start":{"line":30,"column":54},"end":{"line":30,"column":55}},"loc":{"start":{"line":30,"column":69},"end":{"line":248,"column":1}},"line":30},"1":{"name":"(anonymous_1)","decl":{"start":{"line":41,"column":27},"end":{"line":41,"column":28}},"loc":{"start":{"line":41,"column":46},"end":{"line":64,"column":3}},"line":41},"2":{"name":"(anonymous_2)","decl":{"start":{"line":66,"column":34},"end":{"line":66,"column":35}},"loc":{"start":{"line":66,"column":53},"end":{"line":79,"column":3}},"line":66},"3":{"name":"(anonymous_3)","decl":{"start":{"line":81,"column":31},"end":{"line":81,"column":32}},"loc":{"start":{"line":81,"column":50},"end":{"line":96,"column":3}},"line":81},"4":{"name":"(anonymous_4)","decl":{"start":{"line":98,"column":38},"end":{"line":98,"column":39}},"loc":{"start":{"line":98,"column":57},"end":{"line":105,"column":3}},"line":98},"5":{"name":"(anonymous_5)","decl":{"start":{"line":107,"column":23},"end":{"line":107,"column":24}},"loc":{"start":{"line":107,"column":29},"end":{"line":114,"column":3}},"line":107},"6":{"name":"(anonymous_6)","decl":{"start":{"line":116,"column":23},"end":{"line":116,"column":24}},"loc":{"start":{"line":116,"column":29},"end":{"line":116,"column":48}},"line":116},"7":{"name":"(anonymous_7)","decl":{"start":{"line":117,"column":27},"end":{"line":117,"column":28}},"loc":{"start":{"line":117,"column":33},"end":{"line":117,"column":72}},"line":117},"8":{"name":"(anonymous_8)","decl":{"start":{"line":118,"column":29},"end":{"line":118,"column":30}},"loc":{"start":{"line":118,"column":35},"end":{"line":118,"column":72}},"line":118},"9":{"name":"(anonymous_9)","decl":{"start":{"line":175,"column":29},"end":{"line":175,"column":30}},"loc":{"start":{"line":175,"column":35},"end":{"line":175,"column":65}},"line":175},"10":{"name":"(anonymous_10)","decl":{"start":{"line":206,"column":29},"end":{"line":206,"column":30}},"loc":{"start":{"line":206,"column":35},"end":{"line":206,"column":79}},"line":206}},"branchMap":{"0":{"loc":{"start":{"line":39,"column":16},"end":{"line":39,"column":58}},"type":"binary-expr","locations":[{"start":{"line":39,"column":16},"end":{"line":39,"column":36}},{"start":{"line":39,"column":40},"end":{"line":39,"column":58}}],"line":39},"1":{"loc":{"start":{"line":42,"column":4},"end":{"line":45,"column":5}},"type":"if","locations":[{"start":{"line":42,"column":4},"end":{"line":45,"column":5}},{"start":{},"end":{}}],"line":42},"2":{"loc":{"start":{"line":47,"column":4},"end":{"line":50,"column":5}},"type":"if","locations":[{"start":{"line":47,"column":4},"end":{"line":50,"column":5}},{"start":{},"end":{}}],"line":47},"3":{"loc":{"start":{"line":52,"column":4},"end":{"line":55,"column":5}},"type":"if","locations":[{"start":{"line":52,"column":4},"end":{"line":55,"column":5}},{"start":{},"end":{}}],"line":52},"4":{"loc":{"start":{"line":57,"column":4},"end":{"line":60,"column":5}},"type":"if","locations":[{"start":{"line":57,"column":4},"end":{"line":60,"column":5}},{"start":{},"end":{}}],"line":57},"5":{"loc":{"start":{"line":67,"column":4},"end":{"line":70,"column":5}},"type":"if","locations":[{"start":{"line":67,"column":4},"end":{"line":70,"column":5}},{"start":{},"end":{}}],"line":67},"6":{"loc":{"start":{"line":72,"column":4},"end":{"line":75,"column":5}},"type":"if","locations":[{"start":{"line":72,"column":4},"end":{"line":75,"column":5}},{"start":{},"end":{}}],"line":72},"7":{"loc":{"start":{"line":72,"column":8},"end":{"line":72,"column":38}},"type":"binary-expr","locations":[{"start":{"line":72,"column":8},"end":{"line":72,"column":16}},{"start":{"line":72,"column":20},"end":{"line":72,"column":38}}],"line":72},"8":{"loc":{"start":{"line":83,"column":4},"end":{"line":87,"column":5}},"type":"if","locations":[{"start":{"line":83,"column":4},"end":{"line":87,"column":5}},{"start":{"line":85,"column":11},"end":{"line":87,"column":5}}],"line":83},"9":{"loc":{"start":{"line":89,"column":4},"end":{"line":95,"column":5}},"type":"if","locations":[{"start":{"line":89,"column":4},"end":{"line":95,"column":5}},{"start":{},"end":{}}],"line":89},"10":{"loc":{"start":{"line":90,"column":6},"end":{"line":94,"column":7}},"type":"if","locations":[{"start":{"line":90,"column":6},"end":{"line":94,"column":7}},{"start":{"line":92,"column":13},"end":{"line":94,"column":7}}],"line":90},"11":{"loc":{"start":{"line":100,"column":4},"end":{"line":104,"column":5}},"type":"if","locations":[{"start":{"line":100,"column":4},"end":{"line":104,"column":5}},{"start":{"line":102,"column":11},"end":{"line":104,"column":5}}],"line":100},"12":{"loc":{"start":{"line":111,"column":4},"end":{"line":113,"column":5}},"type":"if","locations":[{"start":{"line":111,"column":4},"end":{"line":113,"column":5}},{"start":{},"end":{}}],"line":111},"13":{"loc":{"start":{"line":111,"column":8},"end":{"line":111,"column":49}},"type":"binary-expr","locations":[{"start":{"line":111,"column":8},"end":{"line":111,"column":23}},{"start":{"line":111,"column":27},"end":{"line":111,"column":49}}],"line":111},"14":{"loc":{"start":{"line":123,"column":16},"end":{"line":123,"column":60}},"type":"cond-expr","locations":[{"start":{"line":123,"column":40},"end":{"line":123,"column":49}},{"start":{"line":123,"column":52},"end":{"line":123,"column":60}}],"line":123},"15":{"loc":{"start":{"line":124,"column":30},"end":{"line":124,"column":60}},"type":"cond-expr","locations":[{"start":{"line":124,"column":54},"end":{"line":124,"column":56}},{"start":{"line":124,"column":59},"end":{"line":124,"column":60}}],"line":124},"16":{"loc":{"start":{"line":173,"column":17},"end":{"line":184,"column":17}},"type":"binary-expr","locations":[{"start":{"line":173,"column":17},"end":{"line":173,"column":36}},{"start":{"line":174,"column":18},"end":{"line":183,"column":37}}],"line":173},"17":{"loc":{"start":{"line":179,"column":28},"end":{"line":179,"column":60}},"type":"cond-expr","locations":[{"start":{"line":179,"column":43},"end":{"line":179,"column":52}},{"start":{"line":179,"column":55},"end":{"line":179,"column":60}}],"line":179},"18":{"loc":{"start":{"line":186,"column":15},"end":{"line":188,"column":22}},"type":"cond-expr","locations":[{"start":{"line":187,"column":16},"end":{"line":187,"column":69}},{"start":{"line":188,"column":18},"end":{"line":188,"column":22}}],"line":186},"19":{"loc":{"start":{"line":204,"column":17},"end":{"line":215,"column":17}},"type":"binary-expr","locations":[{"start":{"line":204,"column":17},"end":{"line":204,"column":43}},{"start":{"line":205,"column":18},"end":{"line":214,"column":37}}],"line":204},"20":{"loc":{"start":{"line":210,"column":28},"end":{"line":210,"column":67}},"type":"cond-expr","locations":[{"start":{"line":210,"column":50},"end":{"line":210,"column":59}},{"start":{"line":210,"column":62},"end":{"line":210,"column":67}}],"line":210},"21":{"loc":{"start":{"line":217,"column":15},"end":{"line":219,"column":22}},"type":"cond-expr","locations":[{"start":{"line":218,"column":16},"end":{"line":218,"column":76}},{"start":{"line":219,"column":18},"end":{"line":219,"column":22}}],"line":217}},"s":{"0":1,"1":1,"2":50,"3":50,"4":50,"5":50,"6":50,"7":50,"8":50,"9":50,"10":50,"11":20,"12":1,"13":1,"14":19,"15":6,"16":6,"17":13,"18":1,"19":1,"20":12,"21":1,"22":1,"23":11,"24":11,"25":50,"26":10,"27":4,"28":4,"29":6,"30":2,"31":2,"32":4,"33":4,"34":50,"35":16,"36":16,"37":15,"38":1,"39":16,"40":1,"41":1,"42":0,"43":50,"44":6,"45":6,"46":5,"47":1,"48":50,"49":5,"50":5,"51":5,"52":1,"53":50,"54":0,"55":50,"56":1,"57":50,"58":1,"59":50,"60":0,"61":0,"62":1},"f":{"0":50,"1":20,"2":10,"3":16,"4":6,"5":5,"6":0,"7":1,"8":1,"9":0,"10":0},"b":{"0":[50,1],"1":[1,19],"2":[6,13],"3":[1,12],"4":[1,11],"5":[4,6],"6":[2,4],"7":[6,5],"8":[15,1],"9":[1,15],"10":[1,0],"11":[5,1],"12":[1,4],"13":[5,2],"14":[50,0],"15":[50,0],"16":[50,24],"17":[0,24],"18":[9,41],"19":[50,7],"20":[0,7],"21":[7,43]},"_coverageSchema":"1a1c01bbd47fc00a2c39e90264f33305004495a9","hash":"8c82768588eb3be02600a5ec2731aaf4991157ad"}
,"D:\\chat-invitation\\src\\styles\\theme.ts": {"path":"D:\\chat-invitation\\src\\styles\\theme.ts","statementMap":{"0":{"start":{"line":17,"column":22},"end":{"line":31,"column":1}},"1":{"start":{"line":34,"column":20},"end":{"line":48,"column":1}},"2":{"start":{"line":59,"column":21},"end":{"line":68,"column":1}}},"fnMap":{},"branchMap":{},"s":{"0":11,"1":11,"2":11},"f":{},"b":{},"_coverageSchema":"1a1c01bbd47fc00a2c39e90264f33305004495a9","hash":"70a50a0962edb33afc0cbdbe0ab4666929d9d8f1"}
}
