TN:
SF:src\LoginEmailOtp.tsx
FN:26,(anonymous_0)
FN:38,(anonymous_1)
FN:44,(anonymous_2)
FN:46,(anonymous_3)
FN:47,(anonymous_4)
FN:49,(anonymous_5)
FN:53,(anonymous_6)
FN:70,(anonymous_7)
FN:76,(anonymous_8)
FN:104,(anonymous_9)
FN:115,(anonymous_10)
FN:122,(anonymous_11)
FN:126,(anonymous_12)
FN:131,(anonymous_13)
FN:134,(anonymous_14)
FN:165,(anonymous_15)
FN:168,(anonymous_16)
FN:177,(anonymous_17)
FN:178,(anonymous_18)
FNF:19
FNH:0
FNDA:0,(anonymous_0)
FNDA:0,(anonymous_1)
FNDA:0,(anonymous_2)
FNDA:0,(anonymous_3)
FNDA:0,(anonymous_4)
FNDA:0,(anonymous_5)
FNDA:0,(anonymous_6)
FNDA:0,(anonymous_7)
FNDA:0,(anonymous_8)
FNDA:0,(anonymous_9)
FNDA:0,(anonymous_10)
FNDA:0,(anonymous_11)
FNDA:0,(anonymous_12)
FNDA:0,(anonymous_13)
FNDA:0,(anonymous_14)
FNDA:0,(anonymous_15)
FNDA:0,(anonymous_16)
FNDA:0,(anonymous_17)
FNDA:0,(anonymous_18)
DA:26,0
DA:27,0
DA:28,0
DA:29,0
DA:30,0
DA:31,0
DA:32,0
DA:33,0
DA:34,0
DA:36,0
DA:38,0
DA:39,0
DA:40,0
DA:41,0
DA:44,0
DA:45,0
DA:46,0
DA:47,0
DA:49,0
DA:53,0
DA:54,0
DA:55,0
DA:56,0
DA:57,0
DA:59,0
DA:60,0
DA:61,0
DA:64,0
DA:65,0
DA:70,0
DA:71,0
DA:72,0
DA:76,0
DA:77,0
DA:78,0
DA:79,0
DA:80,0
DA:81,0
DA:84,0
DA:85,0
DA:86,0
DA:87,0
DA:90,0
DA:91,0
DA:92,0
DA:93,0
DA:94,0
DA:95,0
DA:97,0
DA:98,0
DA:99,0
DA:100,0
DA:104,0
DA:105,0
DA:106,0
DA:107,0
DA:108,0
DA:109,0
DA:110,0
DA:111,0
DA:112,0
DA:113,0
DA:115,0
DA:116,0
DA:117,0
DA:122,0
DA:123,0
DA:126,0
DA:127,0
DA:131,0
DA:132,0
DA:134,0
DA:135,0
DA:136,0
DA:137,0
DA:142,0
DA:166,0
DA:169,0
DA:177,0
DA:178,0
DA:248,0
LF:81
LH:0
BRDA:45,0,0,0
BRDA:45,0,1,0
BRDA:54,1,0,0
BRDA:54,1,1,0
BRDA:59,2,0,0
BRDA:59,2,1,0
BRDA:64,3,0,0
BRDA:64,3,1,0
BRDA:64,4,0,0
BRDA:64,4,1,0
BRDA:71,5,0,0
BRDA:71,5,1,0
BRDA:71,6,0,0
BRDA:71,6,1,0
BRDA:71,6,2,0
BRDA:78,7,0,0
BRDA:78,7,1,0
BRDA:84,8,0,0
BRDA:84,8,1,0
BRDA:90,9,0,0
BRDA:90,9,1,0
BRDA:105,10,0,0
BRDA:105,10,1,0
BRDA:145,11,0,0
BRDA:145,11,1,0
BRDA:169,12,0,0
BRDA:169,12,1,0
BRDA:173,13,0,0
BRDA:173,13,1,0
BRDA:174,14,0,0
BRDA:174,14,1,0
BRDA:187,15,0,0
BRDA:187,15,1,0
BRDA:192,16,0,0
BRDA:192,16,1,0
BRDA:207,17,0,0
BRDA:207,17,1,0
BRF:37
BRH:0
end_of_record
TN:
SF:src\images.d.ts
FNF:0
FNH:0
LF:0
LH:0
BRF:0
BRH:0
end_of_record
TN:
SF:src\components\Email.tsx
FN:17,(anonymous_0)
FN:29,(anonymous_1)
FN:31,(anonymous_2)
FN:40,(anonymous_3)
FN:49,(anonymous_4)
FN:50,(anonymous_5)
FN:54,(anonymous_6)
FN:58,(anonymous_7)
FN:59,(anonymous_8)
FN:61,(anonymous_9)
FN:65,(anonymous_10)
FN:68,(anonymous_11)
FN:76,(anonymous_12)
FN:83,(anonymous_13)
FN:96,(anonymous_14)
FN:100,(anonymous_15)
FN:122,(anonymous_16)
FN:123,(anonymous_17)
FN:124,(anonymous_18)
FN:139,(anonymous_19)
FN:140,(anonymous_20)
FN:141,(anonymous_21)
FNF:22
FNH:18
FNDA:19,(anonymous_0)
FNDA:8,(anonymous_1)
FNDA:5,(anonymous_2)
FNDA:3,(anonymous_3)
FNDA:6,(anonymous_4)
FNDA:6,(anonymous_5)
FNDA:0,(anonymous_6)
FNDA:0,(anonymous_7)
FNDA:2,(anonymous_8)
FNDA:2,(anonymous_9)
FNDA:2,(anonymous_10)
FNDA:2,(anonymous_11)
FNDA:2,(anonymous_12)
FNDA:2,(anonymous_13)
FNDA:1,(anonymous_14)
FNDA:38,(anonymous_15)
FNDA:4,(anonymous_16)
FNDA:0,(anonymous_17)
FNDA:1,(anonymous_18)
FNDA:2,(anonymous_19)
FNDA:0,(anonymous_20)
FNDA:1,(anonymous_21)
DA:17,1
DA:18,19
DA:19,19
DA:23,19
DA:24,19
DA:25,19
DA:29,19
DA:30,19
DA:32,5
DA:39,19
DA:41,3
DA:49,19
DA:50,6
DA:51,6
DA:53,0
DA:54,0
DA:58,19
DA:59,19
DA:60,2
DA:61,2
DA:62,2
DA:64,2
DA:65,2
DA:68,19
DA:69,2
DA:70,2
DA:71,2
DA:72,2
DA:73,2
DA:76,19
DA:77,2
DA:78,1
DA:79,1
DA:83,19
DA:84,2
DA:85,2
DA:86,1
DA:87,1
DA:88,1
DA:91,1
DA:96,19
DA:97,1
DA:100,38
DA:107,19
DA:109,19
DA:111,19
DA:122,4
DA:123,0
DA:124,1
DA:139,2
DA:140,0
DA:141,1
DA:188,1
LF:53
LH:49
BRDA:32,0,0,1
BRDA:32,0,1,4
BRDA:34,1,0,2
BRDA:34,1,1,2
BRDA:41,2,0,1
BRDA:41,2,1,2
BRDA:43,3,0,0
BRDA:43,3,1,2
BRDA:51,4,0,0
BRDA:51,4,1,6
BRDA:53,5,0,0
BRDA:53,5,1,0
BRDA:64,6,0,1
BRDA:64,6,1,1
BRDA:73,7,0,2
BRDA:73,7,1,1
BRDA:77,8,0,1
BRDA:77,8,1,1
BRDA:85,9,0,1
BRDA:85,9,1,1
BRDA:102,10,0,38
BRDA:102,10,1,0
BRDA:103,11,0,38
BRDA:103,11,1,5
BRDA:103,11,2,5
BRDA:107,12,0,19
BRDA:107,12,1,15
BRDA:107,12,2,15
BRDA:107,12,3,7
BRDA:109,13,0,19
BRDA:109,13,1,15
BRDA:131,14,0,19
BRDA:131,14,1,4
BRDA:131,14,2,4
BRDA:148,15,0,19
BRDA:148,15,1,1
BRDA:148,15,2,1
BRDA:160,16,0,19
BRDA:160,16,1,16
BRDA:169,17,0,19
BRDA:169,17,1,12
BRF:41
BRH:36
end_of_record
TN:
SF:src\components\Mobile.tsx
FN:16,(anonymous_0)
FN:25,(anonymous_1)
FN:38,(anonymous_2)
FN:62,(anonymous_3)
FN:82,(anonymous_4)
FNF:5
FNH:5
FNDA:17,(anonymous_0)
FNDA:4,(anonymous_1)
FNDA:2,(anonymous_2)
FNDA:4,(anonymous_3)
FNDA:2,(anonymous_4)
DA:16,1
DA:17,17
DA:18,17
DA:19,17
DA:20,17
DA:21,17
DA:22,17
DA:23,17
DA:25,17
DA:26,4
DA:27,1
DA:28,1
DA:30,3
DA:31,3
DA:32,3
DA:33,3
DA:34,3
DA:35,3
DA:38,17
DA:39,2
DA:40,0
DA:41,0
DA:43,2
DA:44,1
DA:45,1
DA:47,1
DA:51,17
DA:63,4
DA:64,4
DA:83,2
DA:84,2
DA:104,1
LF:32
LH:30
BRDA:26,0,0,1
BRDA:26,0,1,3
BRDA:39,1,0,0
BRDA:39,1,1,2
BRDA:43,2,0,1
BRDA:43,2,1,1
BRDA:68,3,0,1
BRDA:68,3,1,16
BRDA:74,4,0,17
BRDA:74,4,1,7
BRDA:87,5,0,1
BRDA:87,5,1,6
BRF:12
BRH:11
end_of_record
TN:
SF:src\components\OtpGeneration.tsx
FN:2,(anonymous_0)
FNF:1
FNH:1
FNDA:4,(anonymous_0)
DA:2,1
DA:3,4
LF:2
LH:2
BRF:0
BRH:0
end_of_record
TN:
SF:src\components\contacts\ContactCard.tsx
FN:16,(anonymous_0)
FNF:1
FNH:1
FNDA:12,(anonymous_0)
DA:16,2
DA:25,12
DA:58,2
LF:3
LH:3
BRDA:20,0,0,3
BRDA:27,1,0,12
BRDA:27,1,1,2
BRDA:32,2,0,12
BRDA:32,2,1,3
BRDA:33,3,0,3
BRDA:33,3,1,2
BRDA:34,4,0,3
BRDA:34,4,1,2
BRDA:38,5,0,0
BRDA:38,5,1,12
BRDA:43,6,0,12
BRDA:43,6,1,0
BRDA:49,7,0,12
BRDA:49,7,1,0
BRDA:50,8,0,12
BRDA:50,8,1,12
BRF:17
BRH:14
end_of_record
TN:
SF:src\components\contacts\ContactList.tsx
FN:22,(anonymous_0)
FN:32,(anonymous_1)
FN:33,(anonymous_2)
FN:41,(anonymous_3)
FN:42,(anonymous_4)
FNF:5
FNH:5
FNDA:5,(anonymous_0)
FNDA:12,(anonymous_1)
FNDA:8,(anonymous_2)
FNDA:1,(anonymous_3)
FNDA:1,(anonymous_4)
DA:22,1
DA:29,5
DA:32,12
DA:34,8
DA:41,1
DA:42,1
DA:55,1
LF:7
LH:7
BRDA:36,0,0,8
BRDA:36,0,1,0
BRDA:38,1,0,0
BRDA:38,1,1,8
BRF:4
BRH:2
end_of_record
TN:
SF:src\components\contacts\ContactPermission.tsx
FN:10,(anonymous_0)
FNF:1
FNH:1
FNDA:3,(anonymous_0)
DA:10,1
DA:11,3
DA:23,1
LF:3
LH:3
BRDA:13,0,0,3
BRDA:13,0,1,2
BRF:2
BRH:2
end_of_record
TN:
SF:src\components\contacts\ContactSearch.tsx
FN:10,(anonymous_0)
FNF:1
FNH:1
FNDA:2,(anonymous_0)
DA:10,1
DA:11,2
DA:24,1
LF:3
LH:3
BRF:0
BRH:0
end_of_record
TN:
SF:src\navigation\RootStackNavigation.tsx
FN:50,(anonymous_0)
FNF:1
FNH:0
FNDA:0,(anonymous_0)
DA:48,0
DA:50,0
DA:51,0
DA:95,0
LF:4
LH:0
BRF:0
BRH:0
end_of_record
TN:
SF:src\screens\ContactHome.tsx
FN:36,(anonymous_0)
FN:51,(anonymous_1)
FN:65,(anonymous_2)
FN:66,(anonymous_3)
FN:77,(anonymous_4)
FN:81,(anonymous_5)
FN:89,(anonymous_6)
FN:93,(anonymous_7)
FN:101,(anonymous_8)
FN:102,(anonymous_9)
FN:110,(anonymous_10)
FN:124,(anonymous_11)
FN:131,(anonymous_12)
FN:133,(anonymous_13)
FN:134,(anonymous_14)
FN:180,(anonymous_15)
FNF:16
FNH:0
FNDA:0,(anonymous_0)
FNDA:0,(anonymous_1)
FNDA:0,(anonymous_2)
FNDA:0,(anonymous_3)
FNDA:0,(anonymous_4)
FNDA:0,(anonymous_5)
FNDA:0,(anonymous_6)
FNDA:0,(anonymous_7)
FNDA:0,(anonymous_8)
FNDA:0,(anonymous_9)
FNDA:0,(anonymous_10)
FNDA:0,(anonymous_11)
FNDA:0,(anonymous_12)
FNDA:0,(anonymous_13)
FNDA:0,(anonymous_14)
FNDA:0,(anonymous_15)
DA:36,0
DA:37,0
DA:38,0
DA:39,0
DA:40,0
DA:43,0
DA:45,0
DA:46,0
DA:49,0
DA:51,0
DA:52,0
DA:53,0
DA:54,0
DA:55,0
DA:56,0
DA:57,0
DA:58,0
DA:60,0
DA:61,0
DA:64,0
DA:65,0
DA:66,0
DA:67,0
DA:68,0
DA:69,0
DA:71,0
DA:72,0
DA:73,0
DA:77,0
DA:78,0
DA:81,0
DA:82,0
DA:83,0
DA:85,0
DA:86,0
DA:87,0
DA:89,0
DA:90,0
DA:91,0
DA:92,0
DA:93,0
DA:94,0
DA:97,0
DA:101,0
DA:102,0
DA:103,0
DA:104,0
DA:105,0
DA:109,0
DA:111,0
DA:112,0
DA:123,0
DA:125,0
DA:126,0
DA:131,0
DA:132,0
DA:134,0
DA:135,0
DA:145,0
DA:146,0
DA:148,0
DA:149,0
DA:150,0
DA:152,0
DA:155,0
DA:156,0
DA:157,0
DA:160,0
DA:161,0
DA:169,0
DA:170,0
DA:173,0
DA:181,0
DA:182,0
DA:221,0
LF:75
LH:0
BRDA:55,0,0,0
BRDA:55,0,1,0
BRDA:66,1,0,0
BRDA:66,1,1,0
BRDA:66,2,0,0
BRDA:66,2,1,0
BRDA:83,3,0,0
BRDA:83,3,1,0
BRDA:90,4,0,0
BRDA:90,4,1,0
BRDA:92,5,0,0
BRDA:92,5,1,0
BRDA:92,6,0,0
BRDA:92,6,1,0
BRDA:94,7,0,0
BRDA:94,7,1,0
BRDA:97,8,0,0
BRDA:97,8,1,0
BRDA:104,9,0,0
BRDA:104,9,1,0
BRDA:111,10,0,0
BRDA:111,10,1,0
BRDA:113,11,0,0
BRDA:113,11,1,0
BRDA:114,12,0,0
BRDA:114,12,1,0
BRDA:115,13,0,0
BRDA:115,13,1,0
BRDA:125,14,0,0
BRDA:125,14,1,0
BRDA:135,15,0,0
BRDA:135,15,1,0
BRDA:138,16,0,0
BRDA:138,16,1,0
BRDA:145,17,0,0
BRDA:145,17,1,0
BRDA:160,18,0,0
BRDA:160,18,1,0
BRDA:160,19,0,0
BRDA:160,19,1,0
BRDA:169,20,0,0
BRDA:169,20,1,0
BRDA:177,21,0,0
BRDA:177,21,1,0
BRDA:192,22,0,0
BRDA:192,22,1,0
BRDA:192,22,2,0
BRDA:206,23,0,0
BRDA:206,23,1,0
BRDA:206,23,2,0
BRF:50
BRH:0
end_of_record
TN:
SF:src\screens\ForgotPasswordConfirmation.tsx
FN:21,(anonymous_0)
FN:32,(anonymous_1)
FN:35,(anonymous_2)
FN:35,(anonymous_3)
FN:37,(anonymous_4)
FN:40,(anonymous_5)
FN:45,(anonymous_6)
FN:51,(anonymous_7)
FN:54,(anonymous_8)
FN:66,(anonymous_9)
FN:73,(anonymous_10)
FN:114,(anonymous_11)
FN:141,(anonymous_12)
FNF:13
FNH:0
FNDA:0,(anonymous_0)
FNDA:0,(anonymous_1)
FNDA:0,(anonymous_2)
FNDA:0,(anonymous_3)
FNDA:0,(anonymous_4)
FNDA:0,(anonymous_5)
FNDA:0,(anonymous_6)
FNDA:0,(anonymous_7)
FNDA:0,(anonymous_8)
FNDA:0,(anonymous_9)
FNDA:0,(anonymous_10)
FNDA:0,(anonymous_11)
FNDA:0,(anonymous_12)
DA:17,0
DA:18,0
DA:19,0
DA:21,0
DA:22,0
DA:23,0
DA:24,0
DA:25,0
DA:26,0
DA:27,0
DA:28,0
DA:29,0
DA:30,0
DA:31,0
DA:32,0
DA:34,0
DA:35,0
DA:37,0
DA:40,0
DA:42,0
DA:43,0
DA:44,0
DA:45,0
DA:46,0
DA:47,0
DA:48,0
DA:51,0
DA:54,0
DA:55,0
DA:56,0
DA:57,0
DA:59,0
DA:60,0
DA:61,0
DA:63,0
DA:64,0
DA:65,0
DA:66,0
DA:67,0
DA:68,0
DA:69,0
DA:70,0
DA:73,0
DA:74,0
DA:75,0
DA:76,0
DA:78,0
DA:79,0
DA:80,0
DA:81,0
DA:83,0
DA:87,0
DA:88,0
DA:89,0
DA:90,0
DA:91,0
DA:92,0
DA:93,0
DA:97,0
DA:115,0
DA:116,0
DA:142,0
DA:143,0
DA:195,0
LF:64
LH:0
BRDA:34,0,0,0
BRDA:34,0,1,0
BRDA:42,1,0,0
BRDA:42,1,1,0
BRDA:42,2,0,0
BRDA:42,2,1,0
BRDA:51,3,0,0
BRDA:51,3,1,0
BRDA:55,4,0,0
BRDA:55,4,1,0
BRDA:59,5,0,0
BRDA:59,5,1,0
BRDA:74,6,0,0
BRDA:74,6,1,0
BRDA:78,7,0,0
BRDA:78,7,1,0
BRDA:88,8,0,0
BRDA:88,8,1,0
BRDA:88,9,0,0
BRDA:88,9,1,0
BRDA:90,10,0,0
BRDA:90,10,1,0
BRDA:122,11,0,0
BRDA:122,11,1,0
BRDA:124,12,0,0
BRDA:124,12,1,0
BRDA:124,12,2,0
BRDA:124,12,3,0
BRDA:134,13,0,0
BRDA:134,13,1,0
BRDA:147,14,0,0
BRDA:147,14,1,0
BRDA:151,15,0,0
BRDA:151,15,1,0
BRDA:155,16,0,0
BRDA:155,16,1,0
BRDA:155,16,2,0
BRDA:155,16,3,0
BRDA:155,16,4,0
BRDA:165,17,0,0
BRDA:165,17,1,0
BRDA:172,18,0,0
BRDA:172,18,1,0
BRDA:182,19,0,0
BRDA:182,19,1,0
BRDA:184,20,0,0
BRDA:184,20,1,0
BRF:47
BRH:0
end_of_record
TN:
SF:src\screens\ForgotPasswordScreen.tsx
FN:28,(anonymous_0)
FN:49,(anonymous_1)
FN:58,(anonymous_2)
FN:70,(anonymous_3)
FN:76,(anonymous_4)
FN:77,(anonymous_5)
FN:83,(anonymous_6)
FN:87,(anonymous_7)
FN:88,(anonymous_8)
FN:94,(anonymous_9)
FN:97,(anonymous_10)
FN:108,(anonymous_11)
FN:115,(anonymous_12)
FN:123,(anonymous_13)
FN:156,(anonymous_14)
FN:157,(anonymous_15)
FN:166,(anonymous_16)
FN:197,(anonymous_17)
FN:198,(anonymous_18)
FNF:19
FNH:0
FNDA:0,(anonymous_0)
FNDA:0,(anonymous_1)
FNDA:0,(anonymous_2)
FNDA:0,(anonymous_3)
FNDA:0,(anonymous_4)
FNDA:0,(anonymous_5)
FNDA:0,(anonymous_6)
FNDA:0,(anonymous_7)
FNDA:0,(anonymous_8)
FNDA:0,(anonymous_9)
FNDA:0,(anonymous_10)
FNDA:0,(anonymous_11)
FNDA:0,(anonymous_12)
FNDA:0,(anonymous_13)
FNDA:0,(anonymous_14)
FNDA:0,(anonymous_15)
FNDA:0,(anonymous_16)
FNDA:0,(anonymous_17)
FNDA:0,(anonymous_18)
DA:28,0
DA:29,0
DA:31,0
DA:35,0
DA:39,0
DA:43,0
DA:48,0
DA:49,0
DA:57,0
DA:59,0
DA:60,0
DA:61,0
DA:62,0
DA:63,0
DA:64,0
DA:65,0
DA:70,0
DA:71,0
DA:72,0
DA:73,0
DA:76,0
DA:77,0
DA:78,0
DA:80,0
DA:83,0
DA:87,0
DA:88,0
DA:89,0
DA:91,0
DA:94,0
DA:97,0
DA:98,0
DA:99,0
DA:103,0
DA:104,0
DA:105,0
DA:108,0
DA:109,0
DA:110,0
DA:111,0
DA:115,0
DA:118,0
DA:123,0
DA:124,0
DA:125,0
DA:126,0
DA:127,0
DA:128,0
DA:129,0
DA:130,0
DA:131,0
DA:132,0
DA:135,0
DA:156,0
DA:157,0
DA:167,0
DA:197,0
DA:198,0
DA:220,0
LF:59
LH:0
BRDA:59,0,0,0
BRDA:59,0,1,0
BRDA:60,1,0,0
BRDA:60,1,1,0
BRDA:62,2,0,0
BRDA:62,2,1,0
BRDA:64,3,0,0
BRDA:64,3,1,0
BRDA:71,4,0,0
BRDA:71,4,1,0
BRDA:72,5,0,0
BRDA:72,5,1,0
BRDA:78,6,0,0
BRDA:78,6,1,0
BRDA:80,7,0,0
BRDA:80,7,1,0
BRDA:91,8,0,0
BRDA:91,8,1,0
BRDA:105,9,0,0
BRDA:105,9,1,0
BRDA:109,10,0,0
BRDA:109,10,1,0
BRDA:118,11,0,0
BRDA:118,11,1,0
BRDA:118,11,2,0
BRDA:118,11,3,0
BRDA:125,12,0,0
BRDA:125,12,1,0
BRDA:127,13,0,0
BRDA:127,13,1,0
BRDA:128,14,0,0
BRDA:128,14,1,0
BRDA:129,15,0,0
BRDA:129,15,1,0
BRDA:130,16,0,0
BRDA:130,16,1,0
BRDA:138,17,0,0
BRDA:138,17,1,0
BRDA:159,18,0,0
BRDA:159,18,1,0
BRDA:159,18,2,0
BRDA:163,19,0,0
BRDA:163,19,1,0
BRDA:171,20,0,0
BRDA:171,20,1,0
BRDA:173,21,0,0
BRDA:173,21,1,0
BRDA:175,22,0,0
BRDA:175,22,1,0
BRDA:177,23,0,0
BRDA:177,23,1,0
BRDA:200,24,0,0
BRDA:200,24,1,0
BRDA:200,24,2,0
BRDA:205,25,0,0
BRDA:205,25,1,0
BRF:56
BRH:0
end_of_record
TN:
SF:src\screens\InviteContacts.tsx
FN:20,InviteContacts
FN:26,(anonymous_1)
FN:27,(anonymous_2)
FN:43,(anonymous_3)
FN:48,(anonymous_4)
FN:58,(anonymous_5)
FN:66,(anonymous_6)
FN:67,(anonymous_7)
FN:75,(anonymous_8)
FN:83,(anonymous_9)
FN:99,(anonymous_10)
FN:111,(anonymous_11)
FN:128,(anonymous_12)
FNF:13
FNH:0
FNDA:0,InviteContacts
FNDA:0,(anonymous_1)
FNDA:0,(anonymous_2)
FNDA:0,(anonymous_3)
FNDA:0,(anonymous_4)
FNDA:0,(anonymous_5)
FNDA:0,(anonymous_6)
FNDA:0,(anonymous_7)
FNDA:0,(anonymous_8)
FNDA:0,(anonymous_9)
FNDA:0,(anonymous_10)
FNDA:0,(anonymous_11)
FNDA:0,(anonymous_12)
DA:21,0
DA:22,0
DA:25,0
DA:27,0
DA:28,0
DA:29,0
DA:30,0
DA:31,0
DA:33,0
DA:36,0
DA:39,0
DA:43,0
DA:44,0
DA:49,0
DA:52,0
DA:58,0
DA:59,0
DA:67,0
DA:68,0
DA:72,0
DA:75,0
DA:83,0
DA:84,0
DA:99,0
DA:106,0
DA:111,0
DA:128,0
DA:153,0
LF:28
LH:0
BRDA:30,0,0,0
BRDA:30,0,1,0
BRDA:88,1,0,0
BRDA:88,1,1,0
BRDA:122,2,0,0
BRDA:122,2,1,0
BRDA:138,3,0,0
BRDA:138,3,1,0
BRDA:138,3,2,0
BRF:9
BRH:0
end_of_record
TN:
SF:src\screens\InviteUsers.tsx
FN:8,(anonymous_0)
FN:16,(anonymous_1)
FN:17,(anonymous_2)
FN:18,(anonymous_3)
FN:22,(anonymous_4)
FN:23,(anonymous_5)
FN:23,(anonymous_6)
FN:31,(anonymous_7)
FN:35,(anonymous_8)
FNF:9
FNH:0
FNDA:0,(anonymous_0)
FNDA:0,(anonymous_1)
FNDA:0,(anonymous_2)
FNDA:0,(anonymous_3)
FNDA:0,(anonymous_4)
FNDA:0,(anonymous_5)
FNDA:0,(anonymous_6)
FNDA:0,(anonymous_7)
FNDA:0,(anonymous_8)
DA:8,0
DA:9,0
DA:15,0
DA:16,0
DA:17,0
DA:18,0
DA:22,0
DA:23,0
DA:24,0
DA:25,0
DA:28,0
DA:32,0
DA:35,0
DA:54,0
LF:14
LH:0
BRDA:18,0,0,0
BRDA:18,0,1,0
BRDA:37,1,0,0
BRDA:37,1,1,0
BRDA:38,2,0,0
BRDA:38,2,1,0
BRF:6
BRH:0
end_of_record
TN:
SF:src\screens\LandingScreen.tsx
FN:6,(anonymous_0)
FN:18,(anonymous_1)
FN:24,(anonymous_2)
FNF:3
FNH:0
FNDA:0,(anonymous_0)
FNDA:0,(anonymous_1)
FNDA:0,(anonymous_2)
DA:6,0
DA:7,0
DA:8,0
DA:18,0
DA:24,0
DA:36,0
LF:6
LH:0
BRF:0
BRH:0
end_of_record
TN:
SF:src\screens\LoginScreen.tsx
FN:19,(anonymous_0)
FN:31,(anonymous_1)
FN:33,(anonymous_2)
FN:42,(anonymous_3)
FN:51,(anonymous_4)
FN:52,(anonymous_5)
FN:56,(anonymous_6)
FN:60,(anonymous_7)
FN:61,(anonymous_8)
FN:63,(anonymous_9)
FN:67,(anonymous_10)
FN:70,(anonymous_11)
FN:78,(anonymous_12)
FN:85,(anonymous_13)
FN:98,(anonymous_14)
FN:102,(anonymous_15)
FN:124,(anonymous_16)
FN:125,(anonymous_17)
FN:126,(anonymous_18)
FN:141,(anonymous_19)
FN:142,(anonymous_20)
FN:143,(anonymous_21)
FNF:22
FNH:21
FNDA:19,(anonymous_0)
FNDA:7,(anonymous_1)
FNDA:4,(anonymous_2)
FNDA:2,(anonymous_3)
FNDA:6,(anonymous_4)
FNDA:6,(anonymous_5)
FNDA:0,(anonymous_6)
FNDA:2,(anonymous_7)
FNDA:3,(anonymous_8)
FNDA:3,(anonymous_9)
FNDA:3,(anonymous_10)
FNDA:1,(anonymous_11)
FNDA:1,(anonymous_12)
FNDA:1,(anonymous_13)
FNDA:1,(anonymous_14)
FNDA:38,(anonymous_15)
FNDA:4,(anonymous_16)
FNDA:1,(anonymous_17)
FNDA:2,(anonymous_18)
FNDA:2,(anonymous_19)
FNDA:1,(anonymous_20)
FNDA:1,(anonymous_21)
DA:19,1
DA:20,19
DA:21,19
DA:25,19
DA:26,19
DA:27,19
DA:31,19
DA:32,19
DA:34,4
DA:41,19
DA:43,2
DA:51,19
DA:52,6
DA:53,6
DA:55,0
DA:56,0
DA:60,19
DA:61,19
DA:62,3
DA:63,3
DA:64,3
DA:66,3
DA:67,3
DA:70,19
DA:71,1
DA:72,1
DA:73,1
DA:74,1
DA:75,1
DA:78,19
DA:79,1
DA:80,1
DA:81,1
DA:85,19
DA:86,1
DA:87,1
DA:88,0
DA:89,0
DA:90,0
DA:93,1
DA:98,19
DA:99,1
DA:102,38
DA:109,19
DA:111,19
DA:113,19
DA:124,4
DA:125,1
DA:126,2
DA:141,2
DA:142,1
DA:143,1
DA:188,1
LF:53
LH:48
BRDA:34,0,0,1
BRDA:34,0,1,3
BRDA:36,1,0,1
BRDA:36,1,1,2
BRDA:43,2,0,1
BRDA:43,2,1,1
BRDA:45,3,0,0
BRDA:45,3,1,1
BRDA:53,4,0,0
BRDA:53,4,1,6
BRDA:55,5,0,0
BRDA:55,5,1,0
BRDA:66,6,0,2
BRDA:66,6,1,1
BRDA:75,7,0,1
BRDA:75,7,1,1
BRDA:79,8,0,1
BRDA:79,8,1,0
BRDA:87,9,0,0
BRDA:87,9,1,1
BRDA:104,10,0,38
BRDA:104,10,1,2
BRDA:105,11,0,38
BRDA:105,11,1,5
BRDA:105,11,2,5
BRDA:109,12,0,19
BRDA:109,12,1,15
BRDA:109,12,2,15
BRDA:109,12,3,7
BRDA:111,13,0,19
BRDA:111,13,1,15
BRDA:133,14,0,19
BRDA:133,14,1,4
BRDA:133,14,2,4
BRDA:150,15,0,19
BRDA:150,15,1,1
BRDA:150,15,2,1
BRDA:161,16,0,19
BRDA:161,16,1,16
BRDA:169,17,0,19
BRDA:169,17,1,12
BRF:41
BRH:35
end_of_record
TN:
SF:src\screens\OrganizationSelection.tsx
FN:9,(anonymous_0)
FN:15,(anonymous_1)
FN:30,(anonymous_2)
FN:44,(anonymous_3)
FN:60,(anonymous_4)
FNF:5
FNH:5
FNDA:5,(anonymous_0)
FNDA:1,(anonymous_1)
FNDA:1,(anonymous_2)
FNDA:1,(anonymous_3)
FNDA:1,(anonymous_4)
DA:9,1
DA:10,5
DA:11,5
DA:12,5
DA:13,5
DA:15,5
DA:16,1
DA:19,5
DA:30,1
DA:44,1
DA:60,1
DA:79,1
LF:12
LH:12
BRF:0
BRH:0
end_of_record
TN:
SF:src\screens\SignUpConfirmation.tsx
FN:16,(anonymous_0)
FN:23,(anonymous_1)
FN:26,(anonymous_2)
FN:27,(anonymous_3)
FN:36,(anonymous_4)
FN:39,(anonymous_5)
FN:46,(anonymous_6)
FN:72,(anonymous_7)
FNF:8
FNH:0
FNDA:0,(anonymous_0)
FNDA:0,(anonymous_1)
FNDA:0,(anonymous_2)
FNDA:0,(anonymous_3)
FNDA:0,(anonymous_4)
FNDA:0,(anonymous_5)
FNDA:0,(anonymous_6)
FNDA:0,(anonymous_7)
DA:16,0
DA:17,0
DA:18,0
DA:19,0
DA:20,0
DA:21,0
DA:23,0
DA:24,0
DA:26,0
DA:27,0
DA:28,0
DA:29,0
DA:30,0
DA:32,0
DA:36,0
DA:39,0
DA:40,0
DA:41,0
DA:42,0
DA:43,0
DA:46,0
DA:47,0
DA:48,0
DA:49,0
DA:52,0
DA:53,0
DA:54,0
DA:56,0
DA:60,0
DA:73,0
DA:74,0
DA:103,0
LF:32
LH:0
BRDA:28,0,0,0
BRDA:28,0,1,0
BRDA:47,1,0,0
BRDA:47,1,1,0
BRDA:52,2,0,0
BRDA:52,2,1,0
BRDA:78,3,0,0
BRDA:78,3,1,0
BRDA:81,4,0,0
BRDA:81,4,1,0
BRDA:88,5,0,0
BRDA:88,5,1,0
BRF:12
BRH:0
end_of_record
TN:
SF:src\screens\SignUpScreen.tsx
FN:23,(anonymous_0)
FN:43,(anonymous_1)
FN:45,(anonymous_2)
FN:47,(anonymous_3)
FN:49,(anonymous_4)
FN:54,(anonymous_5)
FN:118,(anonymous_6)
FN:128,(anonymous_7)
FN:141,(anonymous_8)
FN:145,(anonymous_9)
FN:166,(anonymous_10)
FN:170,(anonymous_11)
FN:199,(anonymous_12)
FNF:13
FNH:0
FNDA:0,(anonymous_0)
FNDA:0,(anonymous_1)
FNDA:0,(anonymous_2)
FNDA:0,(anonymous_3)
FNDA:0,(anonymous_4)
FNDA:0,(anonymous_5)
FNDA:0,(anonymous_6)
FNDA:0,(anonymous_7)
FNDA:0,(anonymous_8)
FNDA:0,(anonymous_9)
FNDA:0,(anonymous_10)
FNDA:0,(anonymous_11)
FNDA:0,(anonymous_12)
DA:23,0
DA:24,0
DA:31,0
DA:38,0
DA:39,0
DA:41,0
DA:43,0
DA:44,0
DA:45,0
DA:46,0
DA:47,0
DA:49,0
DA:50,0
DA:51,0
DA:54,0
DA:55,0
DA:56,0
DA:58,0
DA:59,0
DA:60,0
DA:61,0
DA:62,0
DA:63,0
DA:66,0
DA:67,0
DA:68,0
DA:69,0
DA:70,0
DA:71,0
DA:74,0
DA:75,0
DA:76,0
DA:77,0
DA:78,0
DA:80,0
DA:83,0
DA:84,0
DA:85,0
DA:86,0
DA:87,0
DA:88,0
DA:91,0
DA:93,0
DA:94,0
DA:95,0
DA:99,0
DA:118,0
DA:128,0
DA:141,0
DA:145,0
DA:166,0
DA:170,0
DA:199,0
DA:212,0
LF:54
LH:0
BRDA:58,0,0,0
BRDA:58,0,1,0
BRDA:61,1,0,0
BRDA:61,1,1,0
BRDA:66,2,0,0
BRDA:66,2,1,0
BRDA:69,3,0,0
BRDA:69,3,1,0
BRDA:74,4,0,0
BRDA:74,4,1,0
BRDA:77,5,0,0
BRDA:77,5,1,0
BRDA:83,6,0,0
BRDA:83,6,1,0
BRDA:86,7,0,0
BRDA:86,7,1,0
BRDA:93,8,0,0
BRDA:93,8,1,0
BRDA:102,9,0,0
BRDA:102,9,1,0
BRDA:103,10,0,0
BRDA:103,10,1,0
BRDA:120,11,0,0
BRDA:120,11,1,0
BRDA:130,12,0,0
BRDA:130,12,1,0
BRDA:149,13,0,0
BRDA:149,13,1,0
BRDA:151,14,0,0
BRDA:151,14,1,0
BRDA:155,15,0,0
BRDA:155,15,1,0
BRDA:174,16,0,0
BRDA:174,16,1,0
BRDA:177,17,0,0
BRDA:177,17,1,0
BRDA:182,18,0,0
BRDA:182,18,1,0
BRF:38
BRH:0
end_of_record
TN:
SF:src\screens\invite_screens\EmailOtp.tsx
FN:28,(anonymous_0)
FN:37,(anonymous_1)
FN:43,(anonymous_2)
FN:45,(anonymous_3)
FN:46,(anonymous_4)
FN:48,(anonymous_5)
FN:52,(anonymous_6)
FN:63,(anonymous_7)
FN:69,(anonymous_8)
FN:89,(anonymous_9)
FN:101,(anonymous_10)
FN:104,(anonymous_11)
FN:105,(anonymous_12)
FN:107,(anonymous_13)
FN:142,(anonymous_14)
FN:146,(anonymous_15)
FN:151,(anonymous_16)
FN:152,(anonymous_17)
FNF:18
FNH:11
FNDA:23,(anonymous_0)
FNDA:6,(anonymous_1)
FNDA:6,(anonymous_2)
FNDA:0,(anonymous_3)
FNDA:0,(anonymous_4)
FNDA:6,(anonymous_5)
FNDA:8,(anonymous_6)
FNDA:0,(anonymous_7)
FNDA:3,(anonymous_8)
FNDA:0,(anonymous_9)
FNDA:1,(anonymous_10)
FNDA:0,(anonymous_11)
FNDA:0,(anonymous_12)
FNDA:23,(anonymous_13)
FNDA:92,(anonymous_14)
FNDA:184,(anonymous_15)
FNDA:8,(anonymous_16)
FNDA:0,(anonymous_17)
DA:26,1
DA:28,1
DA:29,23
DA:30,23
DA:31,23
DA:32,23
DA:33,23
DA:34,23
DA:35,23
DA:37,23
DA:38,6
DA:39,6
DA:40,6
DA:43,23
DA:44,6
DA:45,6
DA:46,0
DA:48,6
DA:52,23
DA:53,8
DA:54,8
DA:55,8
DA:56,8
DA:57,8
DA:58,6
DA:63,23
DA:64,0
DA:65,0
DA:69,23
DA:70,3
DA:71,3
DA:72,1
DA:73,1
DA:75,2
DA:76,0
DA:77,0
DA:79,2
DA:80,1
DA:81,1
DA:82,1
DA:84,1
DA:85,1
DA:89,23
DA:90,0
DA:91,0
DA:92,0
DA:93,0
DA:94,0
DA:95,0
DA:96,0
DA:97,0
DA:101,23
DA:102,1
DA:104,23
DA:105,23
DA:107,23
DA:108,23
DA:109,23
DA:110,23
DA:115,23
DA:143,92
DA:147,184
DA:151,8
DA:152,0
DA:208,1
LF:65
LH:51
BRDA:44,0,0,6
BRDA:44,0,1,0
BRDA:53,1,0,8
BRDA:53,1,1,0
BRDA:57,2,0,6
BRDA:57,2,1,2
BRDA:57,3,0,8
BRDA:57,3,1,8
BRDA:64,4,0,0
BRDA:64,4,1,0
BRDA:64,5,0,0
BRDA:64,5,1,0
BRDA:64,5,2,0
BRDA:71,6,0,1
BRDA:71,6,1,2
BRDA:75,7,0,0
BRDA:75,7,1,2
BRDA:79,8,0,1
BRDA:79,8,1,1
BRDA:90,9,0,0
BRDA:90,9,1,0
BRDA:118,10,0,23
BRDA:118,10,1,0
BRDA:149,11,0,92
BRDA:149,11,1,28
BRDA:160,12,0,3
BRDA:160,12,1,20
BRDA:164,13,0,1
BRDA:164,13,1,2
BRDA:175,14,0,23
BRDA:175,14,1,23
BRF:31
BRH:20
end_of_record
TN:
SF:src\screens\invite_screens\EmailScreen.tsx
FN:23,EmailScreen
FN:27,(anonymous_1)
FN:42,(anonymous_2)
FN:43,(anonymous_3)
FN:44,(anonymous_4)
FNF:5
FNH:4
FNDA:26,EmailScreen
FNDA:15,(anonymous_1)
FNDA:1,(anonymous_2)
FNDA:1,(anonymous_3)
FNDA:0,(anonymous_4)
DA:16,1
DA:24,26
DA:25,26
DA:27,26
DA:28,15
DA:29,1
DA:30,1
DA:33,14
DA:34,14
DA:35,7
DA:36,7
DA:39,7
DA:42,26
DA:43,26
DA:44,26
DA:46,26
DA:99,1
LF:17
LH:17
BRDA:28,0,0,1
BRDA:28,0,1,14
BRDA:34,1,0,7
BRDA:34,1,1,7
BRF:4
BRH:4
end_of_record
TN:
SF:src\screens\invite_screens\MobileOtp.tsx
FN:34,(anonymous_0)
FN:44,(anonymous_1)
FN:51,(anonymous_2)
FN:53,(anonymous_3)
FN:54,(anonymous_4)
FN:56,(anonymous_5)
FN:61,(anonymous_6)
FN:73,(anonymous_7)
FN:80,(anonymous_8)
FN:100,(anonymous_9)
FN:113,(anonymous_10)
FN:118,(anonymous_11)
FN:119,(anonymous_12)
FN:122,(anonymous_13)
FN:161,(anonymous_14)
FN:164,(anonymous_15)
FN:169,(anonymous_16)
FN:170,(anonymous_17)
FNF:18
FNH:17
FNDA:78,(anonymous_0)
FNDA:17,(anonymous_1)
FNDA:26,(anonymous_2)
FNDA:300,(anonymous_3)
FNDA:300,(anonymous_4)
FNDA:21,(anonymous_5)
FNDA:31,(anonymous_6)
FNDA:1,(anonymous_7)
FNDA:5,(anonymous_8)
FNDA:4,(anonymous_9)
FNDA:0,(anonymous_10)
FNDA:1,(anonymous_11)
FNDA:1,(anonymous_12)
FNDA:78,(anonymous_13)
FNDA:312,(anonymous_14)
FNDA:624,(anonymous_15)
FNDA:31,(anonymous_16)
FNDA:1,(anonymous_17)
DA:31,1
DA:34,1
DA:35,78
DA:36,78
DA:37,78
DA:38,78
DA:39,78
DA:40,78
DA:41,78
DA:44,78
DA:45,17
DA:46,17
DA:47,17
DA:51,78
DA:52,26
DA:53,21
DA:54,300
DA:56,21
DA:61,78
DA:62,31
DA:63,30
DA:64,30
DA:65,30
DA:66,30
DA:67,23
DA:73,78
DA:74,1
DA:75,1
DA:80,78
DA:81,5
DA:82,5
DA:83,1
DA:84,1
DA:86,4
DA:87,1
DA:88,1
DA:90,3
DA:91,1
DA:92,1
DA:93,1
DA:95,2
DA:96,2
DA:100,78
DA:101,4
DA:102,4
DA:103,4
DA:104,4
DA:105,4
DA:106,4
DA:107,4
DA:108,4
DA:113,78
DA:114,0
DA:118,78
DA:119,78
DA:122,78
DA:123,78
DA:124,78
DA:125,78
DA:131,78
DA:162,312
DA:165,624
DA:169,31
DA:170,1
DA:231,1
LF:65
LH:64
BRDA:52,0,0,21
BRDA:52,0,1,5
BRDA:62,1,0,30
BRDA:62,1,1,1
BRDA:66,2,0,23
BRDA:66,2,1,7
BRDA:66,3,0,30
BRDA:66,3,1,29
BRDA:74,4,0,1
BRDA:74,4,1,0
BRDA:74,5,0,1
BRDA:74,5,1,1
BRDA:74,5,2,1
BRDA:82,6,0,1
BRDA:82,6,1,4
BRDA:86,7,0,1
BRDA:86,7,1,3
BRDA:90,8,0,1
BRDA:90,8,1,2
BRDA:101,9,0,4
BRDA:101,9,1,0
BRDA:134,10,0,78
BRDA:134,10,1,0
BRDA:167,11,0,312
BRDA:167,11,1,94
BRDA:179,12,0,6
BRDA:179,12,1,72
BRDA:183,13,0,1
BRDA:183,13,1,5
BRDA:195,14,0,78
BRDA:195,14,1,68
BRF:31
BRH:28
end_of_record
TN:
SF:src\screens\invite_screens\MobileScreen.tsx
FN:16,MobileScreen
FN:23,(anonymous_1)
FN:46,(anonymous_2)
FN:55,(anonymous_3)
FN:64,(anonymous_4)
FN:68,(anonymous_5)
FN:72,(anonymous_6)
FNF:7
FNH:7
FNDA:36,MobileScreen
FNDA:9,(anonymous_1)
FNDA:2,(anonymous_2)
FNDA:11,(anonymous_3)
FNDA:1,(anonymous_4)
FNDA:1,(anonymous_5)
FNDA:1,(anonymous_6)
DA:17,36
DA:18,36
DA:19,36
DA:20,36
DA:21,36
DA:23,36
DA:24,9
DA:26,9
DA:28,9
DA:29,0
DA:30,0
DA:33,9
DA:34,2
DA:35,2
DA:38,7
DA:39,7
DA:40,3
DA:41,3
DA:44,4
DA:46,4
DA:47,2
DA:48,2
DA:50,2
DA:51,2
DA:55,36
DA:56,11
DA:57,11
DA:59,11
DA:60,2
DA:64,36
DA:65,1
DA:68,36
DA:69,1
DA:72,36
DA:73,1
DA:76,36
DA:157,1
LF:37
LH:35
BRDA:28,0,0,0
BRDA:28,0,1,9
BRDA:33,1,0,2
BRDA:33,1,1,7
BRDA:39,2,0,3
BRDA:39,2,1,4
BRDA:59,3,0,2
BRDA:59,3,1,9
BRDA:100,4,0,5
BRDA:100,4,1,31
BRDA:108,5,0,5
BRDA:108,5,1,31
BRDA:119,6,0,5
BRDA:119,6,1,31
BRDA:141,7,0,36
BRDA:141,7,1,32
BRDA:141,7,2,18
BRDA:144,8,0,36
BRDA:144,8,1,32
BRDA:146,9,0,4
BRDA:146,9,1,32
BRF:21
BRH:20
end_of_record
TN:
SF:src\screens\invite_screens\PasswordScreen.tsx
FN:30,(anonymous_0)
FN:41,(anonymous_1)
FN:66,(anonymous_2)
FN:81,(anonymous_3)
FN:98,(anonymous_4)
FN:107,(anonymous_5)
FN:116,(anonymous_6)
FN:117,(anonymous_7)
FN:118,(anonymous_8)
FN:175,(anonymous_9)
FN:206,(anonymous_10)
FNF:11
FNH:8
FNDA:50,(anonymous_0)
FNDA:20,(anonymous_1)
FNDA:10,(anonymous_2)
FNDA:16,(anonymous_3)
FNDA:6,(anonymous_4)
FNDA:5,(anonymous_5)
FNDA:0,(anonymous_6)
FNDA:1,(anonymous_7)
FNDA:1,(anonymous_8)
FNDA:0,(anonymous_9)
FNDA:0,(anonymous_10)
DA:22,1
DA:30,1
DA:31,50
DA:32,50
DA:33,50
DA:34,50
DA:35,50
DA:36,50
DA:37,50
DA:39,50
DA:41,50
DA:42,20
DA:43,1
DA:44,1
DA:47,19
DA:48,6
DA:49,6
DA:52,13
DA:53,1
DA:54,1
DA:57,12
DA:58,1
DA:59,1
DA:62,11
DA:63,11
DA:66,50
DA:67,10
DA:68,4
DA:69,4
DA:72,6
DA:73,2
DA:74,2
DA:77,4
DA:78,4
DA:81,50
DA:82,16
DA:83,16
DA:84,15
DA:86,1
DA:89,16
DA:90,1
DA:91,1
DA:93,0
DA:98,50
DA:99,6
DA:100,6
DA:101,5
DA:103,1
DA:107,50
DA:108,5
DA:109,5
DA:111,5
DA:112,1
DA:116,50
DA:117,50
DA:118,50
DA:120,50
DA:175,0
DA:206,0
DA:250,1
LF:60
LH:57
BRDA:39,0,0,50
BRDA:39,0,1,1
BRDA:42,1,0,1
BRDA:42,1,1,19
BRDA:47,2,0,6
BRDA:47,2,1,13
BRDA:52,3,0,1
BRDA:52,3,1,12
BRDA:57,4,0,1
BRDA:57,4,1,11
BRDA:67,5,0,4
BRDA:67,5,1,6
BRDA:72,6,0,2
BRDA:72,6,1,4
BRDA:72,7,0,6
BRDA:72,7,1,5
BRDA:83,8,0,15
BRDA:83,8,1,1
BRDA:89,9,0,1
BRDA:89,9,1,15
BRDA:90,10,0,1
BRDA:90,10,1,0
BRDA:100,11,0,5
BRDA:100,11,1,1
BRDA:111,12,0,1
BRDA:111,12,1,4
BRDA:111,13,0,5
BRDA:111,13,1,2
BRDA:123,14,0,50
BRDA:123,14,1,0
BRDA:124,15,0,50
BRDA:124,15,1,0
BRDA:173,16,0,50
BRDA:173,16,1,24
BRDA:179,17,0,0
BRDA:179,17,1,24
BRDA:186,18,0,9
BRDA:186,18,1,41
BRDA:204,19,0,50
BRDA:204,19,1,7
BRDA:210,20,0,0
BRDA:210,20,1,7
BRDA:217,21,0,7
BRDA:217,21,1,43
BRF:44
BRH:39
end_of_record
TN:
SF:src\styles\theme.ts
FNF:0
FNH:0
DA:17,8
DA:34,8
DA:59,8
LF:3
LH:3
BRF:0
BRH:0
end_of_record
