TN:
SF:src\components\Email.tsx
FN:17,(anonymous_0)
FN:29,(anonymous_1)
FN:31,(anonymous_2)
FN:40,(anonymous_3)
FN:49,(anonymous_4)
FN:50,(anonymous_5)
FN:54,(anonymous_6)
FN:58,(anonymous_7)
FN:59,(anonymous_8)
FN:61,(anonymous_9)
FN:65,(anonymous_10)
FN:68,(anonymous_11)
FN:76,(anonymous_12)
FN:83,(anonymous_13)
FN:96,(anonymous_14)
FN:100,(anonymous_15)
FN:122,(anonymous_16)
FN:123,(anonymous_17)
FN:124,(anonymous_18)
FN:139,(anonymous_19)
FN:140,(anonymous_20)
FN:141,(anonymous_21)
FNF:22
FNH:18
FNDA:19,(anonymous_0)
FNDA:8,(anonymous_1)
FNDA:5,(anonymous_2)
FNDA:3,(anonymous_3)
FNDA:6,(anonymous_4)
FNDA:6,(anonymous_5)
FNDA:0,(anonymous_6)
FNDA:0,(anonymous_7)
FNDA:2,(anonymous_8)
FNDA:2,(anonymous_9)
FNDA:2,(anonymous_10)
FNDA:2,(anonymous_11)
FNDA:2,(anonymous_12)
FNDA:2,(anonymous_13)
FNDA:1,(anonymous_14)
FNDA:38,(anonymous_15)
FNDA:4,(anonymous_16)
FNDA:0,(anonymous_17)
FNDA:1,(anonymous_18)
FNDA:2,(anonymous_19)
FNDA:0,(anonymous_20)
FNDA:1,(anonymous_21)
DA:17,1
DA:18,19
DA:19,19
DA:23,19
DA:24,19
DA:25,19
DA:29,19
DA:30,19
DA:32,5
DA:39,19
DA:41,3
DA:49,19
DA:50,6
DA:51,6
DA:53,0
DA:54,0
DA:58,19
DA:59,19
DA:60,2
DA:61,2
DA:62,2
DA:64,2
DA:65,2
DA:68,19
DA:69,2
DA:70,2
DA:71,2
DA:72,2
DA:73,2
DA:76,19
DA:77,2
DA:78,1
DA:79,1
DA:83,19
DA:84,2
DA:85,2
DA:86,1
DA:87,1
DA:88,1
DA:91,1
DA:96,19
DA:97,1
DA:100,38
DA:107,19
DA:109,19
DA:111,19
DA:122,4
DA:123,0
DA:124,1
DA:139,2
DA:140,0
DA:141,1
DA:188,1
LF:53
LH:49
BRDA:32,0,0,1
BRDA:32,0,1,4
BRDA:34,1,0,2
BRDA:34,1,1,2
BRDA:41,2,0,1
BRDA:41,2,1,2
BRDA:43,3,0,0
BRDA:43,3,1,2
BRDA:51,4,0,0
BRDA:51,4,1,6
BRDA:53,5,0,0
BRDA:53,5,1,0
BRDA:64,6,0,1
BRDA:64,6,1,1
BRDA:73,7,0,2
BRDA:73,7,1,1
BRDA:77,8,0,1
BRDA:77,8,1,1
BRDA:85,9,0,1
BRDA:85,9,1,1
BRDA:102,10,0,38
BRDA:102,10,1,0
BRDA:103,11,0,38
BRDA:103,11,1,5
BRDA:103,11,2,5
BRDA:107,12,0,19
BRDA:107,12,1,15
BRDA:107,12,2,15
BRDA:107,12,3,7
BRDA:109,13,0,19
BRDA:109,13,1,15
BRDA:131,14,0,19
BRDA:131,14,1,4
BRDA:131,14,2,4
BRDA:148,15,0,19
BRDA:148,15,1,1
BRDA:148,15,2,1
BRDA:160,16,0,19
BRDA:160,16,1,16
BRDA:169,17,0,19
BRDA:169,17,1,12
BRF:41
BRH:36
end_of_record
TN:
SF:src\components\Mobile.tsx
FN:16,(anonymous_0)
FN:25,(anonymous_1)
FN:38,(anonymous_2)
FN:62,(anonymous_3)
FN:82,(anonymous_4)
FNF:5
FNH:5
FNDA:17,(anonymous_0)
FNDA:4,(anonymous_1)
FNDA:2,(anonymous_2)
FNDA:4,(anonymous_3)
FNDA:2,(anonymous_4)
DA:16,1
DA:17,17
DA:18,17
DA:19,17
DA:20,17
DA:21,17
DA:22,17
DA:23,17
DA:25,17
DA:26,4
DA:27,1
DA:28,1
DA:30,3
DA:31,3
DA:32,3
DA:33,3
DA:34,3
DA:35,3
DA:38,17
DA:39,2
DA:40,0
DA:41,0
DA:43,2
DA:44,1
DA:45,1
DA:47,1
DA:51,17
DA:63,4
DA:64,4
DA:83,2
DA:84,2
DA:104,1
LF:32
LH:30
BRDA:26,0,0,1
BRDA:26,0,1,3
BRDA:39,1,0,0
BRDA:39,1,1,2
BRDA:43,2,0,1
BRDA:43,2,1,1
BRDA:68,3,0,1
BRDA:68,3,1,16
BRDA:74,4,0,17
BRDA:74,4,1,7
BRDA:87,5,0,1
BRDA:87,5,1,6
BRF:12
BRH:11
end_of_record
TN:
SF:src\components\OtpGeneration.tsx
FN:2,(anonymous_0)
FNF:1
FNH:1
FNDA:4,(anonymous_0)
DA:2,1
DA:3,4
LF:2
LH:2
BRF:0
BRH:0
end_of_record
TN:
SF:src\components\contacts\ContactCard.tsx
FN:16,(anonymous_0)
FNF:1
FNH:1
FNDA:12,(anonymous_0)
DA:16,2
DA:25,12
DA:58,2
LF:3
LH:3
BRDA:20,0,0,3
BRDA:27,1,0,12
BRDA:27,1,1,2
BRDA:32,2,0,12
BRDA:32,2,1,3
BRDA:33,3,0,3
BRDA:33,3,1,2
BRDA:34,4,0,3
BRDA:34,4,1,2
BRDA:38,5,0,0
BRDA:38,5,1,12
BRDA:43,6,0,12
BRDA:43,6,1,0
BRDA:49,7,0,12
BRDA:49,7,1,0
BRDA:50,8,0,12
BRDA:50,8,1,12
BRF:17
BRH:0
end_of_record
TN:
SF:src\components\contacts\ContactList.tsx
FN:22,(anonymous_0)
FN:32,(anonymous_1)
FN:33,(anonymous_2)
FN:41,(anonymous_3)
FN:42,(anonymous_4)
FNF:5
FNH:5
FNDA:5,(anonymous_0)
FNDA:12,(anonymous_1)
FNDA:8,(anonymous_2)
FNDA:1,(anonymous_3)
FNDA:1,(anonymous_4)
DA:22,1
DA:29,5
DA:32,12
DA:34,8
DA:41,1
DA:42,1
DA:55,1
LF:7
LH:7
BRDA:36,0,0,8
BRDA:36,0,1,0
BRDA:38,1,0,0
BRDA:38,1,1,8
BRF:4
BRH:2
end_of_record
TN:
SF:src\components\contacts\ContactPermission.tsx
FN:10,(anonymous_0)
FNF:1
FNH:1
FNDA:3,(anonymous_0)
DA:10,1
DA:11,3
DA:23,1
LF:3
LH:3
BRDA:13,0,0,3
BRDA:13,0,1,2
BRF:2
BRH:2
end_of_record
TN:
SF:src\components\contacts\ContactSearch.tsx
FN:10,(anonymous_0)
FNF:1
FNH:1
FNDA:2,(anonymous_0)
DA:10,1
DA:11,2
DA:24,1
LF:3
LH:3
BRF:0
BRH:0
end_of_record
